2024-05-31 13:19:53.297 [restartedMain] INFO  c.e.A.ApiBibliotecaMultimediaApplication.logStarting - Starting ApiBibliotecaMultimediaApplication using Java 21 with PID 5036 (C:\Users\Alberto\Desktop\TFG\API\API_biblioteca_multimedia\API_biblioteca_multimedia\target\classes started by Alberto in C:\Users\Alberto\Desktop\TFG\API\API_biblioteca_multimedia\API_biblioteca_multimedia)
2024-05-31 13:19:53.299 [restartedMain] INFO  c.e.A.ApiBibliotecaMultimediaApplication.logStartupProfileInfo - No active profile set, falling back to 1 default profile: "default"
2024-05-31 13:19:53.345 [restartedMain] INFO  o.s.b.d.e.DevToolsPropertyDefaultsPostProcessor.logTo - Devtools property defaults active! Set 'spring.devtools.add-properties' to 'false' to disable
2024-05-31 13:19:53.345 [restartedMain] INFO  o.s.b.d.e.DevToolsPropertyDefaultsPostProcessor.logTo - For additional web related logging consider setting the 'logging.level.web' property to 'DEBUG'
2024-05-31 13:19:54.081 [restartedMain] INFO  o.s.d.r.c.RepositoryConfigurationDelegate.registerRepositoriesIn - Bootstrapping Spring Data JPA repositories in DEFAULT mode.
2024-05-31 13:19:54.129 [restartedMain] INFO  o.s.d.r.c.RepositoryConfigurationDelegate.registerRepositoriesIn - Finished Spring Data repository scanning in 41 ms. Found 2 JPA repository interfaces.
2024-05-31 13:19:54.595 [restartedMain] INFO  o.s.b.w.e.tomcat.TomcatWebServer.initialize - Tomcat initialized with port 8080 (http)
2024-05-31 13:19:54.607 [restartedMain] INFO  o.a.catalina.core.StandardService.log - Starting service [Tomcat]
2024-05-31 13:19:54.607 [restartedMain] INFO  o.a.catalina.core.StandardEngine.log - Starting Servlet engine: [Apache Tomcat/10.1.20]
2024-05-31 13:19:54.652 [restartedMain] INFO  o.a.c.c.C.[Tomcat].[localhost].[/].log - Initializing Spring embedded WebApplicationContext
2024-05-31 13:19:54.653 [restartedMain] INFO  o.s.b.w.s.c.ServletWebServerApplicationContext.prepareWebApplicationContext - Root WebApplicationContext: initialization completed in 1308 ms
2024-05-31 13:19:54.774 [restartedMain] INFO  o.h.jpa.internal.util.LogHelper.logPersistenceUnitInformation - HHH000204: Processing PersistenceUnitInfo [name: default]
2024-05-31 13:19:54.844 [restartedMain] INFO  org.hibernate.Version.logVersion - HHH000412: Hibernate ORM core version 6.4.4.Final
2024-05-31 13:19:54.879 [restartedMain] INFO  o.h.c.i.RegionFactoryInitiator.initiateService - HHH000026: Second-level cache disabled
2024-05-31 13:19:55.108 [restartedMain] INFO  o.s.o.j.p.SpringPersistenceUnitInfo.addTransformer - No LoadTimeWeaver setup: ignoring JPA class transformer
2024-05-31 13:19:55.133 [restartedMain] INFO  com.zaxxer.hikari.HikariDataSource.getConnection - HikariPool-1 - Starting...
2024-05-31 13:19:55.210 [restartedMain] INFO  com.zaxxer.hikari.pool.HikariPool.checkFailFast - HikariPool-1 - Added connection org.mariadb.jdbc.Connection@6e663e63
2024-05-31 13:19:55.212 [restartedMain] INFO  com.zaxxer.hikari.HikariDataSource.getConnection - HikariPool-1 - Start completed.
2024-05-31 13:19:55.990 [restartedMain] INFO  o.h.e.t.j.p.i.JtaPlatformInitiator.initiateService - HHH000489: No JTA platform available (set 'hibernate.transaction.jta.platform' to enable JTA platform integration)
2024-05-31 13:19:56.042 [restartedMain] INFO  o.s.o.j.LocalContainerEntityManagerFactoryBean.buildNativeEntityManagerFactory - Initialized JPA EntityManagerFactory for persistence unit 'default'
2024-05-31 13:19:56.433 [restartedMain] WARN  o.s.b.a.o.j.JpaBaseConfiguration$JpaWebConfiguration.openEntityManagerInViewInterceptor - spring.jpa.open-in-view is enabled by default. Therefore, database queries may be performed during view rendering. Explicitly configure spring.jpa.open-in-view to disable this warning
2024-05-31 13:19:56.977 [restartedMain] INFO  o.s.b.d.a.OptionalLiveReloadServer.startServer - LiveReload server is running on port 35729
2024-05-31 13:19:57.011 [restartedMain] INFO  o.s.b.w.e.tomcat.TomcatWebServer.start - Tomcat started on port 8080 (http) with context path ''
2024-05-31 13:19:57.018 [restartedMain] INFO  c.e.A.ApiBibliotecaMultimediaApplication.logStarted - Started ApiBibliotecaMultimediaApplication in 4.134 seconds (process running for 4.983)
2024-05-31 14:18:00.041 [HikariPool-1 housekeeper] WARN  com.zaxxer.hikari.pool.HikariPool.run - HikariPool-1 - Thread starvation or clock leap detected (housekeeper delta=3m51s153ms715µs800ns).
2024-05-31 14:27:37.674 [HikariPool-1 housekeeper] WARN  com.zaxxer.hikari.pool.HikariPool.run - HikariPool-1 - Thread starvation or clock leap detected (housekeeper delta=2m7s496ms598µs500ns).
2024-05-31 14:31:23.963 [HikariPool-1 housekeeper] WARN  com.zaxxer.hikari.pool.HikariPool.run - HikariPool-1 - Thread starvation or clock leap detected (housekeeper delta=1m16s251ms487µs900ns).
2024-05-31 14:40:57.684 [HikariPool-1 housekeeper] WARN  com.zaxxer.hikari.pool.HikariPool.run - HikariPool-1 - Thread starvation or clock leap detected (housekeeper delta=3m3s578ms336µs400ns).
2024-05-31 15:05:23.642 [HikariPool-1 housekeeper] WARN  com.zaxxer.hikari.pool.HikariPool.run - HikariPool-1 - Thread starvation or clock leap detected (housekeeper delta=17m25s845ms368µs600ns).
2024-05-31 15:06:32.820 [SpringApplicationShutdownHook] INFO  o.s.o.j.LocalContainerEntityManagerFactoryBean.destroy - Closing JPA EntityManagerFactory for persistence unit 'default'
2024-05-31 15:06:32.830 [SpringApplicationShutdownHook] INFO  com.zaxxer.hikari.HikariDataSource.close - HikariPool-1 - Shutdown initiated...
2024-05-31 15:06:32.833 [SpringApplicationShutdownHook] INFO  com.zaxxer.hikari.HikariDataSource.close - HikariPool-1 - Shutdown completed.
2024-05-31 23:01:48.553 [restartedMain] INFO  c.e.A.ApiBibliotecaMultimediaApplication.logStarting - Starting ApiBibliotecaMultimediaApplication using Java 21 with PID 8496 (C:\Users\Alberto\Desktop\TFG\API\API_biblioteca_multimedia\API_biblioteca_multimedia\target\classes started by Alberto in C:\Users\Alberto\Desktop\TFG\API\API_biblioteca_multimedia\API_biblioteca_multimedia)
2024-05-31 23:01:48.555 [restartedMain] INFO  c.e.A.ApiBibliotecaMultimediaApplication.logStartupProfileInfo - No active profile set, falling back to 1 default profile: "default"
2024-05-31 23:01:48.599 [restartedMain] INFO  o.s.b.d.e.DevToolsPropertyDefaultsPostProcessor.logTo - Devtools property defaults active! Set 'spring.devtools.add-properties' to 'false' to disable
2024-05-31 23:01:48.600 [restartedMain] INFO  o.s.b.d.e.DevToolsPropertyDefaultsPostProcessor.logTo - For additional web related logging consider setting the 'logging.level.web' property to 'DEBUG'
2024-05-31 23:01:49.446 [restartedMain] INFO  o.s.d.r.c.RepositoryConfigurationDelegate.registerRepositoriesIn - Bootstrapping Spring Data JPA repositories in DEFAULT mode.
2024-05-31 23:01:49.509 [restartedMain] INFO  o.s.d.r.c.RepositoryConfigurationDelegate.registerRepositoriesIn - Finished Spring Data repository scanning in 54 ms. Found 2 JPA repository interfaces.
2024-05-31 23:01:50.068 [restartedMain] INFO  o.s.b.w.e.tomcat.TomcatWebServer.initialize - Tomcat initialized with port 8080 (http)
2024-05-31 23:01:50.080 [restartedMain] INFO  o.a.catalina.core.StandardService.log - Starting service [Tomcat]
2024-05-31 23:01:50.080 [restartedMain] INFO  o.a.catalina.core.StandardEngine.log - Starting Servlet engine: [Apache Tomcat/10.1.20]
2024-05-31 23:01:50.132 [restartedMain] INFO  o.a.c.c.C.[Tomcat].[localhost].[/].log - Initializing Spring embedded WebApplicationContext
2024-05-31 23:01:50.134 [restartedMain] INFO  o.s.b.w.s.c.ServletWebServerApplicationContext.prepareWebApplicationContext - Root WebApplicationContext: initialization completed in 1534 ms
2024-05-31 23:01:50.355 [restartedMain] INFO  o.h.jpa.internal.util.LogHelper.logPersistenceUnitInformation - HHH000204: Processing PersistenceUnitInfo [name: default]
2024-05-31 23:01:50.445 [restartedMain] INFO  org.hibernate.Version.logVersion - HHH000412: Hibernate ORM core version 6.4.4.Final
2024-05-31 23:01:50.497 [restartedMain] INFO  o.h.c.i.RegionFactoryInitiator.initiateService - HHH000026: Second-level cache disabled
2024-05-31 23:01:50.761 [restartedMain] INFO  o.s.o.j.p.SpringPersistenceUnitInfo.addTransformer - No LoadTimeWeaver setup: ignoring JPA class transformer
2024-05-31 23:01:50.820 [restartedMain] INFO  com.zaxxer.hikari.HikariDataSource.getConnection - HikariPool-1 - Starting...
2024-05-31 23:01:50.913 [restartedMain] INFO  com.zaxxer.hikari.pool.HikariPool.checkFailFast - HikariPool-1 - Added connection org.mariadb.jdbc.Connection@f18703a
2024-05-31 23:01:50.915 [restartedMain] INFO  com.zaxxer.hikari.HikariDataSource.getConnection - HikariPool-1 - Start completed.
2024-05-31 23:01:51.821 [restartedMain] INFO  o.h.e.t.j.p.i.JtaPlatformInitiator.initiateService - HHH000489: No JTA platform available (set 'hibernate.transaction.jta.platform' to enable JTA platform integration)
2024-05-31 23:01:51.881 [restartedMain] INFO  o.s.o.j.LocalContainerEntityManagerFactoryBean.buildNativeEntityManagerFactory - Initialized JPA EntityManagerFactory for persistence unit 'default'
2024-05-31 23:01:52.327 [restartedMain] WARN  o.s.b.a.o.j.JpaBaseConfiguration$JpaWebConfiguration.openEntityManagerInViewInterceptor - spring.jpa.open-in-view is enabled by default. Therefore, database queries may be performed during view rendering. Explicitly configure spring.jpa.open-in-view to disable this warning
2024-05-31 23:01:52.998 [restartedMain] INFO  o.s.b.d.a.OptionalLiveReloadServer.startServer - LiveReload server is running on port 35729
2024-05-31 23:01:53.033 [restartedMain] INFO  o.s.b.w.e.tomcat.TomcatWebServer.start - Tomcat started on port 8080 (http) with context path ''
2024-05-31 23:01:53.041 [restartedMain] INFO  c.e.A.ApiBibliotecaMultimediaApplication.logStarted - Started ApiBibliotecaMultimediaApplication in 5.041 seconds (process running for 5.88)
2024-05-31 23:02:00.948 [File Watcher] INFO  o.s.b.d.a.LocalDevToolsAutoConfiguration$RestartingClassPathChangeChangedEventListener.onApplicationEvent - Restarting due to 25 class path changes (0 additions, 24 deletions, 1 modification)
2024-05-31 23:02:00.963 [Thread-5] INFO  o.s.o.j.LocalContainerEntityManagerFactoryBean.destroy - Closing JPA EntityManagerFactory for persistence unit 'default'
2024-05-31 23:02:00.969 [Thread-5] INFO  com.zaxxer.hikari.HikariDataSource.close - HikariPool-1 - Shutdown initiated...
2024-05-31 23:02:00.974 [Thread-5] INFO  com.zaxxer.hikari.HikariDataSource.close - HikariPool-1 - Shutdown completed.
2024-05-31 23:02:01.092 [restartedMain] INFO  c.e.A.ApiBibliotecaMultimediaApplication.logStarting - Starting ApiBibliotecaMultimediaApplication using Java 21 with PID 8496 (C:\Users\Alberto\Desktop\TFG\API\API_biblioteca_multimedia\API_biblioteca_multimedia\target\classes started by Alberto in C:\Users\Alberto\Desktop\TFG\API\API_biblioteca_multimedia\API_biblioteca_multimedia)
2024-05-31 23:02:01.093 [restartedMain] INFO  c.e.A.ApiBibliotecaMultimediaApplication.logStartupProfileInfo - No active profile set, falling back to 1 default profile: "default"
2024-05-31 23:02:01.296 [restartedMain] INFO  o.s.d.r.c.RepositoryConfigurationDelegate.registerRepositoriesIn - Bootstrapping Spring Data JPA repositories in DEFAULT mode.
2024-05-31 23:02:01.298 [restartedMain] INFO  o.s.d.r.c.RepositoryConfigurationDelegate.registerRepositoriesIn - Finished Spring Data repository scanning in 1 ms. Found 0 JPA repository interfaces.
2024-05-31 23:02:01.387 [restartedMain] INFO  o.s.b.w.e.tomcat.TomcatWebServer.initialize - Tomcat initialized with port 8080 (http)
2024-05-31 23:02:01.388 [restartedMain] INFO  o.a.catalina.core.StandardService.log - Starting service [Tomcat]
2024-05-31 23:02:01.389 [restartedMain] INFO  o.a.catalina.core.StandardEngine.log - Starting Servlet engine: [Apache Tomcat/10.1.20]
2024-05-31 23:02:01.409 [restartedMain] INFO  o.a.c.c.C.[Tomcat].[localhost].[/].log - Initializing Spring embedded WebApplicationContext
2024-05-31 23:02:01.409 [restartedMain] INFO  o.s.b.w.s.c.ServletWebServerApplicationContext.prepareWebApplicationContext - Root WebApplicationContext: initialization completed in 313 ms
2024-05-31 23:02:01.447 [restartedMain] INFO  o.h.jpa.internal.util.LogHelper.logPersistenceUnitInformation - HHH000204: Processing PersistenceUnitInfo [name: default]
2024-05-31 23:02:01.451 [restartedMain] INFO  o.h.c.i.RegionFactoryInitiator.initiateService - HHH000026: Second-level cache disabled
2024-05-31 23:02:01.456 [restartedMain] INFO  o.s.o.j.p.SpringPersistenceUnitInfo.addTransformer - No LoadTimeWeaver setup: ignoring JPA class transformer
2024-05-31 23:02:01.457 [restartedMain] INFO  com.zaxxer.hikari.HikariDataSource.getConnection - HikariPool-2 - Starting...
2024-05-31 23:02:01.460 [restartedMain] INFO  com.zaxxer.hikari.pool.HikariPool.checkFailFast - HikariPool-2 - Added connection org.mariadb.jdbc.Connection@5732b443
2024-05-31 23:02:01.462 [restartedMain] INFO  com.zaxxer.hikari.HikariDataSource.getConnection - HikariPool-2 - Start completed.
2024-05-31 23:02:01.477 [restartedMain] INFO  o.h.e.t.j.p.i.JtaPlatformInitiator.initiateService - HHH000489: No JTA platform available (set 'hibernate.transaction.jta.platform' to enable JTA platform integration)
2024-05-31 23:02:01.478 [restartedMain] INFO  o.s.o.j.LocalContainerEntityManagerFactoryBean.buildNativeEntityManagerFactory - Initialized JPA EntityManagerFactory for persistence unit 'default'
2024-05-31 23:02:01.529 [restartedMain] WARN  o.s.b.a.o.j.JpaBaseConfiguration$JpaWebConfiguration.openEntityManagerInViewInterceptor - spring.jpa.open-in-view is enabled by default. Therefore, database queries may be performed during view rendering. Explicitly configure spring.jpa.open-in-view to disable this warning
2024-05-31 23:02:01.838 [restartedMain] INFO  o.s.b.d.a.OptionalLiveReloadServer.startServer - LiveReload server is running on port 35729
2024-05-31 23:02:01.856 [restartedMain] INFO  o.s.b.w.e.tomcat.TomcatWebServer.start - Tomcat started on port 8080 (http) with context path ''
2024-05-31 23:02:01.861 [restartedMain] INFO  c.e.A.ApiBibliotecaMultimediaApplication.logStarted - Started ApiBibliotecaMultimediaApplication in 0.813 seconds (process running for 14.7)
2024-05-31 23:02:01.865 [restartedMain] INFO  o.s.b.d.a.ConditionEvaluationDeltaLoggingListener.onApplicationEvent - Condition evaluation unchanged
2024-05-31 23:02:03.677 [File Watcher] INFO  o.s.b.d.a.LocalDevToolsAutoConfiguration$RestartingClassPathChangeChangedEventListener.onApplicationEvent - Restarting due to 24 class path changes (24 additions, 0 deletions, 0 modifications)
2024-05-31 23:02:03.683 [Thread-7] INFO  o.s.o.j.LocalContainerEntityManagerFactoryBean.destroy - Closing JPA EntityManagerFactory for persistence unit 'default'
2024-05-31 23:02:03.685 [Thread-7] INFO  com.zaxxer.hikari.HikariDataSource.close - HikariPool-2 - Shutdown initiated...
2024-05-31 23:02:03.687 [Thread-7] INFO  com.zaxxer.hikari.HikariDataSource.close - HikariPool-2 - Shutdown completed.
2024-05-31 23:02:03.811 [restartedMain] INFO  c.e.A.ApiBibliotecaMultimediaApplication.logStarting - Starting ApiBibliotecaMultimediaApplication using Java 21 with PID 8496 (C:\Users\Alberto\Desktop\TFG\API\API_biblioteca_multimedia\API_biblioteca_multimedia\target\classes started by Alberto in C:\Users\Alberto\Desktop\TFG\API\API_biblioteca_multimedia\API_biblioteca_multimedia)
2024-05-31 23:02:03.812 [restartedMain] INFO  c.e.A.ApiBibliotecaMultimediaApplication.logStartupProfileInfo - No active profile set, falling back to 1 default profile: "default"
2024-05-31 23:02:04.162 [restartedMain] INFO  o.s.d.r.c.RepositoryConfigurationDelegate.registerRepositoriesIn - Bootstrapping Spring Data JPA repositories in DEFAULT mode.
2024-05-31 23:02:04.181 [restartedMain] INFO  o.s.d.r.c.RepositoryConfigurationDelegate.registerRepositoriesIn - Finished Spring Data repository scanning in 18 ms. Found 2 JPA repository interfaces.
2024-05-31 23:02:04.322 [restartedMain] INFO  o.s.b.w.e.tomcat.TomcatWebServer.initialize - Tomcat initialized with port 8080 (http)
2024-05-31 23:02:04.323 [restartedMain] INFO  o.a.catalina.core.StandardService.log - Starting service [Tomcat]
2024-05-31 23:02:04.323 [restartedMain] INFO  o.a.catalina.core.StandardEngine.log - Starting Servlet engine: [Apache Tomcat/10.1.20]
2024-05-31 23:02:04.350 [restartedMain] INFO  o.a.c.c.C.[Tomcat].[localhost].[/].log - Initializing Spring embedded WebApplicationContext
2024-05-31 23:02:04.350 [restartedMain] INFO  o.s.b.w.s.c.ServletWebServerApplicationContext.prepareWebApplicationContext - Root WebApplicationContext: initialization completed in 536 ms
2024-05-31 23:02:04.411 [restartedMain] INFO  o.h.jpa.internal.util.LogHelper.logPersistenceUnitInformation - HHH000204: Processing PersistenceUnitInfo [name: default]
2024-05-31 23:02:04.416 [restartedMain] INFO  o.h.c.i.RegionFactoryInitiator.initiateService - HHH000026: Second-level cache disabled
2024-05-31 23:02:04.424 [restartedMain] INFO  o.s.o.j.p.SpringPersistenceUnitInfo.addTransformer - No LoadTimeWeaver setup: ignoring JPA class transformer
2024-05-31 23:02:04.425 [restartedMain] INFO  com.zaxxer.hikari.HikariDataSource.getConnection - HikariPool-3 - Starting...
2024-05-31 23:02:04.430 [restartedMain] INFO  com.zaxxer.hikari.pool.HikariPool.checkFailFast - HikariPool-3 - Added connection org.mariadb.jdbc.Connection@6a6a057a
2024-05-31 23:02:04.430 [restartedMain] INFO  com.zaxxer.hikari.HikariDataSource.getConnection - HikariPool-3 - Start completed.
2024-05-31 23:02:04.512 [restartedMain] INFO  o.h.e.t.j.p.i.JtaPlatformInitiator.initiateService - HHH000489: No JTA platform available (set 'hibernate.transaction.jta.platform' to enable JTA platform integration)
2024-05-31 23:02:04.539 [restartedMain] INFO  o.s.o.j.LocalContainerEntityManagerFactoryBean.buildNativeEntityManagerFactory - Initialized JPA EntityManagerFactory for persistence unit 'default'
2024-05-31 23:02:04.629 [restartedMain] WARN  o.s.b.w.s.c.AnnotationConfigServletWebServerApplicationContext.refresh - Exception encountered during context initialization - cancelling refresh attempt: org.springframework.beans.factory.UnsatisfiedDependencyException: Error creating bean with name 'contenidoController': Unsatisfied dependency expressed through field 'contenidoMapper': Error creating bean with name 'contenidoMapper' defined in file [C:\Users\Alberto\Desktop\TFG\API\API_biblioteca_multimedia\API_biblioteca_multimedia\target\classes\com\example\API_biblioteca_multimedia\mappers\Contenido\ContenidoMapper.class]: Unsatisfied dependency expressed through constructor parameter 0: Error creating bean with name 'modelMapper' defined in com.example.API_biblioteca_multimedia.ApiBibliotecaMultimediaApplication: Failed to instantiate [org.modelmapper.ModelMapper]: Illegal factory instance for factory method 'modelMapper'; instance: com.example.API_biblioteca_multimedia.ApiBibliotecaMultimediaApplication$$SpringCGLIB$$0
2024-05-31 23:02:04.630 [restartedMain] INFO  o.s.o.j.LocalContainerEntityManagerFactoryBean.destroy - Closing JPA EntityManagerFactory for persistence unit 'default'
2024-05-31 23:02:04.631 [restartedMain] INFO  com.zaxxer.hikari.HikariDataSource.close - HikariPool-3 - Shutdown initiated...
2024-05-31 23:02:04.639 [restartedMain] INFO  com.zaxxer.hikari.HikariDataSource.close - HikariPool-3 - Shutdown completed.
2024-05-31 23:02:04.641 [restartedMain] INFO  o.a.catalina.core.StandardService.log - Stopping service [Tomcat]
2024-05-31 23:02:04.649 [restartedMain] INFO  o.s.b.a.l.ConditionEvaluationReportLogger.logMessage - 

Error starting ApplicationContext. To display the condition evaluation report re-run your application with 'debug' enabled.
2024-05-31 23:02:04.676 [restartedMain] ERROR o.s.boot.SpringApplication.reportFailure - Application run failed
org.springframework.beans.factory.UnsatisfiedDependencyException: Error creating bean with name 'contenidoController': Unsatisfied dependency expressed through field 'contenidoMapper': Error creating bean with name 'contenidoMapper' defined in file [C:\Users\Alberto\Desktop\TFG\API\API_biblioteca_multimedia\API_biblioteca_multimedia\target\classes\com\example\API_biblioteca_multimedia\mappers\Contenido\ContenidoMapper.class]: Unsatisfied dependency expressed through constructor parameter 0: Error creating bean with name 'modelMapper' defined in com.example.API_biblioteca_multimedia.ApiBibliotecaMultimediaApplication: Failed to instantiate [org.modelmapper.ModelMapper]: Illegal factory instance for factory method 'modelMapper'; instance: com.example.API_biblioteca_multimedia.ApiBibliotecaMultimediaApplication$$SpringCGLIB$$0
	at org.springframework.beans.factory.annotation.AutowiredAnnotationBeanPostProcessor$AutowiredFieldElement.resolveFieldValue(AutowiredAnnotationBeanPostProcessor.java:787)
	at org.springframework.beans.factory.annotation.AutowiredAnnotationBeanPostProcessor$AutowiredFieldElement.inject(AutowiredAnnotationBeanPostProcessor.java:767)
	at org.springframework.beans.factory.annotation.InjectionMetadata.inject(InjectionMetadata.java:145)
	at org.springframework.beans.factory.annotation.AutowiredAnnotationBeanPostProcessor.postProcessProperties(AutowiredAnnotationBeanPostProcessor.java:508)
	at org.springframework.beans.factory.support.AbstractAutowireCapableBeanFactory.populateBean(AbstractAutowireCapableBeanFactory.java:1419)
	at org.springframework.beans.factory.support.AbstractAutowireCapableBeanFactory.doCreateBean(AbstractAutowireCapableBeanFactory.java:599)
	at org.springframework.beans.factory.support.AbstractAutowireCapableBeanFactory.createBean(AbstractAutowireCapableBeanFactory.java:522)
	at org.springframework.beans.factory.support.AbstractBeanFactory.lambda$doGetBean$0(AbstractBeanFactory.java:326)
	at org.springframework.beans.factory.support.DefaultSingletonBeanRegistry.getSingleton(DefaultSingletonBeanRegistry.java:234)
	at org.springframework.beans.factory.support.AbstractBeanFactory.doGetBean(AbstractBeanFactory.java:324)
	at org.springframework.beans.factory.support.AbstractBeanFactory.getBean(AbstractBeanFactory.java:200)
	at org.springframework.beans.factory.support.DefaultListableBeanFactory.preInstantiateSingletons(DefaultListableBeanFactory.java:975)
	at org.springframework.context.support.AbstractApplicationContext.finishBeanFactoryInitialization(AbstractApplicationContext.java:962)
	at org.springframework.context.support.AbstractApplicationContext.refresh(AbstractApplicationContext.java:624)
	at org.springframework.boot.web.servlet.context.ServletWebServerApplicationContext.refresh(ServletWebServerApplicationContext.java:146)
	at org.springframework.boot.SpringApplication.refresh(SpringApplication.java:754)
	at org.springframework.boot.SpringApplication.refreshContext(SpringApplication.java:456)
	at org.springframework.boot.SpringApplication.run(SpringApplication.java:334)
	at org.springframework.boot.SpringApplication.run(SpringApplication.java:1354)
	at org.springframework.boot.SpringApplication.run(SpringApplication.java:1343)
	at com.example.API_biblioteca_multimedia.ApiBibliotecaMultimediaApplication.main(ApiBibliotecaMultimediaApplication.java:16)
	at java.base/jdk.internal.reflect.DirectMethodHandleAccessor.invoke(DirectMethodHandleAccessor.java:103)
	at java.base/java.lang.reflect.Method.invoke(Method.java:580)
	at org.springframework.boot.devtools.restart.RestartLauncher.run(RestartLauncher.java:50)
Caused by: org.springframework.beans.factory.UnsatisfiedDependencyException: Error creating bean with name 'contenidoMapper' defined in file [C:\Users\Alberto\Desktop\TFG\API\API_biblioteca_multimedia\API_biblioteca_multimedia\target\classes\com\example\API_biblioteca_multimedia\mappers\Contenido\ContenidoMapper.class]: Unsatisfied dependency expressed through constructor parameter 0: Error creating bean with name 'modelMapper' defined in com.example.API_biblioteca_multimedia.ApiBibliotecaMultimediaApplication: Failed to instantiate [org.modelmapper.ModelMapper]: Illegal factory instance for factory method 'modelMapper'; instance: com.example.API_biblioteca_multimedia.ApiBibliotecaMultimediaApplication$$SpringCGLIB$$0
	at org.springframework.beans.factory.support.ConstructorResolver.createArgumentArray(ConstructorResolver.java:795)
	at org.springframework.beans.factory.support.ConstructorResolver.autowireConstructor(ConstructorResolver.java:237)
	at org.springframework.beans.factory.support.AbstractAutowireCapableBeanFactory.autowireConstructor(AbstractAutowireCapableBeanFactory.java:1355)
	at org.springframework.beans.factory.support.AbstractAutowireCapableBeanFactory.createBeanInstance(AbstractAutowireCapableBeanFactory.java:1192)
	at org.springframework.beans.factory.support.AbstractAutowireCapableBeanFactory.doCreateBean(AbstractAutowireCapableBeanFactory.java:562)
	at org.springframework.beans.factory.support.AbstractAutowireCapableBeanFactory.createBean(AbstractAutowireCapableBeanFactory.java:522)
	at org.springframework.beans.factory.support.AbstractBeanFactory.lambda$doGetBean$0(AbstractBeanFactory.java:326)
	at org.springframework.beans.factory.support.DefaultSingletonBeanRegistry.getSingleton(DefaultSingletonBeanRegistry.java:234)
	at org.springframework.beans.factory.support.AbstractBeanFactory.doGetBean(AbstractBeanFactory.java:324)
	at org.springframework.beans.factory.support.AbstractBeanFactory.getBean(AbstractBeanFactory.java:200)
	at org.springframework.beans.factory.config.DependencyDescriptor.resolveCandidate(DependencyDescriptor.java:254)
	at org.springframework.beans.factory.support.DefaultListableBeanFactory.doResolveDependency(DefaultListableBeanFactory.java:1443)
	at org.springframework.beans.factory.support.DefaultListableBeanFactory.resolveDependency(DefaultListableBeanFactory.java:1353)
	at org.springframework.beans.factory.annotation.AutowiredAnnotationBeanPostProcessor$AutowiredFieldElement.resolveFieldValue(AutowiredAnnotationBeanPostProcessor.java:784)
	... 23 common frames omitted
Caused by: org.springframework.beans.factory.BeanCreationException: Error creating bean with name 'modelMapper' defined in com.example.API_biblioteca_multimedia.ApiBibliotecaMultimediaApplication: Failed to instantiate [org.modelmapper.ModelMapper]: Illegal factory instance for factory method 'modelMapper'; instance: com.example.API_biblioteca_multimedia.ApiBibliotecaMultimediaApplication$$SpringCGLIB$$0
	at org.springframework.beans.factory.support.ConstructorResolver.instantiate(ConstructorResolver.java:648)
	at org.springframework.beans.factory.support.ConstructorResolver.instantiateUsingFactoryMethod(ConstructorResolver.java:485)
	at org.springframework.beans.factory.support.AbstractAutowireCapableBeanFactory.instantiateUsingFactoryMethod(AbstractAutowireCapableBeanFactory.java:1335)
	at org.springframework.beans.factory.support.AbstractAutowireCapableBeanFactory.createBeanInstance(AbstractAutowireCapableBeanFactory.java:1165)
	at org.springframework.beans.factory.support.AbstractAutowireCapableBeanFactory.doCreateBean(AbstractAutowireCapableBeanFactory.java:562)
	at org.springframework.beans.factory.support.AbstractAutowireCapableBeanFactory.createBean(AbstractAutowireCapableBeanFactory.java:522)
	at org.springframework.beans.factory.support.AbstractBeanFactory.lambda$doGetBean$0(AbstractBeanFactory.java:326)
	at org.springframework.beans.factory.support.DefaultSingletonBeanRegistry.getSingleton(DefaultSingletonBeanRegistry.java:234)
	at org.springframework.beans.factory.support.AbstractBeanFactory.doGetBean(AbstractBeanFactory.java:324)
	at org.springframework.beans.factory.support.AbstractBeanFactory.getBean(AbstractBeanFactory.java:200)
	at org.springframework.beans.factory.config.DependencyDescriptor.resolveCandidate(DependencyDescriptor.java:254)
	at org.springframework.beans.factory.support.DefaultListableBeanFactory.doResolveDependency(DefaultListableBeanFactory.java:1443)
	at org.springframework.beans.factory.support.DefaultListableBeanFactory.resolveDependency(DefaultListableBeanFactory.java:1353)
	at org.springframework.beans.factory.support.ConstructorResolver.resolveAutowiredArgument(ConstructorResolver.java:904)
	at org.springframework.beans.factory.support.ConstructorResolver.createArgumentArray(ConstructorResolver.java:782)
	... 36 common frames omitted
Caused by: org.springframework.beans.BeanInstantiationException: Failed to instantiate [org.modelmapper.ModelMapper]: Illegal factory instance for factory method 'modelMapper'; instance: com.example.API_biblioteca_multimedia.ApiBibliotecaMultimediaApplication$$SpringCGLIB$$0
	at org.springframework.beans.factory.support.SimpleInstantiationStrategy.instantiate(SimpleInstantiationStrategy.java:159)
	at org.springframework.beans.factory.support.ConstructorResolver.instantiate(ConstructorResolver.java:644)
	... 50 common frames omitted
Caused by: java.lang.IllegalArgumentException: object is not an instance of declaring class
	at java.base/jdk.internal.reflect.DirectMethodHandleAccessor.checkReceiver(DirectMethodHandleAccessor.java:197)
	at java.base/jdk.internal.reflect.DirectMethodHandleAccessor.invoke(DirectMethodHandleAccessor.java:99)
	at java.base/java.lang.reflect.Method.invoke(Method.java:580)
	at org.springframework.beans.factory.support.SimpleInstantiationStrategy.instantiate(SimpleInstantiationStrategy.java:140)
	... 51 common frames omitted
2024-05-31 23:05:52.557 [restartedMain] INFO  c.e.A.ApiBibliotecaMultimediaApplication.logStarting - Starting ApiBibliotecaMultimediaApplication using Java 21 with PID 20624 (C:\Users\Alberto\Desktop\TFG\API\API_biblioteca_multimedia\API_biblioteca_multimedia\target\classes started by Alberto in C:\Users\Alberto\Desktop\TFG\API\API_biblioteca_multimedia\API_biblioteca_multimedia)
2024-05-31 23:05:52.559 [restartedMain] INFO  c.e.A.ApiBibliotecaMultimediaApplication.logStartupProfileInfo - No active profile set, falling back to 1 default profile: "default"
2024-05-31 23:05:52.604 [restartedMain] INFO  o.s.b.d.e.DevToolsPropertyDefaultsPostProcessor.logTo - Devtools property defaults active! Set 'spring.devtools.add-properties' to 'false' to disable
2024-05-31 23:05:52.605 [restartedMain] INFO  o.s.b.d.e.DevToolsPropertyDefaultsPostProcessor.logTo - For additional web related logging consider setting the 'logging.level.web' property to 'DEBUG'
2024-05-31 23:05:53.426 [restartedMain] INFO  o.s.d.r.c.RepositoryConfigurationDelegate.registerRepositoriesIn - Bootstrapping Spring Data JPA repositories in DEFAULT mode.
2024-05-31 23:05:53.485 [restartedMain] INFO  o.s.d.r.c.RepositoryConfigurationDelegate.registerRepositoriesIn - Finished Spring Data repository scanning in 50 ms. Found 2 JPA repository interfaces.
2024-05-31 23:05:54.039 [restartedMain] INFO  o.s.b.w.e.tomcat.TomcatWebServer.initialize - Tomcat initialized with port 8080 (http)
2024-05-31 23:05:54.052 [restartedMain] INFO  o.a.catalina.core.StandardService.log - Starting service [Tomcat]
2024-05-31 23:05:54.052 [restartedMain] INFO  o.a.catalina.core.StandardEngine.log - Starting Servlet engine: [Apache Tomcat/10.1.20]
2024-05-31 23:05:54.103 [restartedMain] INFO  o.a.c.c.C.[Tomcat].[localhost].[/].log - Initializing Spring embedded WebApplicationContext
2024-05-31 23:05:54.105 [restartedMain] INFO  o.s.b.w.s.c.ServletWebServerApplicationContext.prepareWebApplicationContext - Root WebApplicationContext: initialization completed in 1500 ms
2024-05-31 23:05:54.253 [restartedMain] INFO  o.h.jpa.internal.util.LogHelper.logPersistenceUnitInformation - HHH000204: Processing PersistenceUnitInfo [name: default]
2024-05-31 23:05:54.332 [restartedMain] INFO  org.hibernate.Version.logVersion - HHH000412: Hibernate ORM core version 6.4.4.Final
2024-05-31 23:05:54.372 [restartedMain] INFO  o.h.c.i.RegionFactoryInitiator.initiateService - HHH000026: Second-level cache disabled
2024-05-31 23:05:54.613 [restartedMain] INFO  o.s.o.j.p.SpringPersistenceUnitInfo.addTransformer - No LoadTimeWeaver setup: ignoring JPA class transformer
2024-05-31 23:05:54.642 [restartedMain] INFO  com.zaxxer.hikari.HikariDataSource.getConnection - HikariPool-1 - Starting...
2024-05-31 23:05:54.719 [restartedMain] INFO  com.zaxxer.hikari.pool.HikariPool.checkFailFast - HikariPool-1 - Added connection org.mariadb.jdbc.Connection@f18703a
2024-05-31 23:05:54.721 [restartedMain] INFO  com.zaxxer.hikari.HikariDataSource.getConnection - HikariPool-1 - Start completed.
2024-05-31 23:05:55.753 [restartedMain] INFO  o.h.e.t.j.p.i.JtaPlatformInitiator.initiateService - HHH000489: No JTA platform available (set 'hibernate.transaction.jta.platform' to enable JTA platform integration)
2024-05-31 23:05:55.811 [restartedMain] INFO  o.s.o.j.LocalContainerEntityManagerFactoryBean.buildNativeEntityManagerFactory - Initialized JPA EntityManagerFactory for persistence unit 'default'
2024-05-31 23:05:56.232 [restartedMain] WARN  o.s.b.a.o.j.JpaBaseConfiguration$JpaWebConfiguration.openEntityManagerInViewInterceptor - spring.jpa.open-in-view is enabled by default. Therefore, database queries may be performed during view rendering. Explicitly configure spring.jpa.open-in-view to disable this warning
2024-05-31 23:05:56.896 [restartedMain] INFO  o.s.b.d.a.OptionalLiveReloadServer.startServer - LiveReload server is running on port 35729
2024-05-31 23:05:56.937 [restartedMain] INFO  o.s.b.w.e.tomcat.TomcatWebServer.start - Tomcat started on port 8080 (http) with context path ''
2024-05-31 23:05:56.945 [restartedMain] INFO  c.e.A.ApiBibliotecaMultimediaApplication.logStarted - Started ApiBibliotecaMultimediaApplication in 4.908 seconds (process running for 5.852)
2024-05-31 23:06:12.303 [http-nio-8080-exec-1] INFO  o.a.c.c.C.[Tomcat].[localhost].[/].log - Initializing Spring DispatcherServlet 'dispatcherServlet'
2024-05-31 23:06:12.303 [http-nio-8080-exec-1] INFO  o.s.web.servlet.DispatcherServlet.initServletBean - Initializing Servlet 'dispatcherServlet'
2024-05-31 23:06:12.305 [http-nio-8080-exec-1] INFO  o.s.web.servlet.DispatcherServlet.initServletBean - Completed initialization in 2 ms
2024-05-31 23:06:12.447 [http-nio-8080-exec-1] DEBUG org.hibernate.SQL.logStatement - select u1_0.`id`,u1_0.`password`,u1_0.`username` from `user` u1_0
2024-05-31 23:06:12.471 [http-nio-8080-exec-1] DEBUG org.hibernate.SQL.logStatement - select c1_0.`user_id`,c1_1.`id`,c1_1.`anyo`,c1_1.`autor`,c1_1.`categoria`,c1_1.`comentario`,c1_1.`descripcion`,c1_1.`duracion`,c1_1.`genero`,c1_1.`puntuacion`,c1_1.`titulo`,c1_1.`url` from `contiene` c1_0 join `contenido` c1_1 on c1_1.`id`=c1_0.`contenido_id` where c1_0.`user_id`=?
2024-05-31 23:06:12.476 [http-nio-8080-exec-1] DEBUG org.hibernate.SQL.logStatement - select c1_0.`user_id`,c1_1.`id`,c1_1.`anyo`,c1_1.`autor`,c1_1.`categoria`,c1_1.`comentario`,c1_1.`descripcion`,c1_1.`duracion`,c1_1.`genero`,c1_1.`puntuacion`,c1_1.`titulo`,c1_1.`url` from `contiene` c1_0 join `contenido` c1_1 on c1_1.`id`=c1_0.`contenido_id` where c1_0.`user_id`=?
2024-05-31 23:06:12.477 [http-nio-8080-exec-1] DEBUG org.hibernate.SQL.logStatement - select c1_0.`user_id`,c1_1.`id`,c1_1.`anyo`,c1_1.`autor`,c1_1.`categoria`,c1_1.`comentario`,c1_1.`descripcion`,c1_1.`duracion`,c1_1.`genero`,c1_1.`puntuacion`,c1_1.`titulo`,c1_1.`url` from `contiene` c1_0 join `contenido` c1_1 on c1_1.`id`=c1_0.`contenido_id` where c1_0.`user_id`=?
2024-05-31 23:06:12.481 [http-nio-8080-exec-1] DEBUG org.hibernate.SQL.logStatement - select c1_0.`user_id`,c1_1.`id`,c1_1.`anyo`,c1_1.`autor`,c1_1.`categoria`,c1_1.`comentario`,c1_1.`descripcion`,c1_1.`duracion`,c1_1.`genero`,c1_1.`puntuacion`,c1_1.`titulo`,c1_1.`url` from `contiene` c1_0 join `contenido` c1_1 on c1_1.`id`=c1_0.`contenido_id` where c1_0.`user_id`=?
2024-05-31 23:06:18.043 [http-nio-8080-exec-2] DEBUG org.hibernate.SQL.logStatement - select u1_0.`id`,u1_0.`password`,u1_0.`username` from `user` u1_0
2024-05-31 23:06:18.045 [http-nio-8080-exec-2] DEBUG org.hibernate.SQL.logStatement - select c1_0.`user_id`,c1_1.`id`,c1_1.`anyo`,c1_1.`autor`,c1_1.`categoria`,c1_1.`comentario`,c1_1.`descripcion`,c1_1.`duracion`,c1_1.`genero`,c1_1.`puntuacion`,c1_1.`titulo`,c1_1.`url` from `contiene` c1_0 join `contenido` c1_1 on c1_1.`id`=c1_0.`contenido_id` where c1_0.`user_id`=?
2024-05-31 23:06:18.052 [http-nio-8080-exec-2] DEBUG org.hibernate.SQL.logStatement - select c1_0.`user_id`,c1_1.`id`,c1_1.`anyo`,c1_1.`autor`,c1_1.`categoria`,c1_1.`comentario`,c1_1.`descripcion`,c1_1.`duracion`,c1_1.`genero`,c1_1.`puntuacion`,c1_1.`titulo`,c1_1.`url` from `contiene` c1_0 join `contenido` c1_1 on c1_1.`id`=c1_0.`contenido_id` where c1_0.`user_id`=?
2024-05-31 23:06:18.053 [http-nio-8080-exec-2] DEBUG org.hibernate.SQL.logStatement - select c1_0.`user_id`,c1_1.`id`,c1_1.`anyo`,c1_1.`autor`,c1_1.`categoria`,c1_1.`comentario`,c1_1.`descripcion`,c1_1.`duracion`,c1_1.`genero`,c1_1.`puntuacion`,c1_1.`titulo`,c1_1.`url` from `contiene` c1_0 join `contenido` c1_1 on c1_1.`id`=c1_0.`contenido_id` where c1_0.`user_id`=?
2024-05-31 23:06:18.054 [http-nio-8080-exec-2] DEBUG org.hibernate.SQL.logStatement - select c1_0.`user_id`,c1_1.`id`,c1_1.`anyo`,c1_1.`autor`,c1_1.`categoria`,c1_1.`comentario`,c1_1.`descripcion`,c1_1.`duracion`,c1_1.`genero`,c1_1.`puntuacion`,c1_1.`titulo`,c1_1.`url` from `contiene` c1_0 join `contenido` c1_1 on c1_1.`id`=c1_0.`contenido_id` where c1_0.`user_id`=?
2024-05-31 23:06:18.257 [http-nio-8080-exec-4] DEBUG org.hibernate.SQL.logStatement - select u1_0.`id`,u1_0.`password`,u1_0.`username`,c1_0.`user_id`,c1_1.`id`,c1_1.`anyo`,c1_1.`autor`,c1_1.`categoria`,c1_1.`comentario`,c1_1.`descripcion`,c1_1.`duracion`,c1_1.`genero`,c1_1.`puntuacion`,c1_1.`titulo`,c1_1.`url` from `user` u1_0 left join `contiene` c1_0 on u1_0.`id`=c1_0.`user_id` left join `contenido` c1_1 on c1_1.`id`=c1_0.`contenido_id` where u1_0.`id`=?
2024-05-31 23:06:18.257 [http-nio-8080-exec-3] DEBUG org.hibernate.SQL.logStatement - select u1_0.`id`,u1_0.`password`,u1_0.`username`,c1_0.`user_id`,c1_1.`id`,c1_1.`anyo`,c1_1.`autor`,c1_1.`categoria`,c1_1.`comentario`,c1_1.`descripcion`,c1_1.`duracion`,c1_1.`genero`,c1_1.`puntuacion`,c1_1.`titulo`,c1_1.`url` from `user` u1_0 left join `contiene` c1_0 on u1_0.`id`=c1_0.`user_id` left join `contenido` c1_1 on c1_1.`id`=c1_0.`contenido_id` where u1_0.`id`=?
2024-05-31 23:06:20.366 [http-nio-8080-exec-5] DEBUG org.hibernate.SQL.logStatement - select u1_0.`id`,u1_0.`password`,u1_0.`username`,c1_0.`user_id`,c1_1.`id`,c1_1.`anyo`,c1_1.`autor`,c1_1.`categoria`,c1_1.`comentario`,c1_1.`descripcion`,c1_1.`duracion`,c1_1.`genero`,c1_1.`puntuacion`,c1_1.`titulo`,c1_1.`url` from `user` u1_0 left join `contiene` c1_0 on u1_0.`id`=c1_0.`user_id` left join `contenido` c1_1 on c1_1.`id`=c1_0.`contenido_id` where u1_0.`id`=?
2024-05-31 23:06:20.373 [http-nio-8080-exec-6] DEBUG org.hibernate.SQL.logStatement - select u1_0.`id`,u1_0.`password`,u1_0.`username`,c1_0.`user_id`,c1_1.`id`,c1_1.`anyo`,c1_1.`autor`,c1_1.`categoria`,c1_1.`comentario`,c1_1.`descripcion`,c1_1.`duracion`,c1_1.`genero`,c1_1.`puntuacion`,c1_1.`titulo`,c1_1.`url` from `user` u1_0 left join `contiene` c1_0 on u1_0.`id`=c1_0.`user_id` left join `contenido` c1_1 on c1_1.`id`=c1_0.`contenido_id` where u1_0.`id`=?
2024-05-31 23:06:21.457 [http-nio-8080-exec-7] DEBUG org.hibernate.SQL.logStatement - select u1_0.`id`,u1_0.`password`,u1_0.`username`,c1_0.`user_id`,c1_1.`id`,c1_1.`anyo`,c1_1.`autor`,c1_1.`categoria`,c1_1.`comentario`,c1_1.`descripcion`,c1_1.`duracion`,c1_1.`genero`,c1_1.`puntuacion`,c1_1.`titulo`,c1_1.`url` from `user` u1_0 left join `contiene` c1_0 on u1_0.`id`=c1_0.`user_id` left join `contenido` c1_1 on c1_1.`id`=c1_0.`contenido_id` where u1_0.`id`=?
2024-05-31 23:06:21.491 [http-nio-8080-exec-8] DEBUG org.hibernate.SQL.logStatement - select u1_0.`id`,u1_0.`password`,u1_0.`username`,c1_0.`user_id`,c1_1.`id`,c1_1.`anyo`,c1_1.`autor`,c1_1.`categoria`,c1_1.`comentario`,c1_1.`descripcion`,c1_1.`duracion`,c1_1.`genero`,c1_1.`puntuacion`,c1_1.`titulo`,c1_1.`url` from `user` u1_0 left join `contiene` c1_0 on u1_0.`id`=c1_0.`user_id` left join `contenido` c1_1 on c1_1.`id`=c1_0.`contenido_id` where u1_0.`id`=?
2024-05-31 23:06:32.108 [http-nio-8080-exec-9] DEBUG org.hibernate.SQL.logStatement - select c1_0.`id`,c1_0.`anyo`,c1_0.`autor`,c1_0.`categoria`,c1_0.`comentario`,c1_0.`descripcion`,c1_0.`duracion`,c1_0.`genero`,c1_0.`puntuacion`,c1_0.`titulo`,c1_0.`url` from `contenido` c1_0
2024-05-31 23:06:32.113 [http-nio-8080-exec-10] DEBUG org.hibernate.SQL.logStatement - select u1_0.`id`,u1_0.`password`,u1_0.`username`,c1_0.`user_id`,c1_1.`id`,c1_1.`anyo`,c1_1.`autor`,c1_1.`categoria`,c1_1.`comentario`,c1_1.`descripcion`,c1_1.`duracion`,c1_1.`genero`,c1_1.`puntuacion`,c1_1.`titulo`,c1_1.`url` from `user` u1_0 left join `contiene` c1_0 on u1_0.`id`=c1_0.`user_id` left join `contenido` c1_1 on c1_1.`id`=c1_0.`contenido_id` where u1_0.`id`=?
2024-05-31 23:07:20.968 [http-nio-8080-exec-6] DEBUG org.hibernate.SQL.logStatement - select u1_0.`id`,u1_0.`password`,u1_0.`username`,c1_0.`user_id`,c1_1.`id`,c1_1.`anyo`,c1_1.`autor`,c1_1.`categoria`,c1_1.`comentario`,c1_1.`descripcion`,c1_1.`duracion`,c1_1.`genero`,c1_1.`puntuacion`,c1_1.`titulo`,c1_1.`url` from `user` u1_0 left join `contiene` c1_0 on u1_0.`id`=c1_0.`user_id` left join `contenido` c1_1 on c1_1.`id`=c1_0.`contenido_id` where u1_0.`id`=?
2024-05-31 23:07:24.978 [http-nio-8080-exec-8] DEBUG org.hibernate.SQL.logStatement - select u1_0.`id`,u1_0.`password`,u1_0.`username`,c1_0.`user_id`,c1_1.`id`,c1_1.`anyo`,c1_1.`autor`,c1_1.`categoria`,c1_1.`comentario`,c1_1.`descripcion`,c1_1.`duracion`,c1_1.`genero`,c1_1.`puntuacion`,c1_1.`titulo`,c1_1.`url` from `user` u1_0 left join `contiene` c1_0 on u1_0.`id`=c1_0.`user_id` left join `contenido` c1_1 on c1_1.`id`=c1_0.`contenido_id` where u1_0.`id`=?
2024-05-31 23:07:32.418 [http-nio-8080-exec-10] DEBUG org.hibernate.SQL.logStatement - select u1_0.`id`,u1_0.`password`,u1_0.`username`,c1_0.`user_id`,c1_1.`id`,c1_1.`anyo`,c1_1.`autor`,c1_1.`categoria`,c1_1.`comentario`,c1_1.`descripcion`,c1_1.`duracion`,c1_1.`genero`,c1_1.`puntuacion`,c1_1.`titulo`,c1_1.`url` from `user` u1_0 left join `contiene` c1_0 on u1_0.`id`=c1_0.`user_id` left join `contenido` c1_1 on c1_1.`id`=c1_0.`contenido_id` where u1_0.`id`=?
2024-05-31 23:07:39.982 [http-nio-8080-exec-1] DEBUG org.hibernate.SQL.logStatement - select u1_0.`id`,u1_0.`password`,u1_0.`username`,c1_0.`user_id`,c1_1.`id`,c1_1.`anyo`,c1_1.`autor`,c1_1.`categoria`,c1_1.`comentario`,c1_1.`descripcion`,c1_1.`duracion`,c1_1.`genero`,c1_1.`puntuacion`,c1_1.`titulo`,c1_1.`url` from `user` u1_0 left join `contiene` c1_0 on u1_0.`id`=c1_0.`user_id` left join `contenido` c1_1 on c1_1.`id`=c1_0.`contenido_id` where u1_0.`id`=?
2024-05-31 23:07:40.014 [http-nio-8080-exec-1] DEBUG org.hibernate.SQL.logStatement - update `user` set `password`=?,`username`=? where `id`=?
2024-05-31 23:07:40.019 [http-nio-8080-exec-1] DEBUG org.hibernate.SQL.logStatement - delete from `contiene` where `user_id`=?
2024-05-31 23:07:40.022 [http-nio-8080-exec-1] DEBUG org.hibernate.SQL.logStatement - insert into `contiene` (`user_id`,`contenido_id`) values (?,?)
2024-05-31 23:07:40.023 [http-nio-8080-exec-1] DEBUG org.hibernate.SQL.logStatement - insert into `contiene` (`user_id`,`contenido_id`) values (?,?)
2024-05-31 23:07:42.680 [http-nio-8080-exec-2] DEBUG org.hibernate.SQL.logStatement - select u1_0.`id`,u1_0.`password`,u1_0.`username`,c1_0.`user_id`,c1_1.`id`,c1_1.`anyo`,c1_1.`autor`,c1_1.`categoria`,c1_1.`comentario`,c1_1.`descripcion`,c1_1.`duracion`,c1_1.`genero`,c1_1.`puntuacion`,c1_1.`titulo`,c1_1.`url` from `user` u1_0 left join `contiene` c1_0 on u1_0.`id`=c1_0.`user_id` left join `contenido` c1_1 on c1_1.`id`=c1_0.`contenido_id` where u1_0.`id`=?
2024-05-31 23:07:50.152 [http-nio-8080-exec-4] DEBUG org.hibernate.SQL.logStatement - select u1_0.`id`,u1_0.`password`,u1_0.`username`,c1_0.`user_id`,c1_1.`id`,c1_1.`anyo`,c1_1.`autor`,c1_1.`categoria`,c1_1.`comentario`,c1_1.`descripcion`,c1_1.`duracion`,c1_1.`genero`,c1_1.`puntuacion`,c1_1.`titulo`,c1_1.`url` from `user` u1_0 left join `contiene` c1_0 on u1_0.`id`=c1_0.`user_id` left join `contenido` c1_1 on c1_1.`id`=c1_0.`contenido_id` where u1_0.`id`=?
2024-05-31 23:07:54.946 [http-nio-8080-exec-5] DEBUG org.hibernate.SQL.logStatement - select u1_0.`id`,u1_0.`password`,u1_0.`username`,c1_0.`user_id`,c1_1.`id`,c1_1.`anyo`,c1_1.`autor`,c1_1.`categoria`,c1_1.`comentario`,c1_1.`descripcion`,c1_1.`duracion`,c1_1.`genero`,c1_1.`puntuacion`,c1_1.`titulo`,c1_1.`url` from `user` u1_0 left join `contiene` c1_0 on u1_0.`id`=c1_0.`user_id` left join `contenido` c1_1 on c1_1.`id`=c1_0.`contenido_id` where u1_0.`id`=?
2024-05-31 23:07:56.739 [http-nio-8080-exec-6] DEBUG org.hibernate.SQL.logStatement - select u1_0.`id`,u1_0.`password`,u1_0.`username`,c1_0.`user_id`,c1_1.`id`,c1_1.`anyo`,c1_1.`autor`,c1_1.`categoria`,c1_1.`comentario`,c1_1.`descripcion`,c1_1.`duracion`,c1_1.`genero`,c1_1.`puntuacion`,c1_1.`titulo`,c1_1.`url` from `user` u1_0 left join `contiene` c1_0 on u1_0.`id`=c1_0.`user_id` left join `contenido` c1_1 on c1_1.`id`=c1_0.`contenido_id` where u1_0.`id`=?
2024-05-31 23:07:56.742 [http-nio-8080-exec-6] DEBUG org.hibernate.SQL.logStatement - delete from `contiene` where `user_id`=?
2024-05-31 23:08:07.922 [http-nio-8080-exec-7] DEBUG org.hibernate.SQL.logStatement - select u1_0.`id`,u1_0.`password`,u1_0.`username` from `user` u1_0
2024-05-31 23:08:07.923 [http-nio-8080-exec-7] DEBUG org.hibernate.SQL.logStatement - select c1_0.`user_id`,c1_1.`id`,c1_1.`anyo`,c1_1.`autor`,c1_1.`categoria`,c1_1.`comentario`,c1_1.`descripcion`,c1_1.`duracion`,c1_1.`genero`,c1_1.`puntuacion`,c1_1.`titulo`,c1_1.`url` from `contiene` c1_0 join `contenido` c1_1 on c1_1.`id`=c1_0.`contenido_id` where c1_0.`user_id`=?
2024-05-31 23:08:07.926 [http-nio-8080-exec-7] DEBUG org.hibernate.SQL.logStatement - select c1_0.`user_id`,c1_1.`id`,c1_1.`anyo`,c1_1.`autor`,c1_1.`categoria`,c1_1.`comentario`,c1_1.`descripcion`,c1_1.`duracion`,c1_1.`genero`,c1_1.`puntuacion`,c1_1.`titulo`,c1_1.`url` from `contiene` c1_0 join `contenido` c1_1 on c1_1.`id`=c1_0.`contenido_id` where c1_0.`user_id`=?
2024-05-31 23:08:07.927 [http-nio-8080-exec-7] DEBUG org.hibernate.SQL.logStatement - select c1_0.`user_id`,c1_1.`id`,c1_1.`anyo`,c1_1.`autor`,c1_1.`categoria`,c1_1.`comentario`,c1_1.`descripcion`,c1_1.`duracion`,c1_1.`genero`,c1_1.`puntuacion`,c1_1.`titulo`,c1_1.`url` from `contiene` c1_0 join `contenido` c1_1 on c1_1.`id`=c1_0.`contenido_id` where c1_0.`user_id`=?
2024-05-31 23:08:07.929 [http-nio-8080-exec-7] DEBUG org.hibernate.SQL.logStatement - select c1_0.`user_id`,c1_1.`id`,c1_1.`anyo`,c1_1.`autor`,c1_1.`categoria`,c1_1.`comentario`,c1_1.`descripcion`,c1_1.`duracion`,c1_1.`genero`,c1_1.`puntuacion`,c1_1.`titulo`,c1_1.`url` from `contiene` c1_0 join `contenido` c1_1 on c1_1.`id`=c1_0.`contenido_id` where c1_0.`user_id`=?
2024-05-31 23:08:08.062 [http-nio-8080-exec-8] DEBUG org.hibernate.SQL.logStatement - select u1_0.`id`,u1_0.`password`,u1_0.`username`,c1_0.`user_id`,c1_1.`id`,c1_1.`anyo`,c1_1.`autor`,c1_1.`categoria`,c1_1.`comentario`,c1_1.`descripcion`,c1_1.`duracion`,c1_1.`genero`,c1_1.`puntuacion`,c1_1.`titulo`,c1_1.`url` from `user` u1_0 left join `contiene` c1_0 on u1_0.`id`=c1_0.`user_id` left join `contenido` c1_1 on c1_1.`id`=c1_0.`contenido_id` where u1_0.`id`=?
2024-05-31 23:08:08.070 [http-nio-8080-exec-10] DEBUG org.hibernate.SQL.logStatement - select u1_0.`id`,u1_0.`password`,u1_0.`username`,c1_0.`user_id`,c1_1.`id`,c1_1.`anyo`,c1_1.`autor`,c1_1.`categoria`,c1_1.`comentario`,c1_1.`descripcion`,c1_1.`duracion`,c1_1.`genero`,c1_1.`puntuacion`,c1_1.`titulo`,c1_1.`url` from `user` u1_0 left join `contiene` c1_0 on u1_0.`id`=c1_0.`user_id` left join `contenido` c1_1 on c1_1.`id`=c1_0.`contenido_id` where u1_0.`id`=?
2024-05-31 23:08:13.815 [http-nio-8080-exec-3] DEBUG org.hibernate.SQL.logStatement - select c1_0.`id`,c1_0.`anyo`,c1_0.`autor`,c1_0.`categoria`,c1_0.`comentario`,c1_0.`descripcion`,c1_0.`duracion`,c1_0.`genero`,c1_0.`puntuacion`,c1_0.`titulo`,c1_0.`url` from `contenido` c1_0
2024-05-31 23:08:13.819 [http-nio-8080-exec-9] DEBUG org.hibernate.SQL.logStatement - select u1_0.`id`,u1_0.`password`,u1_0.`username`,c1_0.`user_id`,c1_1.`id`,c1_1.`anyo`,c1_1.`autor`,c1_1.`categoria`,c1_1.`comentario`,c1_1.`descripcion`,c1_1.`duracion`,c1_1.`genero`,c1_1.`puntuacion`,c1_1.`titulo`,c1_1.`url` from `user` u1_0 left join `contiene` c1_0 on u1_0.`id`=c1_0.`user_id` left join `contenido` c1_1 on c1_1.`id`=c1_0.`contenido_id` where u1_0.`id`=?
2024-05-31 23:08:14.806 [http-nio-8080-exec-1] DEBUG org.hibernate.SQL.logStatement - select u1_0.`id`,u1_0.`password`,u1_0.`username`,c1_0.`user_id`,c1_1.`id`,c1_1.`anyo`,c1_1.`autor`,c1_1.`categoria`,c1_1.`comentario`,c1_1.`descripcion`,c1_1.`duracion`,c1_1.`genero`,c1_1.`puntuacion`,c1_1.`titulo`,c1_1.`url` from `user` u1_0 left join `contiene` c1_0 on u1_0.`id`=c1_0.`user_id` left join `contenido` c1_1 on c1_1.`id`=c1_0.`contenido_id` where u1_0.`id`=?
2024-05-31 23:08:14.810 [http-nio-8080-exec-1] DEBUG org.hibernate.SQL.logStatement - select c1_0.`id`,c1_0.`anyo`,c1_0.`autor`,c1_0.`categoria`,c1_0.`comentario`,c1_0.`descripcion`,c1_0.`duracion`,c1_0.`genero`,c1_0.`puntuacion`,c1_0.`titulo`,c1_0.`url` from `contenido` c1_0 where c1_0.`id`=?
2024-05-31 23:08:14.811 [http-nio-8080-exec-1] DEBUG org.hibernate.SQL.logStatement - insert into `contiene` (`user_id`,`contenido_id`) values (?,?)
2024-05-31 23:08:14.820 [http-nio-8080-exec-2] DEBUG org.hibernate.SQL.logStatement - select u1_0.`id`,u1_0.`password`,u1_0.`username`,c1_0.`user_id`,c1_1.`id`,c1_1.`anyo`,c1_1.`autor`,c1_1.`categoria`,c1_1.`comentario`,c1_1.`descripcion`,c1_1.`duracion`,c1_1.`genero`,c1_1.`puntuacion`,c1_1.`titulo`,c1_1.`url` from `user` u1_0 left join `contiene` c1_0 on u1_0.`id`=c1_0.`user_id` left join `contenido` c1_1 on c1_1.`id`=c1_0.`contenido_id` where u1_0.`id`=?
2024-05-31 23:08:14.870 [http-nio-8080-exec-4] DEBUG org.hibernate.SQL.logStatement - select u1_0.`id`,u1_0.`password`,u1_0.`username`,c1_0.`user_id`,c1_1.`id`,c1_1.`anyo`,c1_1.`autor`,c1_1.`categoria`,c1_1.`comentario`,c1_1.`descripcion`,c1_1.`duracion`,c1_1.`genero`,c1_1.`puntuacion`,c1_1.`titulo`,c1_1.`url` from `user` u1_0 left join `contiene` c1_0 on u1_0.`id`=c1_0.`user_id` left join `contenido` c1_1 on c1_1.`id`=c1_0.`contenido_id` where u1_0.`id`=?
2024-05-31 23:08:15.920 [http-nio-8080-exec-5] DEBUG org.hibernate.SQL.logStatement - select u1_0.`id`,u1_0.`password`,u1_0.`username`,c1_0.`user_id`,c1_1.`id`,c1_1.`anyo`,c1_1.`autor`,c1_1.`categoria`,c1_1.`comentario`,c1_1.`descripcion`,c1_1.`duracion`,c1_1.`genero`,c1_1.`puntuacion`,c1_1.`titulo`,c1_1.`url` from `user` u1_0 left join `contiene` c1_0 on u1_0.`id`=c1_0.`user_id` left join `contenido` c1_1 on c1_1.`id`=c1_0.`contenido_id` where u1_0.`id`=?
2024-05-31 23:08:15.921 [http-nio-8080-exec-6] DEBUG org.hibernate.SQL.logStatement - select c1_0.`id`,c1_0.`anyo`,c1_0.`autor`,c1_0.`categoria`,c1_0.`comentario`,c1_0.`descripcion`,c1_0.`duracion`,c1_0.`genero`,c1_0.`puntuacion`,c1_0.`titulo`,c1_0.`url` from `contenido` c1_0
2024-05-31 23:08:16.657 [http-nio-8080-exec-7] DEBUG org.hibernate.SQL.logStatement - select u1_0.`id`,u1_0.`password`,u1_0.`username`,c1_0.`user_id`,c1_1.`id`,c1_1.`anyo`,c1_1.`autor`,c1_1.`categoria`,c1_1.`comentario`,c1_1.`descripcion`,c1_1.`duracion`,c1_1.`genero`,c1_1.`puntuacion`,c1_1.`titulo`,c1_1.`url` from `user` u1_0 left join `contiene` c1_0 on u1_0.`id`=c1_0.`user_id` left join `contenido` c1_1 on c1_1.`id`=c1_0.`contenido_id` where u1_0.`id`=?
2024-05-31 23:08:16.659 [http-nio-8080-exec-7] DEBUG org.hibernate.SQL.logStatement - select c1_0.`id`,c1_0.`anyo`,c1_0.`autor`,c1_0.`categoria`,c1_0.`comentario`,c1_0.`descripcion`,c1_0.`duracion`,c1_0.`genero`,c1_0.`puntuacion`,c1_0.`titulo`,c1_0.`url` from `contenido` c1_0 where c1_0.`id`=?
2024-05-31 23:08:16.661 [http-nio-8080-exec-7] DEBUG org.hibernate.SQL.logStatement - delete from `contiene` where `user_id`=?
2024-05-31 23:08:16.661 [http-nio-8080-exec-7] DEBUG org.hibernate.SQL.logStatement - insert into `contiene` (`user_id`,`contenido_id`) values (?,?)
2024-05-31 23:08:16.662 [http-nio-8080-exec-7] DEBUG org.hibernate.SQL.logStatement - insert into `contiene` (`user_id`,`contenido_id`) values (?,?)
2024-05-31 23:08:16.667 [http-nio-8080-exec-8] DEBUG org.hibernate.SQL.logStatement - select u1_0.`id`,u1_0.`password`,u1_0.`username`,c1_0.`user_id`,c1_1.`id`,c1_1.`anyo`,c1_1.`autor`,c1_1.`categoria`,c1_1.`comentario`,c1_1.`descripcion`,c1_1.`duracion`,c1_1.`genero`,c1_1.`puntuacion`,c1_1.`titulo`,c1_1.`url` from `user` u1_0 left join `contiene` c1_0 on u1_0.`id`=c1_0.`user_id` left join `contenido` c1_1 on c1_1.`id`=c1_0.`contenido_id` where u1_0.`id`=?
2024-05-31 23:08:16.717 [http-nio-8080-exec-10] DEBUG org.hibernate.SQL.logStatement - select u1_0.`id`,u1_0.`password`,u1_0.`username`,c1_0.`user_id`,c1_1.`id`,c1_1.`anyo`,c1_1.`autor`,c1_1.`categoria`,c1_1.`comentario`,c1_1.`descripcion`,c1_1.`duracion`,c1_1.`genero`,c1_1.`puntuacion`,c1_1.`titulo`,c1_1.`url` from `user` u1_0 left join `contiene` c1_0 on u1_0.`id`=c1_0.`user_id` left join `contenido` c1_1 on c1_1.`id`=c1_0.`contenido_id` where u1_0.`id`=?
2024-05-31 23:08:17.467 [http-nio-8080-exec-3] DEBUG org.hibernate.SQL.logStatement - select u1_0.`id`,u1_0.`password`,u1_0.`username`,c1_0.`user_id`,c1_1.`id`,c1_1.`anyo`,c1_1.`autor`,c1_1.`categoria`,c1_1.`comentario`,c1_1.`descripcion`,c1_1.`duracion`,c1_1.`genero`,c1_1.`puntuacion`,c1_1.`titulo`,c1_1.`url` from `user` u1_0 left join `contiene` c1_0 on u1_0.`id`=c1_0.`user_id` left join `contenido` c1_1 on c1_1.`id`=c1_0.`contenido_id` where u1_0.`id`=?
2024-05-31 23:08:17.468 [http-nio-8080-exec-9] DEBUG org.hibernate.SQL.logStatement - select c1_0.`id`,c1_0.`anyo`,c1_0.`autor`,c1_0.`categoria`,c1_0.`comentario`,c1_0.`descripcion`,c1_0.`duracion`,c1_0.`genero`,c1_0.`puntuacion`,c1_0.`titulo`,c1_0.`url` from `contenido` c1_0
2024-05-31 23:08:18.167 [http-nio-8080-exec-1] DEBUG org.hibernate.SQL.logStatement - select u1_0.`id`,u1_0.`password`,u1_0.`username`,c1_0.`user_id`,c1_1.`id`,c1_1.`anyo`,c1_1.`autor`,c1_1.`categoria`,c1_1.`comentario`,c1_1.`descripcion`,c1_1.`duracion`,c1_1.`genero`,c1_1.`puntuacion`,c1_1.`titulo`,c1_1.`url` from `user` u1_0 left join `contiene` c1_0 on u1_0.`id`=c1_0.`user_id` left join `contenido` c1_1 on c1_1.`id`=c1_0.`contenido_id` where u1_0.`id`=?
2024-05-31 23:08:18.169 [http-nio-8080-exec-1] DEBUG org.hibernate.SQL.logStatement - select c1_0.`id`,c1_0.`anyo`,c1_0.`autor`,c1_0.`categoria`,c1_0.`comentario`,c1_0.`descripcion`,c1_0.`duracion`,c1_0.`genero`,c1_0.`puntuacion`,c1_0.`titulo`,c1_0.`url` from `contenido` c1_0 where c1_0.`id`=?
2024-05-31 23:08:18.170 [http-nio-8080-exec-1] DEBUG org.hibernate.SQL.logStatement - delete from `contiene` where `user_id`=?
2024-05-31 23:08:18.173 [http-nio-8080-exec-1] DEBUG org.hibernate.SQL.logStatement - insert into `contiene` (`user_id`,`contenido_id`) values (?,?)
2024-05-31 23:08:18.173 [http-nio-8080-exec-1] DEBUG org.hibernate.SQL.logStatement - insert into `contiene` (`user_id`,`contenido_id`) values (?,?)
2024-05-31 23:08:18.173 [http-nio-8080-exec-1] DEBUG org.hibernate.SQL.logStatement - insert into `contiene` (`user_id`,`contenido_id`) values (?,?)
2024-05-31 23:08:18.174 [http-nio-8080-exec-2] DEBUG org.hibernate.SQL.logStatement - select u1_0.`id`,u1_0.`password`,u1_0.`username`,c1_0.`user_id`,c1_1.`id`,c1_1.`anyo`,c1_1.`autor`,c1_1.`categoria`,c1_1.`comentario`,c1_1.`descripcion`,c1_1.`duracion`,c1_1.`genero`,c1_1.`puntuacion`,c1_1.`titulo`,c1_1.`url` from `user` u1_0 left join `contiene` c1_0 on u1_0.`id`=c1_0.`user_id` left join `contenido` c1_1 on c1_1.`id`=c1_0.`contenido_id` where u1_0.`id`=?
2024-05-31 23:08:18.222 [http-nio-8080-exec-4] DEBUG org.hibernate.SQL.logStatement - select u1_0.`id`,u1_0.`password`,u1_0.`username`,c1_0.`user_id`,c1_1.`id`,c1_1.`anyo`,c1_1.`autor`,c1_1.`categoria`,c1_1.`comentario`,c1_1.`descripcion`,c1_1.`duracion`,c1_1.`genero`,c1_1.`puntuacion`,c1_1.`titulo`,c1_1.`url` from `user` u1_0 left join `contiene` c1_0 on u1_0.`id`=c1_0.`user_id` left join `contenido` c1_1 on c1_1.`id`=c1_0.`contenido_id` where u1_0.`id`=?
2024-05-31 23:08:19.140 [http-nio-8080-exec-5] DEBUG org.hibernate.SQL.logStatement - select c1_0.`id`,c1_0.`anyo`,c1_0.`autor`,c1_0.`categoria`,c1_0.`comentario`,c1_0.`descripcion`,c1_0.`duracion`,c1_0.`genero`,c1_0.`puntuacion`,c1_0.`titulo`,c1_0.`url` from `contenido` c1_0
2024-05-31 23:08:19.155 [http-nio-8080-exec-6] DEBUG org.hibernate.SQL.logStatement - select u1_0.`id`,u1_0.`password`,u1_0.`username`,c1_0.`user_id`,c1_1.`id`,c1_1.`anyo`,c1_1.`autor`,c1_1.`categoria`,c1_1.`comentario`,c1_1.`descripcion`,c1_1.`duracion`,c1_1.`genero`,c1_1.`puntuacion`,c1_1.`titulo`,c1_1.`url` from `user` u1_0 left join `contiene` c1_0 on u1_0.`id`=c1_0.`user_id` left join `contenido` c1_1 on c1_1.`id`=c1_0.`contenido_id` where u1_0.`id`=?
2024-05-31 23:08:25.581 [http-nio-8080-exec-7] DEBUG org.hibernate.SQL.logStatement - select u1_0.`id`,u1_0.`password`,u1_0.`username`,c1_0.`user_id`,c1_1.`id`,c1_1.`anyo`,c1_1.`autor`,c1_1.`categoria`,c1_1.`comentario`,c1_1.`descripcion`,c1_1.`duracion`,c1_1.`genero`,c1_1.`puntuacion`,c1_1.`titulo`,c1_1.`url` from `user` u1_0 left join `contiene` c1_0 on u1_0.`id`=c1_0.`user_id` left join `contenido` c1_1 on c1_1.`id`=c1_0.`contenido_id` where u1_0.`id`=?
2024-05-31 23:08:25.585 [http-nio-8080-exec-7] DEBUG org.hibernate.SQL.logStatement - select c1_0.`id`,c1_0.`anyo`,c1_0.`autor`,c1_0.`categoria`,c1_0.`comentario`,c1_0.`descripcion`,c1_0.`duracion`,c1_0.`genero`,c1_0.`puntuacion`,c1_0.`titulo`,c1_0.`url` from `contenido` c1_0 where c1_0.`id`=?
2024-05-31 23:08:25.586 [http-nio-8080-exec-7] DEBUG org.hibernate.SQL.logStatement - delete from `contiene` where `user_id`=?
2024-05-31 23:08:25.587 [http-nio-8080-exec-7] DEBUG org.hibernate.SQL.logStatement - insert into `contiene` (`user_id`,`contenido_id`) values (?,?)
2024-05-31 23:08:25.587 [http-nio-8080-exec-7] DEBUG org.hibernate.SQL.logStatement - insert into `contiene` (`user_id`,`contenido_id`) values (?,?)
2024-05-31 23:08:25.588 [http-nio-8080-exec-7] DEBUG org.hibernate.SQL.logStatement - insert into `contiene` (`user_id`,`contenido_id`) values (?,?)
2024-05-31 23:08:25.588 [http-nio-8080-exec-7] DEBUG org.hibernate.SQL.logStatement - insert into `contiene` (`user_id`,`contenido_id`) values (?,?)
2024-05-31 23:08:25.591 [http-nio-8080-exec-10] DEBUG org.hibernate.SQL.logStatement - select u1_0.`id`,u1_0.`password`,u1_0.`username`,c1_0.`user_id`,c1_1.`id`,c1_1.`anyo`,c1_1.`autor`,c1_1.`categoria`,c1_1.`comentario`,c1_1.`descripcion`,c1_1.`duracion`,c1_1.`genero`,c1_1.`puntuacion`,c1_1.`titulo`,c1_1.`url` from `user` u1_0 left join `contiene` c1_0 on u1_0.`id`=c1_0.`user_id` left join `contenido` c1_1 on c1_1.`id`=c1_0.`contenido_id` where u1_0.`id`=?
2024-05-31 23:08:25.651 [http-nio-8080-exec-3] DEBUG org.hibernate.SQL.logStatement - select u1_0.`id`,u1_0.`password`,u1_0.`username`,c1_0.`user_id`,c1_1.`id`,c1_1.`anyo`,c1_1.`autor`,c1_1.`categoria`,c1_1.`comentario`,c1_1.`descripcion`,c1_1.`duracion`,c1_1.`genero`,c1_1.`puntuacion`,c1_1.`titulo`,c1_1.`url` from `user` u1_0 left join `contiene` c1_0 on u1_0.`id`=c1_0.`user_id` left join `contenido` c1_1 on c1_1.`id`=c1_0.`contenido_id` where u1_0.`id`=?
2024-05-31 23:08:26.852 [http-nio-8080-exec-1] DEBUG org.hibernate.SQL.logStatement - select u1_0.`id`,u1_0.`password`,u1_0.`username`,c1_0.`user_id`,c1_1.`id`,c1_1.`anyo`,c1_1.`autor`,c1_1.`categoria`,c1_1.`comentario`,c1_1.`descripcion`,c1_1.`duracion`,c1_1.`genero`,c1_1.`puntuacion`,c1_1.`titulo`,c1_1.`url` from `user` u1_0 left join `contiene` c1_0 on u1_0.`id`=c1_0.`user_id` left join `contenido` c1_1 on c1_1.`id`=c1_0.`contenido_id` where u1_0.`id`=?
2024-05-31 23:08:26.854 [http-nio-8080-exec-9] DEBUG org.hibernate.SQL.logStatement - select c1_0.`id`,c1_0.`anyo`,c1_0.`autor`,c1_0.`categoria`,c1_0.`comentario`,c1_0.`descripcion`,c1_0.`duracion`,c1_0.`genero`,c1_0.`puntuacion`,c1_0.`titulo`,c1_0.`url` from `contenido` c1_0
2024-05-31 23:08:32.007 [http-nio-8080-exec-2] DEBUG org.hibernate.SQL.logStatement - select u1_0.`id`,u1_0.`password`,u1_0.`username`,c1_0.`user_id`,c1_1.`id`,c1_1.`anyo`,c1_1.`autor`,c1_1.`categoria`,c1_1.`comentario`,c1_1.`descripcion`,c1_1.`duracion`,c1_1.`genero`,c1_1.`puntuacion`,c1_1.`titulo`,c1_1.`url` from `user` u1_0 left join `contiene` c1_0 on u1_0.`id`=c1_0.`user_id` left join `contenido` c1_1 on c1_1.`id`=c1_0.`contenido_id` where u1_0.`id`=?
2024-05-31 23:08:32.009 [http-nio-8080-exec-2] DEBUG org.hibernate.SQL.logStatement - select c1_0.`id`,c1_0.`anyo`,c1_0.`autor`,c1_0.`categoria`,c1_0.`comentario`,c1_0.`descripcion`,c1_0.`duracion`,c1_0.`genero`,c1_0.`puntuacion`,c1_0.`titulo`,c1_0.`url` from `contenido` c1_0 where c1_0.`id`=?
2024-05-31 23:08:32.011 [http-nio-8080-exec-2] DEBUG org.hibernate.SQL.logStatement - delete from `contiene` where `user_id`=?
2024-05-31 23:08:32.017 [http-nio-8080-exec-2] DEBUG org.hibernate.SQL.logStatement - insert into `contiene` (`user_id`,`contenido_id`) values (?,?)
2024-05-31 23:08:32.019 [http-nio-8080-exec-2] DEBUG org.hibernate.SQL.logStatement - insert into `contiene` (`user_id`,`contenido_id`) values (?,?)
2024-05-31 23:08:32.020 [http-nio-8080-exec-2] DEBUG org.hibernate.SQL.logStatement - insert into `contiene` (`user_id`,`contenido_id`) values (?,?)
2024-05-31 23:08:32.020 [http-nio-8080-exec-2] DEBUG org.hibernate.SQL.logStatement - insert into `contiene` (`user_id`,`contenido_id`) values (?,?)
2024-05-31 23:08:32.020 [http-nio-8080-exec-2] DEBUG org.hibernate.SQL.logStatement - insert into `contiene` (`user_id`,`contenido_id`) values (?,?)
2024-05-31 23:08:32.023 [http-nio-8080-exec-4] DEBUG org.hibernate.SQL.logStatement - select u1_0.`id`,u1_0.`password`,u1_0.`username`,c1_0.`user_id`,c1_1.`id`,c1_1.`anyo`,c1_1.`autor`,c1_1.`categoria`,c1_1.`comentario`,c1_1.`descripcion`,c1_1.`duracion`,c1_1.`genero`,c1_1.`puntuacion`,c1_1.`titulo`,c1_1.`url` from `user` u1_0 left join `contiene` c1_0 on u1_0.`id`=c1_0.`user_id` left join `contenido` c1_1 on c1_1.`id`=c1_0.`contenido_id` where u1_0.`id`=?
2024-05-31 23:08:32.080 [http-nio-8080-exec-5] DEBUG org.hibernate.SQL.logStatement - select u1_0.`id`,u1_0.`password`,u1_0.`username`,c1_0.`user_id`,c1_1.`id`,c1_1.`anyo`,c1_1.`autor`,c1_1.`categoria`,c1_1.`comentario`,c1_1.`descripcion`,c1_1.`duracion`,c1_1.`genero`,c1_1.`puntuacion`,c1_1.`titulo`,c1_1.`url` from `user` u1_0 left join `contiene` c1_0 on u1_0.`id`=c1_0.`user_id` left join `contenido` c1_1 on c1_1.`id`=c1_0.`contenido_id` where u1_0.`id`=?
2024-05-31 23:08:42.700 [http-nio-8080-exec-8] DEBUG org.hibernate.SQL.logStatement - select u1_0.`id`,u1_0.`password`,u1_0.`username`,c1_0.`user_id`,c1_1.`id`,c1_1.`anyo`,c1_1.`autor`,c1_1.`categoria`,c1_1.`comentario`,c1_1.`descripcion`,c1_1.`duracion`,c1_1.`genero`,c1_1.`puntuacion`,c1_1.`titulo`,c1_1.`url` from `user` u1_0 left join `contiene` c1_0 on u1_0.`id`=c1_0.`user_id` left join `contenido` c1_1 on c1_1.`id`=c1_0.`contenido_id` where u1_0.`id`=?
2024-05-31 23:08:42.707 [http-nio-8080-exec-10] DEBUG org.hibernate.SQL.logStatement - select u1_0.`id`,u1_0.`password`,u1_0.`username`,c1_0.`user_id`,c1_1.`id`,c1_1.`anyo`,c1_1.`autor`,c1_1.`categoria`,c1_1.`comentario`,c1_1.`descripcion`,c1_1.`duracion`,c1_1.`genero`,c1_1.`puntuacion`,c1_1.`titulo`,c1_1.`url` from `user` u1_0 left join `contiene` c1_0 on u1_0.`id`=c1_0.`user_id` left join `contenido` c1_1 on c1_1.`id`=c1_0.`contenido_id` where u1_0.`id`=?
2024-05-31 23:19:44.989 [http-nio-8080-exec-1] DEBUG org.hibernate.SQL.logStatement - select u1_0.`id`,u1_0.`password`,u1_0.`username`,c1_0.`user_id`,c1_1.`id`,c1_1.`anyo`,c1_1.`autor`,c1_1.`categoria`,c1_1.`comentario`,c1_1.`descripcion`,c1_1.`duracion`,c1_1.`genero`,c1_1.`puntuacion`,c1_1.`titulo`,c1_1.`url` from `user` u1_0 left join `contiene` c1_0 on u1_0.`id`=c1_0.`user_id` left join `contenido` c1_1 on c1_1.`id`=c1_0.`contenido_id` where u1_0.`id`=?
2024-05-31 23:19:45.351 [http-nio-8080-exec-2] DEBUG org.hibernate.SQL.logStatement - select u1_0.`id`,u1_0.`password`,u1_0.`username`,c1_0.`user_id`,c1_1.`id`,c1_1.`anyo`,c1_1.`autor`,c1_1.`categoria`,c1_1.`comentario`,c1_1.`descripcion`,c1_1.`duracion`,c1_1.`genero`,c1_1.`puntuacion`,c1_1.`titulo`,c1_1.`url` from `user` u1_0 left join `contiene` c1_0 on u1_0.`id`=c1_0.`user_id` left join `contenido` c1_1 on c1_1.`id`=c1_0.`contenido_id` where u1_0.`id`=?
2024-05-31 23:22:05.350 [http-nio-8080-exec-9] DEBUG org.hibernate.SQL.logStatement - select u1_0.`id`,u1_0.`password`,u1_0.`username`,c1_0.`user_id`,c1_1.`id`,c1_1.`anyo`,c1_1.`autor`,c1_1.`categoria`,c1_1.`comentario`,c1_1.`descripcion`,c1_1.`duracion`,c1_1.`genero`,c1_1.`puntuacion`,c1_1.`titulo`,c1_1.`url` from `user` u1_0 left join `contiene` c1_0 on u1_0.`id`=c1_0.`user_id` left join `contenido` c1_1 on c1_1.`id`=c1_0.`contenido_id` where u1_0.`id`=?
2024-05-31 23:22:05.357 [http-nio-8080-exec-4] DEBUG org.hibernate.SQL.logStatement - select u1_0.`id`,u1_0.`password`,u1_0.`username`,c1_0.`user_id`,c1_1.`id`,c1_1.`anyo`,c1_1.`autor`,c1_1.`categoria`,c1_1.`comentario`,c1_1.`descripcion`,c1_1.`duracion`,c1_1.`genero`,c1_1.`puntuacion`,c1_1.`titulo`,c1_1.`url` from `user` u1_0 left join `contiene` c1_0 on u1_0.`id`=c1_0.`user_id` left join `contenido` c1_1 on c1_1.`id`=c1_0.`contenido_id` where u1_0.`id`=?
2024-05-31 23:22:06.554 [http-nio-8080-exec-8] DEBUG org.hibernate.SQL.logStatement - select u1_0.`id`,u1_0.`password`,u1_0.`username`,c1_0.`user_id`,c1_1.`id`,c1_1.`anyo`,c1_1.`autor`,c1_1.`categoria`,c1_1.`comentario`,c1_1.`descripcion`,c1_1.`duracion`,c1_1.`genero`,c1_1.`puntuacion`,c1_1.`titulo`,c1_1.`url` from `user` u1_0 left join `contiene` c1_0 on u1_0.`id`=c1_0.`user_id` left join `contenido` c1_1 on c1_1.`id`=c1_0.`contenido_id` where u1_0.`id`=?
2024-05-31 23:22:12.841 [http-nio-8080-exec-5] DEBUG org.hibernate.SQL.logStatement - select u1_0.`id`,u1_0.`password`,u1_0.`username`,c1_0.`user_id`,c1_1.`id`,c1_1.`anyo`,c1_1.`autor`,c1_1.`categoria`,c1_1.`comentario`,c1_1.`descripcion`,c1_1.`duracion`,c1_1.`genero`,c1_1.`puntuacion`,c1_1.`titulo`,c1_1.`url` from `user` u1_0 left join `contiene` c1_0 on u1_0.`id`=c1_0.`user_id` left join `contenido` c1_1 on c1_1.`id`=c1_0.`contenido_id` where u1_0.`id`=?
2024-05-31 23:29:21.970 [SpringApplicationShutdownHook] INFO  o.s.o.j.LocalContainerEntityManagerFactoryBean.destroy - Closing JPA EntityManagerFactory for persistence unit 'default'
2024-05-31 23:29:21.976 [SpringApplicationShutdownHook] INFO  com.zaxxer.hikari.HikariDataSource.close - HikariPool-1 - Shutdown initiated...
2024-05-31 23:29:21.980 [SpringApplicationShutdownHook] INFO  com.zaxxer.hikari.HikariDataSource.close - HikariPool-1 - Shutdown completed.
