2024-06-03 20:11:27.650 [restartedMain] INFO  c.e.A.ApiBibliotecaMultimediaApplication.logStarting - Starting ApiBibliotecaMultimediaApplication using Java 21 with PID 1888 (C:\Users\Alberto\Desktop\TFG\API\API_biblioteca_multimedia\API_biblioteca_multimedia\target\classes started by Alberto in C:\Users\Alberto\Desktop\TFG\API\API_biblioteca_multimedia\API_biblioteca_multimedia)
2024-06-03 20:11:27.660 [restartedMain] INFO  c.e.A.ApiBibliotecaMultimediaApplication.logStartupProfileInfo - No active profile set, falling back to 1 default profile: "default"
2024-06-03 20:11:27.702 [restartedMain] INFO  o.s.b.d.e.DevToolsPropertyDefaultsPostProcessor.logTo - Devtools property defaults active! Set 'spring.devtools.add-properties' to 'false' to disable
2024-06-03 20:11:27.703 [restartedMain] INFO  o.s.b.d.e.DevToolsPropertyDefaultsPostProcessor.logTo - For additional web related logging consider setting the 'logging.level.web' property to 'DEBUG'
2024-06-03 20:11:28.568 [restartedMain] INFO  o.s.d.r.c.RepositoryConfigurationDelegate.registerRepositoriesIn - Bootstrapping Spring Data JPA repositories in DEFAULT mode.
2024-06-03 20:11:28.625 [restartedMain] INFO  o.s.d.r.c.RepositoryConfigurationDelegate.registerRepositoriesIn - Finished Spring Data repository scanning in 49 ms. Found 2 JPA repository interfaces.
2024-06-03 20:11:29.177 [restartedMain] INFO  o.s.b.w.e.tomcat.TomcatWebServer.initialize - Tomcat initialized with port 8080 (http)
2024-06-03 20:11:29.190 [restartedMain] INFO  o.a.catalina.core.StandardService.log - Starting service [Tomcat]
2024-06-03 20:11:29.190 [restartedMain] INFO  o.a.catalina.core.StandardEngine.log - Starting Servlet engine: [Apache Tomcat/10.1.20]
2024-06-03 20:11:29.245 [restartedMain] INFO  o.a.c.c.C.[Tomcat].[localhost].[/].log - Initializing Spring embedded WebApplicationContext
2024-06-03 20:11:29.246 [restartedMain] INFO  o.s.b.w.s.c.ServletWebServerApplicationContext.prepareWebApplicationContext - Root WebApplicationContext: initialization completed in 1543 ms
2024-06-03 20:11:29.419 [restartedMain] INFO  o.h.jpa.internal.util.LogHelper.logPersistenceUnitInformation - HHH000204: Processing PersistenceUnitInfo [name: default]
2024-06-03 20:11:29.489 [restartedMain] INFO  org.hibernate.Version.logVersion - HHH000412: Hibernate ORM core version 6.4.4.Final
2024-06-03 20:11:29.523 [restartedMain] INFO  o.h.c.i.RegionFactoryInitiator.initiateService - HHH000026: Second-level cache disabled
2024-06-03 20:11:29.764 [restartedMain] INFO  o.s.o.j.p.SpringPersistenceUnitInfo.addTransformer - No LoadTimeWeaver setup: ignoring JPA class transformer
2024-06-03 20:11:29.794 [restartedMain] INFO  com.zaxxer.hikari.HikariDataSource.getConnection - HikariPool-1 - Starting...
2024-06-03 20:11:29.881 [restartedMain] INFO  com.zaxxer.hikari.pool.HikariPool.checkFailFast - HikariPool-1 - Added connection org.mariadb.jdbc.Connection@3416f941
2024-06-03 20:11:29.883 [restartedMain] INFO  com.zaxxer.hikari.HikariDataSource.getConnection - HikariPool-1 - Start completed.
2024-06-03 20:11:30.763 [restartedMain] INFO  o.h.e.t.j.p.i.JtaPlatformInitiator.initiateService - HHH000489: No JTA platform available (set 'hibernate.transaction.jta.platform' to enable JTA platform integration)
2024-06-03 20:11:30.823 [restartedMain] INFO  o.s.o.j.LocalContainerEntityManagerFactoryBean.buildNativeEntityManagerFactory - Initialized JPA EntityManagerFactory for persistence unit 'default'
2024-06-03 20:11:31.224 [restartedMain] WARN  o.s.b.a.o.j.JpaBaseConfiguration$JpaWebConfiguration.openEntityManagerInViewInterceptor - spring.jpa.open-in-view is enabled by default. Therefore, database queries may be performed during view rendering. Explicitly configure spring.jpa.open-in-view to disable this warning
2024-06-03 20:11:31.823 [restartedMain] WARN  o.s.b.d.a.OptionalLiveReloadServer.startServer - Unable to start LiveReload server
2024-06-03 20:11:31.845 [restartedMain] WARN  o.s.b.w.s.c.AnnotationConfigServletWebServerApplicationContext.refresh - Exception encountered during context initialization - cancelling refresh attempt: org.springframework.context.ApplicationContextException: Failed to start bean 'webServerStartStop'
2024-06-03 20:11:31.848 [restartedMain] INFO  o.s.o.j.LocalContainerEntityManagerFactoryBean.destroy - Closing JPA EntityManagerFactory for persistence unit 'default'
2024-06-03 20:11:31.851 [restartedMain] INFO  com.zaxxer.hikari.HikariDataSource.close - HikariPool-1 - Shutdown initiated...
2024-06-03 20:11:31.854 [restartedMain] INFO  com.zaxxer.hikari.HikariDataSource.close - HikariPool-1 - Shutdown completed.
2024-06-03 20:11:31.865 [restartedMain] INFO  o.s.b.a.l.ConditionEvaluationReportLogger.logMessage - 

Error starting ApplicationContext. To display the condition evaluation report re-run your application with 'debug' enabled.
2024-06-03 20:11:31.880 [restartedMain] ERROR o.s.b.d.LoggingFailureAnalysisReporter.report - 

***************************
APPLICATION FAILED TO START
***************************

Description:

Web server failed to start. Port 8080 was already in use.

Action:

Identify and stop the process that's listening on port 8080 or configure this application to listen on another port.

2024-06-03 20:11:47.773 [restartedMain] INFO  c.e.A.ApiBibliotecaMultimediaApplication.logStarting - Starting ApiBibliotecaMultimediaApplication using Java 21 with PID 22556 (C:\Users\Alberto\Desktop\TFG\API\API_biblioteca_multimedia\API_biblioteca_multimedia\target\classes started by Alberto in C:\Users\Alberto\Desktop\TFG\API\API_biblioteca_multimedia\API_biblioteca_multimedia)
2024-06-03 20:11:47.774 [restartedMain] INFO  c.e.A.ApiBibliotecaMultimediaApplication.logStartupProfileInfo - No active profile set, falling back to 1 default profile: "default"
2024-06-03 20:11:47.815 [restartedMain] INFO  o.s.b.d.e.DevToolsPropertyDefaultsPostProcessor.logTo - Devtools property defaults active! Set 'spring.devtools.add-properties' to 'false' to disable
2024-06-03 20:11:47.815 [restartedMain] INFO  o.s.b.d.e.DevToolsPropertyDefaultsPostProcessor.logTo - For additional web related logging consider setting the 'logging.level.web' property to 'DEBUG'
2024-06-03 20:11:48.458 [restartedMain] INFO  o.s.d.r.c.RepositoryConfigurationDelegate.registerRepositoriesIn - Bootstrapping Spring Data JPA repositories in DEFAULT mode.
2024-06-03 20:11:48.510 [restartedMain] INFO  o.s.d.r.c.RepositoryConfigurationDelegate.registerRepositoriesIn - Finished Spring Data repository scanning in 46 ms. Found 2 JPA repository interfaces.
2024-06-03 20:11:48.949 [restartedMain] INFO  o.s.b.w.e.tomcat.TomcatWebServer.initialize - Tomcat initialized with port 8080 (http)
2024-06-03 20:11:48.959 [restartedMain] INFO  o.a.catalina.core.StandardService.log - Starting service [Tomcat]
2024-06-03 20:11:48.959 [restartedMain] INFO  o.a.catalina.core.StandardEngine.log - Starting Servlet engine: [Apache Tomcat/10.1.20]
2024-06-03 20:11:49.004 [restartedMain] INFO  o.a.c.c.C.[Tomcat].[localhost].[/].log - Initializing Spring embedded WebApplicationContext
2024-06-03 20:11:49.005 [restartedMain] INFO  o.s.b.w.s.c.ServletWebServerApplicationContext.prepareWebApplicationContext - Root WebApplicationContext: initialization completed in 1189 ms
2024-06-03 20:11:49.138 [restartedMain] INFO  o.h.jpa.internal.util.LogHelper.logPersistenceUnitInformation - HHH000204: Processing PersistenceUnitInfo [name: default]
2024-06-03 20:11:49.185 [restartedMain] INFO  org.hibernate.Version.logVersion - HHH000412: Hibernate ORM core version 6.4.4.Final
2024-06-03 20:11:49.214 [restartedMain] INFO  o.h.c.i.RegionFactoryInitiator.initiateService - HHH000026: Second-level cache disabled
2024-06-03 20:11:49.389 [restartedMain] INFO  o.s.o.j.p.SpringPersistenceUnitInfo.addTransformer - No LoadTimeWeaver setup: ignoring JPA class transformer
2024-06-03 20:11:49.412 [restartedMain] INFO  com.zaxxer.hikari.HikariDataSource.getConnection - HikariPool-1 - Starting...
2024-06-03 20:11:49.479 [restartedMain] INFO  com.zaxxer.hikari.pool.HikariPool.checkFailFast - HikariPool-1 - Added connection org.mariadb.jdbc.Connection@58cb4e17
2024-06-03 20:11:49.481 [restartedMain] INFO  com.zaxxer.hikari.HikariDataSource.getConnection - HikariPool-1 - Start completed.
2024-06-03 20:11:50.198 [restartedMain] INFO  o.h.e.t.j.p.i.JtaPlatformInitiator.initiateService - HHH000489: No JTA platform available (set 'hibernate.transaction.jta.platform' to enable JTA platform integration)
2024-06-03 20:11:50.251 [restartedMain] INFO  o.s.o.j.LocalContainerEntityManagerFactoryBean.buildNativeEntityManagerFactory - Initialized JPA EntityManagerFactory for persistence unit 'default'
2024-06-03 20:11:50.632 [restartedMain] WARN  o.s.b.a.o.j.JpaBaseConfiguration$JpaWebConfiguration.openEntityManagerInViewInterceptor - spring.jpa.open-in-view is enabled by default. Therefore, database queries may be performed during view rendering. Explicitly configure spring.jpa.open-in-view to disable this warning
2024-06-03 20:11:51.187 [restartedMain] INFO  o.s.b.d.a.OptionalLiveReloadServer.startServer - LiveReload server is running on port 35729
2024-06-03 20:11:51.221 [restartedMain] INFO  o.s.b.w.e.tomcat.TomcatWebServer.start - Tomcat started on port 8080 (http) with context path ''
2024-06-03 20:11:51.228 [restartedMain] INFO  c.e.A.ApiBibliotecaMultimediaApplication.logStarted - Started ApiBibliotecaMultimediaApplication in 3.855 seconds (process running for 4.461)
2024-06-03 20:11:56.279 [http-nio-8080-exec-1] INFO  o.a.c.c.C.[Tomcat].[localhost].[/].log - Initializing Spring DispatcherServlet 'dispatcherServlet'
2024-06-03 20:11:56.279 [http-nio-8080-exec-1] INFO  o.s.web.servlet.DispatcherServlet.initServletBean - Initializing Servlet 'dispatcherServlet'
2024-06-03 20:11:56.281 [http-nio-8080-exec-1] INFO  o.s.web.servlet.DispatcherServlet.initServletBean - Completed initialization in 2 ms
2024-06-03 20:11:56.399 [http-nio-8080-exec-1] DEBUG org.hibernate.SQL.logStatement - select u1_0.`id`,u1_0.`password`,u1_0.`username` from `user` u1_0
2024-06-03 20:11:56.419 [http-nio-8080-exec-1] DEBUG org.hibernate.SQL.logStatement - select c1_0.`user_id`,c1_1.`id`,c1_1.`anyo`,c1_1.`autor`,c1_1.`categoria`,c1_1.`comentario`,c1_1.`descripcion`,c1_1.`duracion`,c1_1.`genero`,c1_1.`puntuacion`,c1_1.`titulo`,c1_1.`url` from `contiene` c1_0 join `contenido` c1_1 on c1_1.`id`=c1_0.`contenido_id` where c1_0.`user_id`=?
2024-06-03 20:11:56.422 [http-nio-8080-exec-1] DEBUG org.hibernate.SQL.logStatement - select c1_0.`user_id`,c1_1.`id`,c1_1.`anyo`,c1_1.`autor`,c1_1.`categoria`,c1_1.`comentario`,c1_1.`descripcion`,c1_1.`duracion`,c1_1.`genero`,c1_1.`puntuacion`,c1_1.`titulo`,c1_1.`url` from `contiene` c1_0 join `contenido` c1_1 on c1_1.`id`=c1_0.`contenido_id` where c1_0.`user_id`=?
2024-06-03 20:11:56.422 [http-nio-8080-exec-1] DEBUG org.hibernate.SQL.logStatement - select c1_0.`user_id`,c1_1.`id`,c1_1.`anyo`,c1_1.`autor`,c1_1.`categoria`,c1_1.`comentario`,c1_1.`descripcion`,c1_1.`duracion`,c1_1.`genero`,c1_1.`puntuacion`,c1_1.`titulo`,c1_1.`url` from `contiene` c1_0 join `contenido` c1_1 on c1_1.`id`=c1_0.`contenido_id` where c1_0.`user_id`=?
2024-06-03 20:11:56.423 [http-nio-8080-exec-1] DEBUG org.hibernate.SQL.logStatement - select c1_0.`user_id`,c1_1.`id`,c1_1.`anyo`,c1_1.`autor`,c1_1.`categoria`,c1_1.`comentario`,c1_1.`descripcion`,c1_1.`duracion`,c1_1.`genero`,c1_1.`puntuacion`,c1_1.`titulo`,c1_1.`url` from `contiene` c1_0 join `contenido` c1_1 on c1_1.`id`=c1_0.`contenido_id` where c1_0.`user_id`=?
2024-06-03 20:11:56.428 [http-nio-8080-exec-1] DEBUG org.hibernate.SQL.logStatement - select c1_0.`user_id`,c1_1.`id`,c1_1.`anyo`,c1_1.`autor`,c1_1.`categoria`,c1_1.`comentario`,c1_1.`descripcion`,c1_1.`duracion`,c1_1.`genero`,c1_1.`puntuacion`,c1_1.`titulo`,c1_1.`url` from `contiene` c1_0 join `contenido` c1_1 on c1_1.`id`=c1_0.`contenido_id` where c1_0.`user_id`=?
2024-06-03 20:11:56.645 [http-nio-8080-exec-4] DEBUG org.hibernate.SQL.logStatement - select u1_0.`id`,u1_0.`password`,u1_0.`username`,c1_0.`user_id`,c1_1.`id`,c1_1.`anyo`,c1_1.`autor`,c1_1.`categoria`,c1_1.`comentario`,c1_1.`descripcion`,c1_1.`duracion`,c1_1.`genero`,c1_1.`puntuacion`,c1_1.`titulo`,c1_1.`url` from `user` u1_0 left join `contiene` c1_0 on u1_0.`id`=c1_0.`user_id` left join `contenido` c1_1 on c1_1.`id`=c1_0.`contenido_id` where u1_0.`id`=?
2024-06-03 20:11:56.645 [http-nio-8080-exec-3] DEBUG org.hibernate.SQL.logStatement - select u1_0.`id`,u1_0.`password`,u1_0.`username`,c1_0.`user_id`,c1_1.`id`,c1_1.`anyo`,c1_1.`autor`,c1_1.`categoria`,c1_1.`comentario`,c1_1.`descripcion`,c1_1.`duracion`,c1_1.`genero`,c1_1.`puntuacion`,c1_1.`titulo`,c1_1.`url` from `user` u1_0 left join `contiene` c1_0 on u1_0.`id`=c1_0.`user_id` left join `contenido` c1_1 on c1_1.`id`=c1_0.`contenido_id` where u1_0.`id`=?
2024-06-03 20:12:00.136 [http-nio-8080-exec-2] DEBUG org.hibernate.SQL.logStatement - select u1_0.`id`,u1_0.`password`,u1_0.`username`,c1_0.`user_id`,c1_1.`id`,c1_1.`anyo`,c1_1.`autor`,c1_1.`categoria`,c1_1.`comentario`,c1_1.`descripcion`,c1_1.`duracion`,c1_1.`genero`,c1_1.`puntuacion`,c1_1.`titulo`,c1_1.`url` from `user` u1_0 left join `contiene` c1_0 on u1_0.`id`=c1_0.`user_id` left join `contenido` c1_1 on c1_1.`id`=c1_0.`contenido_id` where u1_0.`id`=?
2024-06-03 20:12:03.898 [http-nio-8080-exec-10] DEBUG org.hibernate.SQL.logStatement - select u1_0.`id`,u1_0.`password`,u1_0.`username`,c1_0.`user_id`,c1_1.`id`,c1_1.`anyo`,c1_1.`autor`,c1_1.`categoria`,c1_1.`comentario`,c1_1.`descripcion`,c1_1.`duracion`,c1_1.`genero`,c1_1.`puntuacion`,c1_1.`titulo`,c1_1.`url` from `user` u1_0 left join `contiene` c1_0 on u1_0.`id`=c1_0.`user_id` left join `contenido` c1_1 on c1_1.`id`=c1_0.`contenido_id` where u1_0.`id`=?
2024-06-03 20:12:03.898 [http-nio-8080-exec-9] DEBUG org.hibernate.SQL.logStatement - select u1_0.`id`,u1_0.`password`,u1_0.`username`,c1_0.`user_id`,c1_1.`id`,c1_1.`anyo`,c1_1.`autor`,c1_1.`categoria`,c1_1.`comentario`,c1_1.`descripcion`,c1_1.`duracion`,c1_1.`genero`,c1_1.`puntuacion`,c1_1.`titulo`,c1_1.`url` from `user` u1_0 left join `contiene` c1_0 on u1_0.`id`=c1_0.`user_id` left join `contenido` c1_1 on c1_1.`id`=c1_0.`contenido_id` where u1_0.`id`=?
2024-06-03 20:12:06.547 [http-nio-8080-exec-1] DEBUG org.hibernate.SQL.logStatement - select u1_0.`id`,u1_0.`password`,u1_0.`username`,c1_0.`user_id`,c1_1.`id`,c1_1.`anyo`,c1_1.`autor`,c1_1.`categoria`,c1_1.`comentario`,c1_1.`descripcion`,c1_1.`duracion`,c1_1.`genero`,c1_1.`puntuacion`,c1_1.`titulo`,c1_1.`url` from `user` u1_0 left join `contiene` c1_0 on u1_0.`id`=c1_0.`user_id` left join `contenido` c1_1 on c1_1.`id`=c1_0.`contenido_id` where u1_0.`id`=?
2024-06-03 20:12:06.547 [http-nio-8080-exec-4] DEBUG org.hibernate.SQL.logStatement - select u1_0.`id`,u1_0.`password`,u1_0.`username`,c1_0.`user_id`,c1_1.`id`,c1_1.`anyo`,c1_1.`autor`,c1_1.`categoria`,c1_1.`comentario`,c1_1.`descripcion`,c1_1.`duracion`,c1_1.`genero`,c1_1.`puntuacion`,c1_1.`titulo`,c1_1.`url` from `user` u1_0 left join `contiene` c1_0 on u1_0.`id`=c1_0.`user_id` left join `contenido` c1_1 on c1_1.`id`=c1_0.`contenido_id` where u1_0.`id`=?
2024-06-03 20:12:09.480 [http-nio-8080-exec-3] DEBUG org.hibernate.SQL.logStatement - select u1_0.`id`,u1_0.`password`,u1_0.`username`,c1_0.`user_id`,c1_1.`id`,c1_1.`anyo`,c1_1.`autor`,c1_1.`categoria`,c1_1.`comentario`,c1_1.`descripcion`,c1_1.`duracion`,c1_1.`genero`,c1_1.`puntuacion`,c1_1.`titulo`,c1_1.`url` from `user` u1_0 left join `contiene` c1_0 on u1_0.`id`=c1_0.`user_id` left join `contenido` c1_1 on c1_1.`id`=c1_0.`contenido_id` where u1_0.`id`=?
2024-06-03 20:12:09.480 [http-nio-8080-exec-2] DEBUG org.hibernate.SQL.logStatement - select u1_0.`id`,u1_0.`password`,u1_0.`username`,c1_0.`user_id`,c1_1.`id`,c1_1.`anyo`,c1_1.`autor`,c1_1.`categoria`,c1_1.`comentario`,c1_1.`descripcion`,c1_1.`duracion`,c1_1.`genero`,c1_1.`puntuacion`,c1_1.`titulo`,c1_1.`url` from `user` u1_0 left join `contiene` c1_0 on u1_0.`id`=c1_0.`user_id` left join `contenido` c1_1 on c1_1.`id`=c1_0.`contenido_id` where u1_0.`id`=?
2024-06-03 20:12:34.868 [http-nio-8080-exec-8] DEBUG org.hibernate.SQL.logStatement - select u1_0.`id`,u1_0.`password`,u1_0.`username`,c1_0.`user_id`,c1_1.`id`,c1_1.`anyo`,c1_1.`autor`,c1_1.`categoria`,c1_1.`comentario`,c1_1.`descripcion`,c1_1.`duracion`,c1_1.`genero`,c1_1.`puntuacion`,c1_1.`titulo`,c1_1.`url` from `user` u1_0 left join `contiene` c1_0 on u1_0.`id`=c1_0.`user_id` left join `contenido` c1_1 on c1_1.`id`=c1_0.`contenido_id` where u1_0.`id`=?
2024-06-03 20:13:50.669 [http-nio-8080-exec-3] DEBUG org.hibernate.SQL.logStatement - select u1_0.`id`,u1_0.`password`,u1_0.`username`,c1_0.`user_id`,c1_1.`id`,c1_1.`anyo`,c1_1.`autor`,c1_1.`categoria`,c1_1.`comentario`,c1_1.`descripcion`,c1_1.`duracion`,c1_1.`genero`,c1_1.`puntuacion`,c1_1.`titulo`,c1_1.`url` from `user` u1_0 left join `contiene` c1_0 on u1_0.`id`=c1_0.`user_id` left join `contenido` c1_1 on c1_1.`id`=c1_0.`contenido_id` where u1_0.`id`=?
2024-06-03 20:13:50.674 [http-nio-8080-exec-2] DEBUG org.hibernate.SQL.logStatement - select u1_0.`id`,u1_0.`password`,u1_0.`username`,c1_0.`user_id`,c1_1.`id`,c1_1.`anyo`,c1_1.`autor`,c1_1.`categoria`,c1_1.`comentario`,c1_1.`descripcion`,c1_1.`duracion`,c1_1.`genero`,c1_1.`puntuacion`,c1_1.`titulo`,c1_1.`url` from `user` u1_0 left join `contiene` c1_0 on u1_0.`id`=c1_0.`user_id` left join `contenido` c1_1 on c1_1.`id`=c1_0.`contenido_id` where u1_0.`id`=?
2024-06-03 20:14:13.162 [http-nio-8080-exec-7] DEBUG org.hibernate.SQL.logStatement - select u1_0.`id`,u1_0.`password`,u1_0.`username` from `user` u1_0
2024-06-03 20:14:13.164 [http-nio-8080-exec-7] DEBUG org.hibernate.SQL.logStatement - select c1_0.`user_id`,c1_1.`id`,c1_1.`anyo`,c1_1.`autor`,c1_1.`categoria`,c1_1.`comentario`,c1_1.`descripcion`,c1_1.`duracion`,c1_1.`genero`,c1_1.`puntuacion`,c1_1.`titulo`,c1_1.`url` from `contiene` c1_0 join `contenido` c1_1 on c1_1.`id`=c1_0.`contenido_id` where c1_0.`user_id`=?
2024-06-03 20:14:13.164 [http-nio-8080-exec-7] DEBUG org.hibernate.SQL.logStatement - select c1_0.`user_id`,c1_1.`id`,c1_1.`anyo`,c1_1.`autor`,c1_1.`categoria`,c1_1.`comentario`,c1_1.`descripcion`,c1_1.`duracion`,c1_1.`genero`,c1_1.`puntuacion`,c1_1.`titulo`,c1_1.`url` from `contiene` c1_0 join `contenido` c1_1 on c1_1.`id`=c1_0.`contenido_id` where c1_0.`user_id`=?
2024-06-03 20:14:13.164 [http-nio-8080-exec-7] DEBUG org.hibernate.SQL.logStatement - select c1_0.`user_id`,c1_1.`id`,c1_1.`anyo`,c1_1.`autor`,c1_1.`categoria`,c1_1.`comentario`,c1_1.`descripcion`,c1_1.`duracion`,c1_1.`genero`,c1_1.`puntuacion`,c1_1.`titulo`,c1_1.`url` from `contiene` c1_0 join `contenido` c1_1 on c1_1.`id`=c1_0.`contenido_id` where c1_0.`user_id`=?
2024-06-03 20:14:13.165 [http-nio-8080-exec-7] DEBUG org.hibernate.SQL.logStatement - select c1_0.`user_id`,c1_1.`id`,c1_1.`anyo`,c1_1.`autor`,c1_1.`categoria`,c1_1.`comentario`,c1_1.`descripcion`,c1_1.`duracion`,c1_1.`genero`,c1_1.`puntuacion`,c1_1.`titulo`,c1_1.`url` from `contiene` c1_0 join `contenido` c1_1 on c1_1.`id`=c1_0.`contenido_id` where c1_0.`user_id`=?
2024-06-03 20:14:13.167 [http-nio-8080-exec-7] DEBUG org.hibernate.SQL.logStatement - select c1_0.`user_id`,c1_1.`id`,c1_1.`anyo`,c1_1.`autor`,c1_1.`categoria`,c1_1.`comentario`,c1_1.`descripcion`,c1_1.`duracion`,c1_1.`genero`,c1_1.`puntuacion`,c1_1.`titulo`,c1_1.`url` from `contiene` c1_0 join `contenido` c1_1 on c1_1.`id`=c1_0.`contenido_id` where c1_0.`user_id`=?
2024-06-03 20:14:13.318 [http-nio-8080-exec-5] DEBUG org.hibernate.SQL.logStatement - select u1_0.`id`,u1_0.`password`,u1_0.`username`,c1_0.`user_id`,c1_1.`id`,c1_1.`anyo`,c1_1.`autor`,c1_1.`categoria`,c1_1.`comentario`,c1_1.`descripcion`,c1_1.`duracion`,c1_1.`genero`,c1_1.`puntuacion`,c1_1.`titulo`,c1_1.`url` from `user` u1_0 left join `contiene` c1_0 on u1_0.`id`=c1_0.`user_id` left join `contenido` c1_1 on c1_1.`id`=c1_0.`contenido_id` where u1_0.`id`=?
2024-06-03 20:14:13.324 [http-nio-8080-exec-9] DEBUG org.hibernate.SQL.logStatement - select u1_0.`id`,u1_0.`password`,u1_0.`username`,c1_0.`user_id`,c1_1.`id`,c1_1.`anyo`,c1_1.`autor`,c1_1.`categoria`,c1_1.`comentario`,c1_1.`descripcion`,c1_1.`duracion`,c1_1.`genero`,c1_1.`puntuacion`,c1_1.`titulo`,c1_1.`url` from `user` u1_0 left join `contiene` c1_0 on u1_0.`id`=c1_0.`user_id` left join `contenido` c1_1 on c1_1.`id`=c1_0.`contenido_id` where u1_0.`id`=?
2024-06-03 20:14:15.661 [http-nio-8080-exec-10] DEBUG org.hibernate.SQL.logStatement - select u1_0.`id`,u1_0.`password`,u1_0.`username`,c1_0.`user_id`,c1_1.`id`,c1_1.`anyo`,c1_1.`autor`,c1_1.`categoria`,c1_1.`comentario`,c1_1.`descripcion`,c1_1.`duracion`,c1_1.`genero`,c1_1.`puntuacion`,c1_1.`titulo`,c1_1.`url` from `user` u1_0 left join `contiene` c1_0 on u1_0.`id`=c1_0.`user_id` left join `contenido` c1_1 on c1_1.`id`=c1_0.`contenido_id` where u1_0.`id`=?
2024-06-03 20:14:27.915 [http-nio-8080-exec-6] DEBUG org.hibernate.SQL.logStatement - select u1_0.`id`,u1_0.`password`,u1_0.`username`,c1_0.`user_id`,c1_1.`id`,c1_1.`anyo`,c1_1.`autor`,c1_1.`categoria`,c1_1.`comentario`,c1_1.`descripcion`,c1_1.`duracion`,c1_1.`genero`,c1_1.`puntuacion`,c1_1.`titulo`,c1_1.`url` from `user` u1_0 left join `contiene` c1_0 on u1_0.`id`=c1_0.`user_id` left join `contenido` c1_1 on c1_1.`id`=c1_0.`contenido_id` where u1_0.`id`=?
2024-06-03 20:14:27.915 [http-nio-8080-exec-8] DEBUG org.hibernate.SQL.logStatement - select u1_0.`id`,u1_0.`password`,u1_0.`username`,c1_0.`user_id`,c1_1.`id`,c1_1.`anyo`,c1_1.`autor`,c1_1.`categoria`,c1_1.`comentario`,c1_1.`descripcion`,c1_1.`duracion`,c1_1.`genero`,c1_1.`puntuacion`,c1_1.`titulo`,c1_1.`url` from `user` u1_0 left join `contiene` c1_0 on u1_0.`id`=c1_0.`user_id` left join `contenido` c1_1 on c1_1.`id`=c1_0.`contenido_id` where u1_0.`id`=?
2024-06-03 20:21:44.971 [http-nio-8080-exec-10] DEBUG org.hibernate.SQL.logStatement - select u1_0.`id`,u1_0.`password`,u1_0.`username`,c1_0.`user_id`,c1_1.`id`,c1_1.`anyo`,c1_1.`autor`,c1_1.`categoria`,c1_1.`comentario`,c1_1.`descripcion`,c1_1.`duracion`,c1_1.`genero`,c1_1.`puntuacion`,c1_1.`titulo`,c1_1.`url` from `user` u1_0 left join `contiene` c1_0 on u1_0.`id`=c1_0.`user_id` left join `contenido` c1_1 on c1_1.`id`=c1_0.`contenido_id` where u1_0.`id`=?
2024-06-03 20:21:44.971 [http-nio-8080-exec-9] DEBUG org.hibernate.SQL.logStatement - select u1_0.`id`,u1_0.`password`,u1_0.`username`,c1_0.`user_id`,c1_1.`id`,c1_1.`anyo`,c1_1.`autor`,c1_1.`categoria`,c1_1.`comentario`,c1_1.`descripcion`,c1_1.`duracion`,c1_1.`genero`,c1_1.`puntuacion`,c1_1.`titulo`,c1_1.`url` from `user` u1_0 left join `contiene` c1_0 on u1_0.`id`=c1_0.`user_id` left join `contenido` c1_1 on c1_1.`id`=c1_0.`contenido_id` where u1_0.`id`=?
2024-06-03 20:32:55.803 [http-nio-8080-exec-4] DEBUG org.hibernate.SQL.logStatement - select u1_0.`id`,u1_0.`password`,u1_0.`username`,c1_0.`user_id`,c1_1.`id`,c1_1.`anyo`,c1_1.`autor`,c1_1.`categoria`,c1_1.`comentario`,c1_1.`descripcion`,c1_1.`duracion`,c1_1.`genero`,c1_1.`puntuacion`,c1_1.`titulo`,c1_1.`url` from `user` u1_0 left join `contiene` c1_0 on u1_0.`id`=c1_0.`user_id` left join `contenido` c1_1 on c1_1.`id`=c1_0.`contenido_id` where u1_0.`id`=?
2024-06-03 20:32:55.849 [http-nio-8080-exec-2] DEBUG org.hibernate.SQL.logStatement - select u1_0.`id`,u1_0.`password`,u1_0.`username`,c1_0.`user_id`,c1_1.`id`,c1_1.`anyo`,c1_1.`autor`,c1_1.`categoria`,c1_1.`comentario`,c1_1.`descripcion`,c1_1.`duracion`,c1_1.`genero`,c1_1.`puntuacion`,c1_1.`titulo`,c1_1.`url` from `user` u1_0 left join `contiene` c1_0 on u1_0.`id`=c1_0.`user_id` left join `contenido` c1_1 on c1_1.`id`=c1_0.`contenido_id` where u1_0.`id`=?
2024-06-03 20:32:57.094 [http-nio-8080-exec-8] DEBUG org.hibernate.SQL.logStatement - select u1_0.`id`,u1_0.`password`,u1_0.`username`,c1_0.`user_id`,c1_1.`id`,c1_1.`anyo`,c1_1.`autor`,c1_1.`categoria`,c1_1.`comentario`,c1_1.`descripcion`,c1_1.`duracion`,c1_1.`genero`,c1_1.`puntuacion`,c1_1.`titulo`,c1_1.`url` from `user` u1_0 left join `contiene` c1_0 on u1_0.`id`=c1_0.`user_id` left join `contenido` c1_1 on c1_1.`id`=c1_0.`contenido_id` where u1_0.`id`=?
2024-06-03 21:01:30.663 [HikariPool-1 housekeeper] WARN  com.zaxxer.hikari.pool.HikariPool.run - HikariPool-1 - Thread starvation or clock leap detected (housekeeper delta=9m10s447ms86µs).
2024-06-03 22:34:56.651 [HikariPool-1 housekeeper] WARN  com.zaxxer.hikari.pool.HikariPool.run - HikariPool-1 - Thread starvation or clock leap detected (housekeeper delta=36m55s24ms353µs600ns).
2024-06-03 23:36:05.471 [http-nio-8080-exec-1] INFO  o.s.api.AbstractOpenApiResource.getOpenApi - Init duration for springdoc-openapi is: 677 ms
2024-06-03 23:36:12.117 [SpringApplicationShutdownHook] INFO  o.s.o.j.LocalContainerEntityManagerFactoryBean.destroy - Closing JPA EntityManagerFactory for persistence unit 'default'
2024-06-03 23:36:12.127 [SpringApplicationShutdownHook] INFO  com.zaxxer.hikari.HikariDataSource.close - HikariPool-1 - Shutdown initiated...
2024-06-03 23:36:12.130 [SpringApplicationShutdownHook] INFO  com.zaxxer.hikari.HikariDataSource.close - HikariPool-1 - Shutdown completed.
