2024-05-08 00:20:13.732 [HikariPool-1 housekeeper] WARN  com.zaxxer.hikari.pool.HikariPool.run - HikariPool-1 - Thread starvation or clock leap detected (housekeeper delta=57m44s118ms416µs500ns).
2024-05-08 03:11:26.913 [HikariPool-1 housekeeper] WARN  com.zaxxer.hikari.pool.HikariPool.run - HikariPool-1 - Thread starvation or clock leap detected (housekeeper delta=2h48m13s91ms102µs900ns).
2024-05-08 08:47:16.465 [HikariPool-1 housekeeper] WARN  com.zaxxer.hikari.pool.HikariPool.run - HikariPool-1 - Thread starvation or clock leap detected (housekeeper delta=5h32m49s518ms489µs100ns).
2024-05-08 10:46:21.291 [HikariPool-1 housekeeper] WARN  com.zaxxer.hikari.pool.HikariPool.run - HikariPool-1 - Thread starvation or clock leap detected (housekeeper delta=1h56m4s773ms914µs800ns).
2024-05-08 11:01:07.810 [HikariPool-1 housekeeper] WARN  com.zaxxer.hikari.pool.HikariPool.run - HikariPool-1 - Thread starvation or clock leap detected (housekeeper delta=10m45s624ms687µs200ns).
2024-05-08 11:17:49.445 [HikariPool-1 housekeeper] WARN  com.zaxxer.hikari.pool.HikariPool.run - HikariPool-1 - Thread starvation or clock leap detected (housekeeper delta=13m41s576ms7µs600ns).
2024-05-08 11:21:47.255 [HikariPool-1 housekeeper] WARN  com.zaxxer.hikari.pool.HikariPool.run - HikariPool-1 - Thread starvation or clock leap detected (housekeeper delta=57s771ms613µs700ns).
2024-05-08 11:55:58.139 [HikariPool-1 housekeeper] WARN  com.zaxxer.hikari.pool.HikariPool.run - HikariPool-1 - Thread starvation or clock leap detected (housekeeper delta=2m40s374ms695µs500ns).
2024-05-08 12:00:17.879 [HikariPool-1 housekeeper] WARN  com.zaxxer.hikari.pool.HikariPool.run - HikariPool-1 - Thread starvation or clock leap detected (housekeeper delta=1m49s700ms537µs200ns).
2024-05-08 12:33:57.288 [HikariPool-1 housekeeper] WARN  com.zaxxer.hikari.pool.HikariPool.run - HikariPool-1 - Thread starvation or clock leap detected (housekeeper delta=20m30s216ms670µs).
2024-05-08 12:37:50.084 [HikariPool-1 housekeeper] WARN  com.zaxxer.hikari.pool.HikariPool.run - HikariPool-1 - Thread starvation or clock leap detected (housekeeper delta=52s751ms64µs400ns).
2024-05-08 12:50:12.580 [HikariPool-1 housekeeper] WARN  com.zaxxer.hikari.pool.HikariPool.run - HikariPool-1 - Thread starvation or clock leap detected (housekeeper delta=11m52s491ms764µs100ns).
2024-05-08 12:52:40.426 [HikariPool-1 housekeeper] WARN  com.zaxxer.hikari.pool.HikariPool.run - HikariPool-1 - Thread starvation or clock leap detected (housekeeper delta=1m57s834ms877µs).
2024-05-08 13:02:40.843 [HikariPool-1 housekeeper] WARN  com.zaxxer.hikari.pool.HikariPool.run - HikariPool-1 - Thread starvation or clock leap detected (housekeeper delta=1m301ms772µs600ns).
2024-05-08 13:10:43.574 [HikariPool-1 housekeeper] WARN  com.zaxxer.hikari.pool.HikariPool.run - HikariPool-1 - Thread starvation or clock leap detected (housekeeper delta=4m32s665ms12µs300ns).
2024-05-08 13:27:50.831 [HikariPool-1 housekeeper] WARN  com.zaxxer.hikari.pool.HikariPool.run - HikariPool-1 - Thread starvation or clock leap detected (housekeeper delta=10m7s135ms625µs800ns).
2024-05-08 14:41:20.687 [HikariPool-1 housekeeper] WARN  com.zaxxer.hikari.pool.HikariPool.run - HikariPool-1 - Thread starvation or clock leap detected (housekeeper delta=37m58s757ms322µs).
2024-05-08 20:14:36.127 [restartedMain] INFO  c.e.A.ApiBibliotecaMultimediaApplication.logStarting - Starting ApiBibliotecaMultimediaApplication using Java 21 with PID 24884 (C:\Users\Alberto\Desktop\TFG\API\API_biblioteca_multimedia\API_biblioteca_multimedia\target\classes started by Alberto in C:\Users\Alberto\Desktop\TFG\API\API_biblioteca_multimedia\API_biblioteca_multimedia)
2024-05-08 20:14:36.130 [restartedMain] INFO  c.e.A.ApiBibliotecaMultimediaApplication.logStartupProfileInfo - No active profile set, falling back to 1 default profile: "default"
2024-05-08 20:14:36.174 [restartedMain] INFO  o.s.b.d.e.DevToolsPropertyDefaultsPostProcessor.logTo - Devtools property defaults active! Set 'spring.devtools.add-properties' to 'false' to disable
2024-05-08 20:14:36.175 [restartedMain] INFO  o.s.b.d.e.DevToolsPropertyDefaultsPostProcessor.logTo - For additional web related logging consider setting the 'logging.level.web' property to 'DEBUG'
2024-05-08 20:14:36.942 [restartedMain] INFO  o.s.d.r.c.RepositoryConfigurationDelegate.registerRepositoriesIn - Bootstrapping Spring Data JPA repositories in DEFAULT mode.
2024-05-08 20:14:36.995 [restartedMain] INFO  o.s.d.r.c.RepositoryConfigurationDelegate.registerRepositoriesIn - Finished Spring Data repository scanning in 44 ms. Found 2 JPA repository interfaces.
2024-05-08 20:14:37.531 [restartedMain] INFO  o.s.b.w.e.tomcat.TomcatWebServer.initialize - Tomcat initialized with port 8080 (http)
2024-05-08 20:14:37.543 [restartedMain] INFO  o.a.catalina.core.StandardService.log - Starting service [Tomcat]
2024-05-08 20:14:37.543 [restartedMain] INFO  o.a.catalina.core.StandardEngine.log - Starting Servlet engine: [Apache Tomcat/10.1.20]
2024-05-08 20:14:37.592 [restartedMain] INFO  o.a.c.c.C.[Tomcat].[localhost].[/].log - Initializing Spring embedded WebApplicationContext
2024-05-08 20:14:37.592 [restartedMain] INFO  o.s.b.w.s.c.ServletWebServerApplicationContext.prepareWebApplicationContext - Root WebApplicationContext: initialization completed in 1417 ms
2024-05-08 20:14:37.726 [restartedMain] INFO  o.h.jpa.internal.util.LogHelper.logPersistenceUnitInformation - HHH000204: Processing PersistenceUnitInfo [name: default]
2024-05-08 20:14:37.800 [restartedMain] INFO  org.hibernate.Version.logVersion - HHH000412: Hibernate ORM core version 6.4.4.Final
2024-05-08 20:14:37.836 [restartedMain] INFO  o.h.c.i.RegionFactoryInitiator.initiateService - HHH000026: Second-level cache disabled
2024-05-08 20:14:38.074 [restartedMain] INFO  o.s.o.j.p.SpringPersistenceUnitInfo.addTransformer - No LoadTimeWeaver setup: ignoring JPA class transformer
2024-05-08 20:14:38.105 [restartedMain] INFO  com.zaxxer.hikari.HikariDataSource.getConnection - HikariPool-1 - Starting...
2024-05-08 20:14:38.193 [restartedMain] INFO  com.zaxxer.hikari.pool.HikariPool.checkFailFast - HikariPool-1 - Added connection org.mariadb.jdbc.Connection@48cee76
2024-05-08 20:14:38.195 [restartedMain] INFO  com.zaxxer.hikari.HikariDataSource.getConnection - HikariPool-1 - Start completed.
2024-05-08 20:14:39.023 [restartedMain] INFO  o.h.e.t.j.p.i.JtaPlatformInitiator.initiateService - HHH000489: No JTA platform available (set 'hibernate.transaction.jta.platform' to enable JTA platform integration)
2024-05-08 20:14:39.084 [restartedMain] INFO  o.s.o.j.LocalContainerEntityManagerFactoryBean.buildNativeEntityManagerFactory - Initialized JPA EntityManagerFactory for persistence unit 'default'
2024-05-08 20:14:39.505 [restartedMain] WARN  o.s.b.a.o.j.JpaBaseConfiguration$JpaWebConfiguration.openEntityManagerInViewInterceptor - spring.jpa.open-in-view is enabled by default. Therefore, database queries may be performed during view rendering. Explicitly configure spring.jpa.open-in-view to disable this warning
2024-05-08 20:14:40.089 [restartedMain] INFO  o.s.b.d.a.OptionalLiveReloadServer.startServer - LiveReload server is running on port 35729
2024-05-08 20:14:40.129 [restartedMain] INFO  o.s.b.w.e.tomcat.TomcatWebServer.start - Tomcat started on port 8080 (http) with context path ''
2024-05-08 20:14:40.137 [restartedMain] INFO  c.e.A.ApiBibliotecaMultimediaApplication.logStarted - Started ApiBibliotecaMultimediaApplication in 4.453 seconds (process running for 5.223)
2024-05-08 20:14:43.768 [http-nio-8080-exec-1] INFO  o.a.c.c.C.[Tomcat].[localhost].[/].log - Initializing Spring DispatcherServlet 'dispatcherServlet'
2024-05-08 20:14:43.769 [http-nio-8080-exec-1] INFO  o.s.web.servlet.DispatcherServlet.initServletBean - Initializing Servlet 'dispatcherServlet'
2024-05-08 20:14:43.771 [http-nio-8080-exec-1] INFO  o.s.web.servlet.DispatcherServlet.initServletBean - Completed initialization in 2 ms
2024-05-08 20:14:43.879 [http-nio-8080-exec-1] DEBUG org.hibernate.SQL.logStatement - select u1_0.`id`,u1_0.`password`,u1_0.`username` from `user` u1_0
2024-05-08 20:14:43.898 [http-nio-8080-exec-1] DEBUG org.hibernate.SQL.logStatement - select c1_0.`user_id`,c1_1.`id`,c1_1.`anyo`,c1_1.`autor`,c1_1.`categoria`,c1_1.`comentario`,c1_1.`descripcion`,c1_1.`duracion`,c1_1.`genero`,c1_1.`puntuacion`,c1_1.`titulo`,c1_1.`url` from `contiene` c1_0 join `contenido` c1_1 on c1_1.`id`=c1_0.`contenido_id` where c1_0.`user_id`=?
2024-05-08 20:14:43.901 [http-nio-8080-exec-1] DEBUG org.hibernate.SQL.logStatement - select c1_0.`user_id`,c1_1.`id`,c1_1.`anyo`,c1_1.`autor`,c1_1.`categoria`,c1_1.`comentario`,c1_1.`descripcion`,c1_1.`duracion`,c1_1.`genero`,c1_1.`puntuacion`,c1_1.`titulo`,c1_1.`url` from `contiene` c1_0 join `contenido` c1_1 on c1_1.`id`=c1_0.`contenido_id` where c1_0.`user_id`=?
2024-05-08 20:14:43.901 [http-nio-8080-exec-1] DEBUG org.hibernate.SQL.logStatement - select c1_0.`user_id`,c1_1.`id`,c1_1.`anyo`,c1_1.`autor`,c1_1.`categoria`,c1_1.`comentario`,c1_1.`descripcion`,c1_1.`duracion`,c1_1.`genero`,c1_1.`puntuacion`,c1_1.`titulo`,c1_1.`url` from `contiene` c1_0 join `contenido` c1_1 on c1_1.`id`=c1_0.`contenido_id` where c1_0.`user_id`=?
2024-05-08 20:14:44.167 [http-nio-8080-exec-2] DEBUG org.hibernate.SQL.logStatement - select u1_0.`id`,u1_0.`password`,u1_0.`username`,c1_0.`user_id`,c1_1.`id`,c1_1.`anyo`,c1_1.`autor`,c1_1.`categoria`,c1_1.`comentario`,c1_1.`descripcion`,c1_1.`duracion`,c1_1.`genero`,c1_1.`puntuacion`,c1_1.`titulo`,c1_1.`url` from `user` u1_0 left join `contiene` c1_0 on u1_0.`id`=c1_0.`user_id` left join `contenido` c1_1 on c1_1.`id`=c1_0.`contenido_id` where u1_0.`id`=?
2024-05-08 20:46:20.603 [http-nio-8080-exec-1] INFO  o.s.api.AbstractOpenApiResource.getOpenApi - Init duration for springdoc-openapi is: 482 ms
2024-05-08 20:46:33.314 [http-nio-8080-exec-2] DEBUG org.hibernate.SQL.logStatement - select u1_0.`id`,u1_0.`password`,u1_0.`username`,c1_0.`user_id`,c1_1.`id`,c1_1.`anyo`,c1_1.`autor`,c1_1.`categoria`,c1_1.`comentario`,c1_1.`descripcion`,c1_1.`duracion`,c1_1.`genero`,c1_1.`puntuacion`,c1_1.`titulo`,c1_1.`url` from `user` u1_0 left join `contiene` c1_0 on u1_0.`id`=c1_0.`user_id` left join `contenido` c1_1 on c1_1.`id`=c1_0.`contenido_id` where u1_0.`id`=?
2024-05-08 22:28:18.230 [HikariPool-1 housekeeper] WARN  com.zaxxer.hikari.pool.HikariPool.run - HikariPool-1 - Thread starvation or clock leap detected (housekeeper delta=1h35m38s269ms546µs).
2024-05-08 22:38:58.505 [http-nio-8080-exec-6] DEBUG org.hibernate.SQL.logStatement - select u1_0.`id`,u1_0.`password`,u1_0.`username` from `user` u1_0
2024-05-08 22:38:58.508 [http-nio-8080-exec-6] DEBUG org.hibernate.SQL.logStatement - select c1_0.`user_id`,c1_1.`id`,c1_1.`anyo`,c1_1.`autor`,c1_1.`categoria`,c1_1.`comentario`,c1_1.`descripcion`,c1_1.`duracion`,c1_1.`genero`,c1_1.`puntuacion`,c1_1.`titulo`,c1_1.`url` from `contiene` c1_0 join `contenido` c1_1 on c1_1.`id`=c1_0.`contenido_id` where c1_0.`user_id`=?
2024-05-08 22:38:58.509 [http-nio-8080-exec-6] DEBUG org.hibernate.SQL.logStatement - select c1_0.`user_id`,c1_1.`id`,c1_1.`anyo`,c1_1.`autor`,c1_1.`categoria`,c1_1.`comentario`,c1_1.`descripcion`,c1_1.`duracion`,c1_1.`genero`,c1_1.`puntuacion`,c1_1.`titulo`,c1_1.`url` from `contiene` c1_0 join `contenido` c1_1 on c1_1.`id`=c1_0.`contenido_id` where c1_0.`user_id`=?
2024-05-08 22:38:58.509 [http-nio-8080-exec-6] DEBUG org.hibernate.SQL.logStatement - select c1_0.`user_id`,c1_1.`id`,c1_1.`anyo`,c1_1.`autor`,c1_1.`categoria`,c1_1.`comentario`,c1_1.`descripcion`,c1_1.`duracion`,c1_1.`genero`,c1_1.`puntuacion`,c1_1.`titulo`,c1_1.`url` from `contiene` c1_0 join `contenido` c1_1 on c1_1.`id`=c1_0.`contenido_id` where c1_0.`user_id`=?
2024-05-08 22:38:58.710 [http-nio-8080-exec-8] DEBUG org.hibernate.SQL.logStatement - select u1_0.`id`,u1_0.`password`,u1_0.`username`,c1_0.`user_id`,c1_1.`id`,c1_1.`anyo`,c1_1.`autor`,c1_1.`categoria`,c1_1.`comentario`,c1_1.`descripcion`,c1_1.`duracion`,c1_1.`genero`,c1_1.`puntuacion`,c1_1.`titulo`,c1_1.`url` from `user` u1_0 left join `contiene` c1_0 on u1_0.`id`=c1_0.`user_id` left join `contenido` c1_1 on c1_1.`id`=c1_0.`contenido_id` where u1_0.`id`=?
2024-05-08 22:39:19.859 [http-nio-8080-exec-2] DEBUG org.hibernate.SQL.logStatement - select u1_0.`id`,u1_0.`password`,u1_0.`username` from `user` u1_0
2024-05-08 22:39:19.860 [http-nio-8080-exec-2] DEBUG org.hibernate.SQL.logStatement - select c1_0.`user_id`,c1_1.`id`,c1_1.`anyo`,c1_1.`autor`,c1_1.`categoria`,c1_1.`comentario`,c1_1.`descripcion`,c1_1.`duracion`,c1_1.`genero`,c1_1.`puntuacion`,c1_1.`titulo`,c1_1.`url` from `contiene` c1_0 join `contenido` c1_1 on c1_1.`id`=c1_0.`contenido_id` where c1_0.`user_id`=?
2024-05-08 22:39:19.862 [http-nio-8080-exec-2] DEBUG org.hibernate.SQL.logStatement - select c1_0.`user_id`,c1_1.`id`,c1_1.`anyo`,c1_1.`autor`,c1_1.`categoria`,c1_1.`comentario`,c1_1.`descripcion`,c1_1.`duracion`,c1_1.`genero`,c1_1.`puntuacion`,c1_1.`titulo`,c1_1.`url` from `contiene` c1_0 join `contenido` c1_1 on c1_1.`id`=c1_0.`contenido_id` where c1_0.`user_id`=?
2024-05-08 22:39:19.863 [http-nio-8080-exec-2] DEBUG org.hibernate.SQL.logStatement - select c1_0.`user_id`,c1_1.`id`,c1_1.`anyo`,c1_1.`autor`,c1_1.`categoria`,c1_1.`comentario`,c1_1.`descripcion`,c1_1.`duracion`,c1_1.`genero`,c1_1.`puntuacion`,c1_1.`titulo`,c1_1.`url` from `contiene` c1_0 join `contenido` c1_1 on c1_1.`id`=c1_0.`contenido_id` where c1_0.`user_id`=?
2024-05-08 22:39:20.021 [http-nio-8080-exec-4] DEBUG org.hibernate.SQL.logStatement - select u1_0.`id`,u1_0.`password`,u1_0.`username`,c1_0.`user_id`,c1_1.`id`,c1_1.`anyo`,c1_1.`autor`,c1_1.`categoria`,c1_1.`comentario`,c1_1.`descripcion`,c1_1.`duracion`,c1_1.`genero`,c1_1.`puntuacion`,c1_1.`titulo`,c1_1.`url` from `user` u1_0 left join `contiene` c1_0 on u1_0.`id`=c1_0.`user_id` left join `contenido` c1_1 on c1_1.`id`=c1_0.`contenido_id` where u1_0.`id`=?
2024-05-08 22:50:01.216 [http-nio-8080-exec-7] DEBUG org.hibernate.SQL.logStatement - select u1_0.`id`,u1_0.`password`,u1_0.`username` from `user` u1_0
2024-05-08 22:50:01.219 [http-nio-8080-exec-7] DEBUG org.hibernate.SQL.logStatement - select c1_0.`user_id`,c1_1.`id`,c1_1.`anyo`,c1_1.`autor`,c1_1.`categoria`,c1_1.`comentario`,c1_1.`descripcion`,c1_1.`duracion`,c1_1.`genero`,c1_1.`puntuacion`,c1_1.`titulo`,c1_1.`url` from `contiene` c1_0 join `contenido` c1_1 on c1_1.`id`=c1_0.`contenido_id` where c1_0.`user_id`=?
2024-05-08 22:50:01.219 [http-nio-8080-exec-7] DEBUG org.hibernate.SQL.logStatement - select c1_0.`user_id`,c1_1.`id`,c1_1.`anyo`,c1_1.`autor`,c1_1.`categoria`,c1_1.`comentario`,c1_1.`descripcion`,c1_1.`duracion`,c1_1.`genero`,c1_1.`puntuacion`,c1_1.`titulo`,c1_1.`url` from `contiene` c1_0 join `contenido` c1_1 on c1_1.`id`=c1_0.`contenido_id` where c1_0.`user_id`=?
2024-05-08 22:50:01.220 [http-nio-8080-exec-7] DEBUG org.hibernate.SQL.logStatement - select c1_0.`user_id`,c1_1.`id`,c1_1.`anyo`,c1_1.`autor`,c1_1.`categoria`,c1_1.`comentario`,c1_1.`descripcion`,c1_1.`duracion`,c1_1.`genero`,c1_1.`puntuacion`,c1_1.`titulo`,c1_1.`url` from `contiene` c1_0 join `contenido` c1_1 on c1_1.`id`=c1_0.`contenido_id` where c1_0.`user_id`=?
2024-05-08 22:50:01.397 [http-nio-8080-exec-5] DEBUG org.hibernate.SQL.logStatement - select u1_0.`id`,u1_0.`password`,u1_0.`username`,c1_0.`user_id`,c1_1.`id`,c1_1.`anyo`,c1_1.`autor`,c1_1.`categoria`,c1_1.`comentario`,c1_1.`descripcion`,c1_1.`duracion`,c1_1.`genero`,c1_1.`puntuacion`,c1_1.`titulo`,c1_1.`url` from `user` u1_0 left join `contiene` c1_0 on u1_0.`id`=c1_0.`user_id` left join `contenido` c1_1 on c1_1.`id`=c1_0.`contenido_id` where u1_0.`id`=?
2024-05-08 22:51:48.878 [http-nio-8080-exec-1] DEBUG org.hibernate.SQL.logStatement - select u1_0.`id`,u1_0.`password`,u1_0.`username` from `user` u1_0
2024-05-08 22:51:48.880 [http-nio-8080-exec-1] DEBUG org.hibernate.SQL.logStatement - select c1_0.`user_id`,c1_1.`id`,c1_1.`anyo`,c1_1.`autor`,c1_1.`categoria`,c1_1.`comentario`,c1_1.`descripcion`,c1_1.`duracion`,c1_1.`genero`,c1_1.`puntuacion`,c1_1.`titulo`,c1_1.`url` from `contiene` c1_0 join `contenido` c1_1 on c1_1.`id`=c1_0.`contenido_id` where c1_0.`user_id`=?
2024-05-08 22:51:48.881 [http-nio-8080-exec-1] DEBUG org.hibernate.SQL.logStatement - select c1_0.`user_id`,c1_1.`id`,c1_1.`anyo`,c1_1.`autor`,c1_1.`categoria`,c1_1.`comentario`,c1_1.`descripcion`,c1_1.`duracion`,c1_1.`genero`,c1_1.`puntuacion`,c1_1.`titulo`,c1_1.`url` from `contiene` c1_0 join `contenido` c1_1 on c1_1.`id`=c1_0.`contenido_id` where c1_0.`user_id`=?
2024-05-08 22:51:48.882 [http-nio-8080-exec-1] DEBUG org.hibernate.SQL.logStatement - select c1_0.`user_id`,c1_1.`id`,c1_1.`anyo`,c1_1.`autor`,c1_1.`categoria`,c1_1.`comentario`,c1_1.`descripcion`,c1_1.`duracion`,c1_1.`genero`,c1_1.`puntuacion`,c1_1.`titulo`,c1_1.`url` from `contiene` c1_0 join `contenido` c1_1 on c1_1.`id`=c1_0.`contenido_id` where c1_0.`user_id`=?
2024-05-08 22:51:49.057 [http-nio-8080-exec-10] DEBUG org.hibernate.SQL.logStatement - select u1_0.`id`,u1_0.`password`,u1_0.`username`,c1_0.`user_id`,c1_1.`id`,c1_1.`anyo`,c1_1.`autor`,c1_1.`categoria`,c1_1.`comentario`,c1_1.`descripcion`,c1_1.`duracion`,c1_1.`genero`,c1_1.`puntuacion`,c1_1.`titulo`,c1_1.`url` from `user` u1_0 left join `contiene` c1_0 on u1_0.`id`=c1_0.`user_id` left join `contenido` c1_1 on c1_1.`id`=c1_0.`contenido_id` where u1_0.`id`=?
2024-05-08 22:57:16.880 [http-nio-8080-exec-3] DEBUG org.hibernate.SQL.logStatement - select u1_0.`id`,u1_0.`password`,u1_0.`username` from `user` u1_0
2024-05-08 22:57:16.889 [http-nio-8080-exec-3] DEBUG org.hibernate.SQL.logStatement - select c1_0.`user_id`,c1_1.`id`,c1_1.`anyo`,c1_1.`autor`,c1_1.`categoria`,c1_1.`comentario`,c1_1.`descripcion`,c1_1.`duracion`,c1_1.`genero`,c1_1.`puntuacion`,c1_1.`titulo`,c1_1.`url` from `contiene` c1_0 join `contenido` c1_1 on c1_1.`id`=c1_0.`contenido_id` where c1_0.`user_id`=?
2024-05-08 22:57:16.890 [http-nio-8080-exec-3] DEBUG org.hibernate.SQL.logStatement - select c1_0.`user_id`,c1_1.`id`,c1_1.`anyo`,c1_1.`autor`,c1_1.`categoria`,c1_1.`comentario`,c1_1.`descripcion`,c1_1.`duracion`,c1_1.`genero`,c1_1.`puntuacion`,c1_1.`titulo`,c1_1.`url` from `contiene` c1_0 join `contenido` c1_1 on c1_1.`id`=c1_0.`contenido_id` where c1_0.`user_id`=?
2024-05-08 22:57:16.890 [http-nio-8080-exec-3] DEBUG org.hibernate.SQL.logStatement - select c1_0.`user_id`,c1_1.`id`,c1_1.`anyo`,c1_1.`autor`,c1_1.`categoria`,c1_1.`comentario`,c1_1.`descripcion`,c1_1.`duracion`,c1_1.`genero`,c1_1.`puntuacion`,c1_1.`titulo`,c1_1.`url` from `contiene` c1_0 join `contenido` c1_1 on c1_1.`id`=c1_0.`contenido_id` where c1_0.`user_id`=?
2024-05-08 22:57:17.012 [http-nio-8080-exec-9] DEBUG org.hibernate.SQL.logStatement - select u1_0.`id`,u1_0.`password`,u1_0.`username`,c1_0.`user_id`,c1_1.`id`,c1_1.`anyo`,c1_1.`autor`,c1_1.`categoria`,c1_1.`comentario`,c1_1.`descripcion`,c1_1.`duracion`,c1_1.`genero`,c1_1.`puntuacion`,c1_1.`titulo`,c1_1.`url` from `user` u1_0 left join `contiene` c1_0 on u1_0.`id`=c1_0.`user_id` left join `contenido` c1_1 on c1_1.`id`=c1_0.`contenido_id` where u1_0.`id`=?
2024-05-08 22:57:34.814 [http-nio-8080-exec-8] DEBUG org.hibernate.SQL.logStatement - select u1_0.`id`,u1_0.`password`,u1_0.`username` from `user` u1_0
2024-05-08 22:57:34.816 [http-nio-8080-exec-8] DEBUG org.hibernate.SQL.logStatement - select c1_0.`user_id`,c1_1.`id`,c1_1.`anyo`,c1_1.`autor`,c1_1.`categoria`,c1_1.`comentario`,c1_1.`descripcion`,c1_1.`duracion`,c1_1.`genero`,c1_1.`puntuacion`,c1_1.`titulo`,c1_1.`url` from `contiene` c1_0 join `contenido` c1_1 on c1_1.`id`=c1_0.`contenido_id` where c1_0.`user_id`=?
2024-05-08 22:57:34.817 [http-nio-8080-exec-8] DEBUG org.hibernate.SQL.logStatement - select c1_0.`user_id`,c1_1.`id`,c1_1.`anyo`,c1_1.`autor`,c1_1.`categoria`,c1_1.`comentario`,c1_1.`descripcion`,c1_1.`duracion`,c1_1.`genero`,c1_1.`puntuacion`,c1_1.`titulo`,c1_1.`url` from `contiene` c1_0 join `contenido` c1_1 on c1_1.`id`=c1_0.`contenido_id` where c1_0.`user_id`=?
2024-05-08 22:57:34.818 [http-nio-8080-exec-8] DEBUG org.hibernate.SQL.logStatement - select c1_0.`user_id`,c1_1.`id`,c1_1.`anyo`,c1_1.`autor`,c1_1.`categoria`,c1_1.`comentario`,c1_1.`descripcion`,c1_1.`duracion`,c1_1.`genero`,c1_1.`puntuacion`,c1_1.`titulo`,c1_1.`url` from `contiene` c1_0 join `contenido` c1_1 on c1_1.`id`=c1_0.`contenido_id` where c1_0.`user_id`=?
2024-05-08 22:57:34.948 [http-nio-8080-exec-6] DEBUG org.hibernate.SQL.logStatement - select u1_0.`id`,u1_0.`password`,u1_0.`username`,c1_0.`user_id`,c1_1.`id`,c1_1.`anyo`,c1_1.`autor`,c1_1.`categoria`,c1_1.`comentario`,c1_1.`descripcion`,c1_1.`duracion`,c1_1.`genero`,c1_1.`puntuacion`,c1_1.`titulo`,c1_1.`url` from `user` u1_0 left join `contiene` c1_0 on u1_0.`id`=c1_0.`user_id` left join `contenido` c1_1 on c1_1.`id`=c1_0.`contenido_id` where u1_0.`id`=?
2024-05-08 22:59:28.931 [http-nio-8080-exec-2] DEBUG org.hibernate.SQL.logStatement - select u1_0.`id`,u1_0.`password`,u1_0.`username` from `user` u1_0
2024-05-08 22:59:28.932 [http-nio-8080-exec-2] DEBUG org.hibernate.SQL.logStatement - select c1_0.`user_id`,c1_1.`id`,c1_1.`anyo`,c1_1.`autor`,c1_1.`categoria`,c1_1.`comentario`,c1_1.`descripcion`,c1_1.`duracion`,c1_1.`genero`,c1_1.`puntuacion`,c1_1.`titulo`,c1_1.`url` from `contiene` c1_0 join `contenido` c1_1 on c1_1.`id`=c1_0.`contenido_id` where c1_0.`user_id`=?
2024-05-08 22:59:28.933 [http-nio-8080-exec-2] DEBUG org.hibernate.SQL.logStatement - select c1_0.`user_id`,c1_1.`id`,c1_1.`anyo`,c1_1.`autor`,c1_1.`categoria`,c1_1.`comentario`,c1_1.`descripcion`,c1_1.`duracion`,c1_1.`genero`,c1_1.`puntuacion`,c1_1.`titulo`,c1_1.`url` from `contiene` c1_0 join `contenido` c1_1 on c1_1.`id`=c1_0.`contenido_id` where c1_0.`user_id`=?
2024-05-08 22:59:28.934 [http-nio-8080-exec-2] DEBUG org.hibernate.SQL.logStatement - select c1_0.`user_id`,c1_1.`id`,c1_1.`anyo`,c1_1.`autor`,c1_1.`categoria`,c1_1.`comentario`,c1_1.`descripcion`,c1_1.`duracion`,c1_1.`genero`,c1_1.`puntuacion`,c1_1.`titulo`,c1_1.`url` from `contiene` c1_0 join `contenido` c1_1 on c1_1.`id`=c1_0.`contenido_id` where c1_0.`user_id`=?
2024-05-08 22:59:29.060 [http-nio-8080-exec-4] DEBUG org.hibernate.SQL.logStatement - select u1_0.`id`,u1_0.`password`,u1_0.`username`,c1_0.`user_id`,c1_1.`id`,c1_1.`anyo`,c1_1.`autor`,c1_1.`categoria`,c1_1.`comentario`,c1_1.`descripcion`,c1_1.`duracion`,c1_1.`genero`,c1_1.`puntuacion`,c1_1.`titulo`,c1_1.`url` from `user` u1_0 left join `contiene` c1_0 on u1_0.`id`=c1_0.`user_id` left join `contenido` c1_1 on c1_1.`id`=c1_0.`contenido_id` where u1_0.`id`=?
2024-05-08 23:00:52.291 [http-nio-8080-exec-7] DEBUG org.hibernate.SQL.logStatement - select u1_0.`id`,u1_0.`password`,u1_0.`username` from `user` u1_0
2024-05-08 23:00:52.292 [http-nio-8080-exec-7] DEBUG org.hibernate.SQL.logStatement - select c1_0.`user_id`,c1_1.`id`,c1_1.`anyo`,c1_1.`autor`,c1_1.`categoria`,c1_1.`comentario`,c1_1.`descripcion`,c1_1.`duracion`,c1_1.`genero`,c1_1.`puntuacion`,c1_1.`titulo`,c1_1.`url` from `contiene` c1_0 join `contenido` c1_1 on c1_1.`id`=c1_0.`contenido_id` where c1_0.`user_id`=?
2024-05-08 23:00:52.293 [http-nio-8080-exec-7] DEBUG org.hibernate.SQL.logStatement - select c1_0.`user_id`,c1_1.`id`,c1_1.`anyo`,c1_1.`autor`,c1_1.`categoria`,c1_1.`comentario`,c1_1.`descripcion`,c1_1.`duracion`,c1_1.`genero`,c1_1.`puntuacion`,c1_1.`titulo`,c1_1.`url` from `contiene` c1_0 join `contenido` c1_1 on c1_1.`id`=c1_0.`contenido_id` where c1_0.`user_id`=?
2024-05-08 23:00:52.294 [http-nio-8080-exec-7] DEBUG org.hibernate.SQL.logStatement - select c1_0.`user_id`,c1_1.`id`,c1_1.`anyo`,c1_1.`autor`,c1_1.`categoria`,c1_1.`comentario`,c1_1.`descripcion`,c1_1.`duracion`,c1_1.`genero`,c1_1.`puntuacion`,c1_1.`titulo`,c1_1.`url` from `contiene` c1_0 join `contenido` c1_1 on c1_1.`id`=c1_0.`contenido_id` where c1_0.`user_id`=?
2024-05-08 23:00:52.421 [http-nio-8080-exec-5] DEBUG org.hibernate.SQL.logStatement - select u1_0.`id`,u1_0.`password`,u1_0.`username`,c1_0.`user_id`,c1_1.`id`,c1_1.`anyo`,c1_1.`autor`,c1_1.`categoria`,c1_1.`comentario`,c1_1.`descripcion`,c1_1.`duracion`,c1_1.`genero`,c1_1.`puntuacion`,c1_1.`titulo`,c1_1.`url` from `user` u1_0 left join `contiene` c1_0 on u1_0.`id`=c1_0.`user_id` left join `contenido` c1_1 on c1_1.`id`=c1_0.`contenido_id` where u1_0.`id`=?
