2024-04-25 16:47:29.249 [restartedMain] INFO  c.e.A.ApiBibliotecaMultimediaApplication.logStarting - Starting ApiBibliotecaMultimediaApplication using Java 21 with PID 7644 (C:\Users\Alberto\Desktop\TFG\API\API_biblioteca_multimedia\API_biblioteca_multimedia\target\classes started by Alberto in C:\Users\Alberto\Desktop\TFG\API\API_biblioteca_multimedia\API_biblioteca_multimedia)
2024-04-25 16:47:29.254 [restartedMain] INFO  c.e.A.ApiBibliotecaMultimediaApplication.logStartupProfileInfo - No active profile set, falling back to 1 default profile: "default"
2024-04-25 16:47:29.346 [restartedMain] INFO  o.s.b.d.e.DevToolsPropertyDefaultsPostProcessor.logTo - Devtools property defaults active! Set 'spring.devtools.add-properties' to 'false' to disable
2024-04-25 16:47:29.348 [restartedMain] INFO  o.s.b.d.e.DevToolsPropertyDefaultsPostProcessor.logTo - For additional web related logging consider setting the 'logging.level.web' property to 'DEBUG'
2024-04-25 16:47:31.032 [restartedMain] INFO  o.s.d.r.c.RepositoryConfigurationDelegate.registerRepositoriesIn - Bootstrapping Spring Data JPA repositories in DEFAULT mode.
2024-04-25 16:47:31.160 [restartedMain] INFO  o.s.d.r.c.RepositoryConfigurationDelegate.registerRepositoriesIn - Finished Spring Data repository scanning in 109 ms. Found 2 JPA repository interfaces.
2024-04-25 16:47:32.280 [restartedMain] INFO  o.s.b.w.e.tomcat.TomcatWebServer.initialize - Tomcat initialized with port 8080 (http)
2024-04-25 16:47:32.306 [restartedMain] INFO  o.a.catalina.core.StandardService.log - Starting service [Tomcat]
2024-04-25 16:47:32.306 [restartedMain] INFO  o.a.catalina.core.StandardEngine.log - Starting Servlet engine: [Apache Tomcat/10.1.20]
2024-04-25 16:47:32.431 [restartedMain] INFO  o.a.c.c.C.[Tomcat].[localhost].[/].log - Initializing Spring embedded WebApplicationContext
2024-04-25 16:47:32.432 [restartedMain] INFO  o.s.b.w.s.c.ServletWebServerApplicationContext.prepareWebApplicationContext - Root WebApplicationContext: initialization completed in 3083 ms
2024-04-25 16:47:32.712 [restartedMain] INFO  o.h.jpa.internal.util.LogHelper.logPersistenceUnitInformation - HHH000204: Processing PersistenceUnitInfo [name: default]
2024-04-25 16:47:32.854 [restartedMain] INFO  org.hibernate.Version.logVersion - HHH000412: Hibernate ORM core version 6.4.4.Final
2024-04-25 16:47:32.933 [restartedMain] INFO  o.h.c.i.RegionFactoryInitiator.initiateService - HHH000026: Second-level cache disabled
2024-04-25 16:47:33.459 [restartedMain] INFO  o.s.o.j.p.SpringPersistenceUnitInfo.addTransformer - No LoadTimeWeaver setup: ignoring JPA class transformer
2024-04-25 16:47:33.517 [restartedMain] INFO  com.zaxxer.hikari.HikariDataSource.getConnection - HikariPool-1 - Starting...
2024-04-25 16:47:33.735 [restartedMain] INFO  com.zaxxer.hikari.pool.HikariPool.checkFailFast - HikariPool-1 - Added connection org.mariadb.jdbc.Connection@6f7f1cf4
2024-04-25 16:47:33.740 [restartedMain] INFO  com.zaxxer.hikari.HikariDataSource.getConnection - HikariPool-1 - Start completed.
2024-04-25 16:47:35.575 [restartedMain] INFO  o.h.e.t.j.p.i.JtaPlatformInitiator.initiateService - HHH000489: No JTA platform available (set 'hibernate.transaction.jta.platform' to enable JTA platform integration)
2024-04-25 16:47:35.703 [restartedMain] INFO  o.s.o.j.LocalContainerEntityManagerFactoryBean.buildNativeEntityManagerFactory - Initialized JPA EntityManagerFactory for persistence unit 'default'
2024-04-25 16:47:36.680 [restartedMain] WARN  o.s.b.a.o.j.JpaBaseConfiguration$JpaWebConfiguration.openEntityManagerInViewInterceptor - spring.jpa.open-in-view is enabled by default. Therefore, database queries may be performed during view rendering. Explicitly configure spring.jpa.open-in-view to disable this warning
2024-04-25 16:47:38.041 [restartedMain] INFO  o.s.b.d.a.OptionalLiveReloadServer.startServer - LiveReload server is running on port 35729
2024-04-25 16:47:38.122 [restartedMain] INFO  o.s.b.w.e.tomcat.TomcatWebServer.start - Tomcat started on port 8080 (http) with context path ''
2024-04-25 16:47:38.143 [restartedMain] INFO  c.e.A.ApiBibliotecaMultimediaApplication.logStarted - Started ApiBibliotecaMultimediaApplication in 9.901 seconds (process running for 11.441)
2024-04-25 16:47:50.716 [http-nio-8080-exec-1] INFO  o.a.c.c.C.[Tomcat].[localhost].[/].log - Initializing Spring DispatcherServlet 'dispatcherServlet'
2024-04-25 16:47:50.717 [http-nio-8080-exec-1] INFO  o.s.web.servlet.DispatcherServlet.initServletBean - Initializing Servlet 'dispatcherServlet'
2024-04-25 16:47:50.720 [http-nio-8080-exec-1] INFO  o.s.web.servlet.DispatcherServlet.initServletBean - Completed initialization in 2 ms
2024-04-25 16:47:52.776 [http-nio-8080-exec-9] INFO  o.s.api.AbstractOpenApiResource.getOpenApi - Init duration for springdoc-openapi is: 1058 ms
2024-04-25 16:48:20.190 [http-nio-8080-exec-10] DEBUG org.hibernate.SQL.logStatement - select c1_0.`id`,c1_0.`anyo`,c1_0.`autor`,c1_0.`categoria`,c1_0.`comentario`,c1_0.`descripcion`,c1_0.`duracion`,c1_0.`genero`,c1_0.`puntuacion`,c1_0.`titulo`,c1_0.`url` from `contenido` c1_0
2024-04-25 16:51:12.436 [http-nio-8080-exec-2] DEBUG org.hibernate.SQL.logStatement - select c1_0.`id`,c1_0.`anyo`,c1_0.`autor`,c1_0.`categoria`,c1_0.`comentario`,c1_0.`descripcion`,c1_0.`duracion`,c1_0.`genero`,c1_0.`puntuacion`,c1_0.`titulo`,c1_0.`url` from `contenido` c1_0
2024-04-25 16:55:32.735 [http-nio-8080-exec-7] DEBUG org.hibernate.SQL.logStatement - select c1_0.`id`,c1_0.`anyo`,c1_0.`autor`,c1_0.`categoria`,c1_0.`comentario`,c1_0.`descripcion`,c1_0.`duracion`,c1_0.`genero`,c1_0.`puntuacion`,c1_0.`titulo`,c1_0.`url` from `contenido` c1_0 where c1_0.`anyo`=?
2024-04-25 16:55:48.230 [http-nio-8080-exec-9] DEBUG org.hibernate.SQL.logStatement - select c1_0.`id`,c1_0.`anyo`,c1_0.`autor`,c1_0.`categoria`,c1_0.`comentario`,c1_0.`descripcion`,c1_0.`duracion`,c1_0.`genero`,c1_0.`puntuacion`,c1_0.`titulo`,c1_0.`url` from `contenido` c1_0 where upper(c1_0.`autor`) like upper(?) escape '\\'
2024-04-25 16:56:00.941 [http-nio-8080-exec-10] DEBUG org.hibernate.SQL.logStatement - select c1_0.`id`,c1_0.`anyo`,c1_0.`autor`,c1_0.`categoria`,c1_0.`comentario`,c1_0.`descripcion`,c1_0.`duracion`,c1_0.`genero`,c1_0.`puntuacion`,c1_0.`titulo`,c1_0.`url` from `contenido` c1_0 where upper(c1_0.`autor`) like upper(?) escape '\\'
2024-04-25 16:59:21.438 [SpringApplicationShutdownHook] INFO  o.s.o.j.LocalContainerEntityManagerFactoryBean.destroy - Closing JPA EntityManagerFactory for persistence unit 'default'
2024-04-25 16:59:21.445 [SpringApplicationShutdownHook] INFO  com.zaxxer.hikari.HikariDataSource.close - HikariPool-1 - Shutdown initiated...
2024-04-25 16:59:21.452 [SpringApplicationShutdownHook] INFO  com.zaxxer.hikari.HikariDataSource.close - HikariPool-1 - Shutdown completed.
2024-04-25 21:59:16.133 [restartedMain] INFO  c.e.A.ApiBibliotecaMultimediaApplication.logStarting - Starting ApiBibliotecaMultimediaApplication using Java 21 with PID 3916 (C:\Users\Alberto\Desktop\TFG\API\API_biblioteca_multimedia\API_biblioteca_multimedia\target\classes started by Alberto in C:\Users\Alberto\Desktop\TFG\API\API_biblioteca_multimedia\API_biblioteca_multimedia)
2024-04-25 21:59:16.134 [restartedMain] INFO  c.e.A.ApiBibliotecaMultimediaApplication.logStartupProfileInfo - No active profile set, falling back to 1 default profile: "default"
2024-04-25 21:59:16.171 [restartedMain] INFO  o.s.b.d.e.DevToolsPropertyDefaultsPostProcessor.logTo - Devtools property defaults active! Set 'spring.devtools.add-properties' to 'false' to disable
2024-04-25 21:59:16.171 [restartedMain] INFO  o.s.b.d.e.DevToolsPropertyDefaultsPostProcessor.logTo - For additional web related logging consider setting the 'logging.level.web' property to 'DEBUG'
2024-04-25 21:59:16.860 [restartedMain] INFO  o.s.d.r.c.RepositoryConfigurationDelegate.registerRepositoriesIn - Bootstrapping Spring Data JPA repositories in DEFAULT mode.
2024-04-25 21:59:16.910 [restartedMain] INFO  o.s.d.r.c.RepositoryConfigurationDelegate.registerRepositoriesIn - Finished Spring Data repository scanning in 42 ms. Found 3 JPA repository interfaces.
2024-04-25 21:59:17.364 [restartedMain] INFO  o.s.b.w.e.tomcat.TomcatWebServer.initialize - Tomcat initialized with port 8080 (http)
2024-04-25 21:59:17.378 [restartedMain] INFO  o.a.catalina.core.StandardService.log - Starting service [Tomcat]
2024-04-25 21:59:17.379 [restartedMain] INFO  o.a.catalina.core.StandardEngine.log - Starting Servlet engine: [Apache Tomcat/10.1.20]
2024-04-25 21:59:17.426 [restartedMain] INFO  o.a.c.c.C.[Tomcat].[localhost].[/].log - Initializing Spring embedded WebApplicationContext
2024-04-25 21:59:17.427 [restartedMain] INFO  o.s.b.w.s.c.ServletWebServerApplicationContext.prepareWebApplicationContext - Root WebApplicationContext: initialization completed in 1256 ms
2024-04-25 21:59:17.551 [restartedMain] INFO  o.h.jpa.internal.util.LogHelper.logPersistenceUnitInformation - HHH000204: Processing PersistenceUnitInfo [name: default]
2024-04-25 21:59:17.618 [restartedMain] INFO  org.hibernate.Version.logVersion - HHH000412: Hibernate ORM core version 6.4.4.Final
2024-04-25 21:59:17.653 [restartedMain] INFO  o.h.c.i.RegionFactoryInitiator.initiateService - HHH000026: Second-level cache disabled
2024-04-25 21:59:17.866 [restartedMain] INFO  o.s.o.j.p.SpringPersistenceUnitInfo.addTransformer - No LoadTimeWeaver setup: ignoring JPA class transformer
2024-04-25 21:59:17.890 [restartedMain] INFO  com.zaxxer.hikari.HikariDataSource.getConnection - HikariPool-1 - Starting...
2024-04-25 21:59:17.969 [restartedMain] INFO  com.zaxxer.hikari.pool.HikariPool.checkFailFast - HikariPool-1 - Added connection org.mariadb.jdbc.Connection@202561f7
2024-04-25 21:59:17.970 [restartedMain] INFO  com.zaxxer.hikari.HikariDataSource.getConnection - HikariPool-1 - Start completed.
2024-04-25 21:59:18.735 [restartedMain] INFO  o.h.e.t.j.p.i.JtaPlatformInitiator.initiateService - HHH000489: No JTA platform available (set 'hibernate.transaction.jta.platform' to enable JTA platform integration)
2024-04-25 21:59:18.779 [restartedMain] DEBUG org.hibernate.SQL.logStatement - create table `contenido_guardadas` (`id_pelicula_guardada` bigint not null auto_increment, `id_contenido` integer, `id_user` integer, primary key (`id_pelicula_guardada`)) engine=InnoDB
2024-04-25 21:59:18.789 [restartedMain] DEBUG org.hibernate.SQL.logStatement - alter table if exists `contenido_guardadas` add constraint `FK12ydljoww0dfx0hl85c82fpm7` foreign key (`id_contenido`) references `contenido` (`id`)
2024-04-25 21:59:18.807 [restartedMain] DEBUG org.hibernate.SQL.logStatement - alter table if exists `contenido_guardadas` add constraint `FKgxpbc4astu7kpnom5lore8mw9` foreign key (`id_user`) references `user` (`id`)
2024-04-25 21:59:18.826 [restartedMain] INFO  o.s.o.j.LocalContainerEntityManagerFactoryBean.buildNativeEntityManagerFactory - Initialized JPA EntityManagerFactory for persistence unit 'default'
2024-04-25 21:59:19.214 [restartedMain] WARN  o.s.b.a.o.j.JpaBaseConfiguration$JpaWebConfiguration.openEntityManagerInViewInterceptor - spring.jpa.open-in-view is enabled by default. Therefore, database queries may be performed during view rendering. Explicitly configure spring.jpa.open-in-view to disable this warning
2024-04-25 21:59:19.751 [restartedMain] INFO  o.s.b.d.a.OptionalLiveReloadServer.startServer - LiveReload server is running on port 35729
2024-04-25 21:59:19.779 [restartedMain] INFO  o.s.b.w.e.tomcat.TomcatWebServer.start - Tomcat started on port 8080 (http) with context path ''
2024-04-25 21:59:19.786 [restartedMain] INFO  c.e.A.ApiBibliotecaMultimediaApplication.logStarted - Started ApiBibliotecaMultimediaApplication in 4.069 seconds (process running for 4.755)
2024-04-25 21:59:34.822 [http-nio-8080-exec-1] INFO  o.a.c.c.C.[Tomcat].[localhost].[/].log - Initializing Spring DispatcherServlet 'dispatcherServlet'
2024-04-25 21:59:34.823 [http-nio-8080-exec-1] INFO  o.s.web.servlet.DispatcherServlet.initServletBean - Initializing Servlet 'dispatcherServlet'
2024-04-25 21:59:34.824 [http-nio-8080-exec-1] INFO  o.s.web.servlet.DispatcherServlet.initServletBean - Completed initialization in 1 ms
2024-04-25 21:59:34.937 [http-nio-8080-exec-1] DEBUG org.hibernate.SQL.logStatement - select c1_0.`id`,c1_0.`anyo`,c1_0.`autor`,c1_0.`categoria`,c1_0.`comentario`,c1_0.`descripcion`,c1_0.`duracion`,c1_0.`genero`,c1_0.`puntuacion`,c1_0.`titulo`,c1_0.`url` from `contenido` c1_0
2024-04-25 21:59:49.084 [http-nio-8080-exec-6] INFO  o.s.api.AbstractOpenApiResource.getOpenApi - Init duration for springdoc-openapi is: 524 ms
2024-04-25 22:00:06.092 [http-nio-8080-exec-7] DEBUG org.hibernate.SQL.logStatement - select c1_0.`id`,c1_0.`anyo`,c1_0.`autor`,c1_0.`categoria`,c1_0.`comentario`,c1_0.`descripcion`,c1_0.`duracion`,c1_0.`genero`,c1_0.`puntuacion`,c1_0.`titulo`,c1_0.`url` from `contenido` c1_0
2024-04-25 22:00:22.481 [http-nio-8080-exec-8] DEBUG org.hibernate.SQL.logStatement - select c1_0.`id`,c1_0.`anyo`,c1_0.`autor`,c1_0.`categoria`,c1_0.`comentario`,c1_0.`descripcion`,c1_0.`duracion`,c1_0.`genero`,c1_0.`puntuacion`,c1_0.`titulo`,c1_0.`url` from `contenido` c1_0 where c1_0.`id`=?
2024-04-25 22:00:27.850 [http-nio-8080-exec-4] DEBUG org.hibernate.SQL.logStatement - select c1_0.`id`,c1_0.`anyo`,c1_0.`autor`,c1_0.`categoria`,c1_0.`comentario`,c1_0.`descripcion`,c1_0.`duracion`,c1_0.`genero`,c1_0.`puntuacion`,c1_0.`titulo`,c1_0.`url` from `contenido` c1_0 where c1_0.`id`=?
2024-04-25 22:00:27.854 [http-nio-8080-exec-4] WARN  o.s.w.s.m.m.a.ExceptionHandlerExceptionResolver.logException - Resolved [org.springframework.data.rest.webmvc.ResourceNotFoundException: EntityRepresentationModel not found]
2024-04-25 22:00:32.901 [SpringApplicationShutdownHook] INFO  o.s.o.j.LocalContainerEntityManagerFactoryBean.destroy - Closing JPA EntityManagerFactory for persistence unit 'default'
2024-04-25 22:00:32.904 [SpringApplicationShutdownHook] INFO  com.zaxxer.hikari.HikariDataSource.close - HikariPool-1 - Shutdown initiated...
2024-04-25 22:00:32.907 [SpringApplicationShutdownHook] INFO  com.zaxxer.hikari.HikariDataSource.close - HikariPool-1 - Shutdown completed.
