2024-05-19 20:30:44.962 [restartedMain] INFO  c.e.A.ApiBibliotecaMultimediaApplication.logStarting - Starting ApiBibliotecaMultimediaApplication using Java 21 with PID 17064 (C:\Users\Alberto\Desktop\TFG\API\API_biblioteca_multimedia\API_biblioteca_multimedia\target\classes started by Alberto in C:\Users\Alberto\Desktop\TFG\API\API_biblioteca_multimedia\API_biblioteca_multimedia)
2024-05-19 20:30:44.973 [restartedMain] INFO  c.e.A.ApiBibliotecaMultimediaApplication.logStartupProfileInfo - No active profile set, falling back to 1 default profile: "default"
2024-05-19 20:30:45.018 [restartedMain] INFO  o.s.b.d.e.DevToolsPropertyDefaultsPostProcessor.logTo - Devtools property defaults active! Set 'spring.devtools.add-properties' to 'false' to disable
2024-05-19 20:30:45.020 [restartedMain] INFO  o.s.b.d.e.DevToolsPropertyDefaultsPostProcessor.logTo - For additional web related logging consider setting the 'logging.level.web' property to 'DEBUG'
2024-05-19 20:30:45.750 [restartedMain] INFO  o.s.d.r.c.RepositoryConfigurationDelegate.registerRepositoriesIn - Bootstrapping Spring Data JPA repositories in DEFAULT mode.
2024-05-19 20:30:45.802 [restartedMain] INFO  o.s.d.r.c.RepositoryConfigurationDelegate.registerRepositoriesIn - Finished Spring Data repository scanning in 45 ms. Found 2 JPA repository interfaces.
2024-05-19 20:30:46.306 [restartedMain] INFO  o.s.b.w.e.tomcat.TomcatWebServer.initialize - Tomcat initialized with port 8080 (http)
2024-05-19 20:30:46.318 [restartedMain] INFO  o.a.catalina.core.StandardService.log - Starting service [Tomcat]
2024-05-19 20:30:46.318 [restartedMain] INFO  o.a.catalina.core.StandardEngine.log - Starting Servlet engine: [Apache Tomcat/10.1.20]
2024-05-19 20:30:46.364 [restartedMain] INFO  o.a.c.c.C.[Tomcat].[localhost].[/].log - Initializing Spring embedded WebApplicationContext
2024-05-19 20:30:46.364 [restartedMain] INFO  o.s.b.w.s.c.ServletWebServerApplicationContext.prepareWebApplicationContext - Root WebApplicationContext: initialization completed in 1343 ms
2024-05-19 20:30:46.498 [restartedMain] INFO  o.h.jpa.internal.util.LogHelper.logPersistenceUnitInformation - HHH000204: Processing PersistenceUnitInfo [name: default]
2024-05-19 20:30:46.570 [restartedMain] INFO  org.hibernate.Version.logVersion - HHH000412: Hibernate ORM core version 6.4.4.Final
2024-05-19 20:30:46.605 [restartedMain] INFO  o.h.c.i.RegionFactoryInitiator.initiateService - HHH000026: Second-level cache disabled
2024-05-19 20:30:46.840 [restartedMain] INFO  o.s.o.j.p.SpringPersistenceUnitInfo.addTransformer - No LoadTimeWeaver setup: ignoring JPA class transformer
2024-05-19 20:30:46.865 [restartedMain] INFO  com.zaxxer.hikari.HikariDataSource.getConnection - HikariPool-1 - Starting...
2024-05-19 20:30:46.944 [restartedMain] INFO  com.zaxxer.hikari.pool.HikariPool.checkFailFast - HikariPool-1 - Added connection org.mariadb.jdbc.Connection@3d2ad93f
2024-05-19 20:30:46.945 [restartedMain] INFO  com.zaxxer.hikari.HikariDataSource.getConnection - HikariPool-1 - Start completed.
2024-05-19 20:30:47.792 [restartedMain] INFO  o.h.e.t.j.p.i.JtaPlatformInitiator.initiateService - HHH000489: No JTA platform available (set 'hibernate.transaction.jta.platform' to enable JTA platform integration)
2024-05-19 20:30:47.852 [restartedMain] INFO  o.s.o.j.LocalContainerEntityManagerFactoryBean.buildNativeEntityManagerFactory - Initialized JPA EntityManagerFactory for persistence unit 'default'
2024-05-19 20:30:48.306 [restartedMain] WARN  o.s.b.a.o.j.JpaBaseConfiguration$JpaWebConfiguration.openEntityManagerInViewInterceptor - spring.jpa.open-in-view is enabled by default. Therefore, database queries may be performed during view rendering. Explicitly configure spring.jpa.open-in-view to disable this warning
2024-05-19 20:30:49.098 [restartedMain] INFO  o.s.b.d.a.OptionalLiveReloadServer.startServer - LiveReload server is running on port 35729
2024-05-19 20:30:49.150 [restartedMain] INFO  o.s.b.w.e.tomcat.TomcatWebServer.start - Tomcat started on port 8080 (http) with context path ''
2024-05-19 20:30:49.158 [restartedMain] INFO  c.e.A.ApiBibliotecaMultimediaApplication.logStarted - Started ApiBibliotecaMultimediaApplication in 4.632 seconds (process running for 5.522)
2024-05-19 20:31:31.450 [http-nio-8080-exec-1] INFO  o.a.c.c.C.[Tomcat].[localhost].[/].log - Initializing Spring DispatcherServlet 'dispatcherServlet'
2024-05-19 20:31:31.451 [http-nio-8080-exec-1] INFO  o.s.web.servlet.DispatcherServlet.initServletBean - Initializing Servlet 'dispatcherServlet'
2024-05-19 20:31:31.452 [http-nio-8080-exec-1] INFO  o.s.web.servlet.DispatcherServlet.initServletBean - Completed initialization in 1 ms
2024-05-19 20:31:31.561 [http-nio-8080-exec-1] DEBUG org.hibernate.SQL.logStatement - select u1_0.`id`,u1_0.`password`,u1_0.`username` from `user` u1_0
2024-05-19 20:31:31.580 [http-nio-8080-exec-1] DEBUG org.hibernate.SQL.logStatement - select c1_0.`user_id`,c1_1.`id`,c1_1.`anyo`,c1_1.`autor`,c1_1.`categoria`,c1_1.`comentario`,c1_1.`descripcion`,c1_1.`duracion`,c1_1.`genero`,c1_1.`puntuacion`,c1_1.`titulo`,c1_1.`url` from `contiene` c1_0 join `contenido` c1_1 on c1_1.`id`=c1_0.`contenido_id` where c1_0.`user_id`=?
2024-05-19 20:31:31.583 [http-nio-8080-exec-1] DEBUG org.hibernate.SQL.logStatement - select c1_0.`user_id`,c1_1.`id`,c1_1.`anyo`,c1_1.`autor`,c1_1.`categoria`,c1_1.`comentario`,c1_1.`descripcion`,c1_1.`duracion`,c1_1.`genero`,c1_1.`puntuacion`,c1_1.`titulo`,c1_1.`url` from `contiene` c1_0 join `contenido` c1_1 on c1_1.`id`=c1_0.`contenido_id` where c1_0.`user_id`=?
2024-05-19 20:31:31.584 [http-nio-8080-exec-1] DEBUG org.hibernate.SQL.logStatement - select c1_0.`user_id`,c1_1.`id`,c1_1.`anyo`,c1_1.`autor`,c1_1.`categoria`,c1_1.`comentario`,c1_1.`descripcion`,c1_1.`duracion`,c1_1.`genero`,c1_1.`puntuacion`,c1_1.`titulo`,c1_1.`url` from `contiene` c1_0 join `contenido` c1_1 on c1_1.`id`=c1_0.`contenido_id` where c1_0.`user_id`=?
2024-05-19 20:31:31.787 [http-nio-8080-exec-2] DEBUG org.hibernate.SQL.logStatement - select u1_0.`id`,u1_0.`password`,u1_0.`username`,c1_0.`user_id`,c1_1.`id`,c1_1.`anyo`,c1_1.`autor`,c1_1.`categoria`,c1_1.`comentario`,c1_1.`descripcion`,c1_1.`duracion`,c1_1.`genero`,c1_1.`puntuacion`,c1_1.`titulo`,c1_1.`url` from `user` u1_0 left join `contiene` c1_0 on u1_0.`id`=c1_0.`user_id` left join `contenido` c1_1 on c1_1.`id`=c1_0.`contenido_id` where u1_0.`id`=?
2024-05-19 20:39:28.167 [http-nio-8080-exec-4] DEBUG org.hibernate.SQL.logStatement - select u1_0.`id`,u1_0.`password`,u1_0.`username` from `user` u1_0
2024-05-19 20:39:28.169 [http-nio-8080-exec-4] DEBUG org.hibernate.SQL.logStatement - select c1_0.`user_id`,c1_1.`id`,c1_1.`anyo`,c1_1.`autor`,c1_1.`categoria`,c1_1.`comentario`,c1_1.`descripcion`,c1_1.`duracion`,c1_1.`genero`,c1_1.`puntuacion`,c1_1.`titulo`,c1_1.`url` from `contiene` c1_0 join `contenido` c1_1 on c1_1.`id`=c1_0.`contenido_id` where c1_0.`user_id`=?
2024-05-19 20:39:28.170 [http-nio-8080-exec-4] DEBUG org.hibernate.SQL.logStatement - select c1_0.`user_id`,c1_1.`id`,c1_1.`anyo`,c1_1.`autor`,c1_1.`categoria`,c1_1.`comentario`,c1_1.`descripcion`,c1_1.`duracion`,c1_1.`genero`,c1_1.`puntuacion`,c1_1.`titulo`,c1_1.`url` from `contiene` c1_0 join `contenido` c1_1 on c1_1.`id`=c1_0.`contenido_id` where c1_0.`user_id`=?
2024-05-19 20:39:28.171 [http-nio-8080-exec-4] DEBUG org.hibernate.SQL.logStatement - select c1_0.`user_id`,c1_1.`id`,c1_1.`anyo`,c1_1.`autor`,c1_1.`categoria`,c1_1.`comentario`,c1_1.`descripcion`,c1_1.`duracion`,c1_1.`genero`,c1_1.`puntuacion`,c1_1.`titulo`,c1_1.`url` from `contiene` c1_0 join `contenido` c1_1 on c1_1.`id`=c1_0.`contenido_id` where c1_0.`user_id`=?
2024-05-19 20:39:28.358 [http-nio-8080-exec-6] DEBUG org.hibernate.SQL.logStatement - select u1_0.`id`,u1_0.`password`,u1_0.`username`,c1_0.`user_id`,c1_1.`id`,c1_1.`anyo`,c1_1.`autor`,c1_1.`categoria`,c1_1.`comentario`,c1_1.`descripcion`,c1_1.`duracion`,c1_1.`genero`,c1_1.`puntuacion`,c1_1.`titulo`,c1_1.`url` from `user` u1_0 left join `contiene` c1_0 on u1_0.`id`=c1_0.`user_id` left join `contenido` c1_1 on c1_1.`id`=c1_0.`contenido_id` where u1_0.`id`=?
2024-05-19 22:23:42.599 [HikariPool-1 housekeeper] WARN  com.zaxxer.hikari.pool.HikariPool.run - HikariPool-1 - Thread starvation or clock leap detected (housekeeper delta=54m24s628ms176µs400ns).
2024-05-19 22:35:19.528 [HikariPool-1 housekeeper] WARN  com.zaxxer.hikari.pool.HikariPool.run - HikariPool-1 - Thread starvation or clock leap detected (housekeeper delta=7m33s785ms629µs300ns).
