2024-05-05 20:42:14.427 [restartedMain] INFO  c.e.A.ApiBibliotecaMultimediaApplication.logStarting - Starting ApiBibliotecaMultimediaApplication using Java 21 with PID 5920 (C:\Users\Alberto\Desktop\TFG\API\API_biblioteca_multimedia\API_biblioteca_multimedia\target\classes started by Alberto in C:\Users\Alberto\Desktop\TFG\API\API_biblioteca_multimedia\API_biblioteca_multimedia)
2024-05-05 20:42:14.438 [restartedMain] INFO  c.e.A.ApiBibliotecaMultimediaApplication.logStartupProfileInfo - No active profile set, falling back to 1 default profile: "default"
2024-05-05 20:42:14.494 [restartedMain] INFO  o.s.b.d.e.DevToolsPropertyDefaultsPostProcessor.logTo - Devtools property defaults active! Set 'spring.devtools.add-properties' to 'false' to disable
2024-05-05 20:42:14.496 [restartedMain] INFO  o.s.b.d.e.DevToolsPropertyDefaultsPostProcessor.logTo - For additional web related logging consider setting the 'logging.level.web' property to 'DEBUG'
2024-05-05 20:42:15.446 [restartedMain] INFO  o.s.d.r.c.RepositoryConfigurationDelegate.registerRepositoriesIn - Bootstrapping Spring Data JPA repositories in DEFAULT mode.
2024-05-05 20:42:15.517 [restartedMain] INFO  o.s.d.r.c.RepositoryConfigurationDelegate.registerRepositoriesIn - Finished Spring Data repository scanning in 62 ms. Found 2 JPA repository interfaces.
2024-05-05 20:42:16.309 [restartedMain] INFO  o.s.b.w.e.tomcat.TomcatWebServer.initialize - Tomcat initialized with port 8080 (http)
2024-05-05 20:42:16.322 [restartedMain] INFO  o.a.catalina.core.StandardService.log - Starting service [Tomcat]
2024-05-05 20:42:16.322 [restartedMain] INFO  o.a.catalina.core.StandardEngine.log - Starting Servlet engine: [Apache Tomcat/10.1.20]
2024-05-05 20:42:16.380 [restartedMain] INFO  o.a.c.c.C.[Tomcat].[localhost].[/].log - Initializing Spring embedded WebApplicationContext
2024-05-05 20:42:16.381 [restartedMain] INFO  o.s.b.w.s.c.ServletWebServerApplicationContext.prepareWebApplicationContext - Root WebApplicationContext: initialization completed in 1885 ms
2024-05-05 20:42:16.561 [restartedMain] INFO  o.h.jpa.internal.util.LogHelper.logPersistenceUnitInformation - HHH000204: Processing PersistenceUnitInfo [name: default]
2024-05-05 20:42:16.639 [restartedMain] INFO  org.hibernate.Version.logVersion - HHH000412: Hibernate ORM core version 6.4.4.Final
2024-05-05 20:42:16.680 [restartedMain] INFO  o.h.c.i.RegionFactoryInitiator.initiateService - HHH000026: Second-level cache disabled
2024-05-05 20:42:16.948 [restartedMain] INFO  o.s.o.j.p.SpringPersistenceUnitInfo.addTransformer - No LoadTimeWeaver setup: ignoring JPA class transformer
2024-05-05 20:42:16.977 [restartedMain] INFO  com.zaxxer.hikari.HikariDataSource.getConnection - HikariPool-1 - Starting...
2024-05-05 20:42:17.068 [restartedMain] INFO  com.zaxxer.hikari.pool.HikariPool.checkFailFast - HikariPool-1 - Added connection org.mariadb.jdbc.Connection@2f2fdb1b
2024-05-05 20:42:17.071 [restartedMain] INFO  com.zaxxer.hikari.HikariDataSource.getConnection - HikariPool-1 - Start completed.
2024-05-05 20:42:18.191 [restartedMain] INFO  o.h.e.t.j.p.i.JtaPlatformInitiator.initiateService - HHH000489: No JTA platform available (set 'hibernate.transaction.jta.platform' to enable JTA platform integration)
2024-05-05 20:42:18.246 [restartedMain] INFO  o.s.o.j.LocalContainerEntityManagerFactoryBean.buildNativeEntityManagerFactory - Initialized JPA EntityManagerFactory for persistence unit 'default'
2024-05-05 20:42:18.687 [restartedMain] WARN  o.s.b.a.o.j.JpaBaseConfiguration$JpaWebConfiguration.openEntityManagerInViewInterceptor - spring.jpa.open-in-view is enabled by default. Therefore, database queries may be performed during view rendering. Explicitly configure spring.jpa.open-in-view to disable this warning
2024-05-05 20:42:19.267 [restartedMain] INFO  o.s.b.d.a.OptionalLiveReloadServer.startServer - LiveReload server is running on port 35729
2024-05-05 20:42:19.300 [restartedMain] INFO  o.s.b.w.e.tomcat.TomcatWebServer.start - Tomcat started on port 8080 (http) with context path ''
2024-05-05 20:42:19.308 [restartedMain] INFO  c.e.A.ApiBibliotecaMultimediaApplication.logStarted - Started ApiBibliotecaMultimediaApplication in 5.375 seconds (process running for 6.661)
2024-05-05 20:43:20.065 [http-nio-8080-exec-1] INFO  o.a.c.c.C.[Tomcat].[localhost].[/].log - Initializing Spring DispatcherServlet 'dispatcherServlet'
2024-05-05 20:43:20.065 [http-nio-8080-exec-1] INFO  o.s.web.servlet.DispatcherServlet.initServletBean - Initializing Servlet 'dispatcherServlet'
2024-05-05 20:43:20.066 [http-nio-8080-exec-1] INFO  o.s.web.servlet.DispatcherServlet.initServletBean - Completed initialization in 1 ms
2024-05-05 20:43:20.173 [http-nio-8080-exec-1] DEBUG org.hibernate.SQL.logStatement - select u1_0.`id`,u1_0.`password`,u1_0.`username` from `user` u1_0
2024-05-05 20:43:20.191 [http-nio-8080-exec-1] DEBUG org.hibernate.SQL.logStatement - select c1_0.`user_id`,c1_1.`id`,c1_1.`anyo`,c1_1.`autor`,c1_1.`categoria`,c1_1.`comentario`,c1_1.`descripcion`,c1_1.`duracion`,c1_1.`genero`,c1_1.`puntuacion`,c1_1.`titulo`,c1_1.`url` from `contiene` c1_0 join `contenido` c1_1 on c1_1.`id`=c1_0.`contenido_id` where c1_0.`user_id`=?
2024-05-05 20:43:20.193 [http-nio-8080-exec-1] DEBUG org.hibernate.SQL.logStatement - select c1_0.`user_id`,c1_1.`id`,c1_1.`anyo`,c1_1.`autor`,c1_1.`categoria`,c1_1.`comentario`,c1_1.`descripcion`,c1_1.`duracion`,c1_1.`genero`,c1_1.`puntuacion`,c1_1.`titulo`,c1_1.`url` from `contiene` c1_0 join `contenido` c1_1 on c1_1.`id`=c1_0.`contenido_id` where c1_0.`user_id`=?
2024-05-05 20:43:20.194 [http-nio-8080-exec-1] DEBUG org.hibernate.SQL.logStatement - select c1_0.`user_id`,c1_1.`id`,c1_1.`anyo`,c1_1.`autor`,c1_1.`categoria`,c1_1.`comentario`,c1_1.`descripcion`,c1_1.`duracion`,c1_1.`genero`,c1_1.`puntuacion`,c1_1.`titulo`,c1_1.`url` from `contiene` c1_0 join `contenido` c1_1 on c1_1.`id`=c1_0.`contenido_id` where c1_0.`user_id`=?
2024-05-05 20:43:20.431 [http-nio-8080-exec-2] DEBUG org.hibernate.SQL.logStatement - select u1_0.`id`,u1_0.`password`,u1_0.`username`,c1_0.`user_id`,c1_1.`id`,c1_1.`anyo`,c1_1.`autor`,c1_1.`categoria`,c1_1.`comentario`,c1_1.`descripcion`,c1_1.`duracion`,c1_1.`genero`,c1_1.`puntuacion`,c1_1.`titulo`,c1_1.`url` from `user` u1_0 left join `contiene` c1_0 on u1_0.`id`=c1_0.`user_id` left join `contenido` c1_1 on c1_1.`id`=c1_0.`contenido_id` where u1_0.`id`=?
2024-05-05 20:45:43.759 [http-nio-8080-exec-5] DEBUG org.hibernate.SQL.logStatement - select u1_0.`id`,u1_0.`password`,u1_0.`username` from `user` u1_0
2024-05-05 20:45:43.762 [http-nio-8080-exec-5] DEBUG org.hibernate.SQL.logStatement - select c1_0.`user_id`,c1_1.`id`,c1_1.`anyo`,c1_1.`autor`,c1_1.`categoria`,c1_1.`comentario`,c1_1.`descripcion`,c1_1.`duracion`,c1_1.`genero`,c1_1.`puntuacion`,c1_1.`titulo`,c1_1.`url` from `contiene` c1_0 join `contenido` c1_1 on c1_1.`id`=c1_0.`contenido_id` where c1_0.`user_id`=?
2024-05-05 20:45:43.763 [http-nio-8080-exec-5] DEBUG org.hibernate.SQL.logStatement - select c1_0.`user_id`,c1_1.`id`,c1_1.`anyo`,c1_1.`autor`,c1_1.`categoria`,c1_1.`comentario`,c1_1.`descripcion`,c1_1.`duracion`,c1_1.`genero`,c1_1.`puntuacion`,c1_1.`titulo`,c1_1.`url` from `contiene` c1_0 join `contenido` c1_1 on c1_1.`id`=c1_0.`contenido_id` where c1_0.`user_id`=?
2024-05-05 20:45:43.764 [http-nio-8080-exec-5] DEBUG org.hibernate.SQL.logStatement - select c1_0.`user_id`,c1_1.`id`,c1_1.`anyo`,c1_1.`autor`,c1_1.`categoria`,c1_1.`comentario`,c1_1.`descripcion`,c1_1.`duracion`,c1_1.`genero`,c1_1.`puntuacion`,c1_1.`titulo`,c1_1.`url` from `contiene` c1_0 join `contenido` c1_1 on c1_1.`id`=c1_0.`contenido_id` where c1_0.`user_id`=?
2024-05-05 20:47:23.058 [http-nio-8080-exec-7] DEBUG org.hibernate.SQL.logStatement - select u1_0.`id`,u1_0.`password`,u1_0.`username` from `user` u1_0
2024-05-05 20:47:23.059 [http-nio-8080-exec-7] DEBUG org.hibernate.SQL.logStatement - select c1_0.`user_id`,c1_1.`id`,c1_1.`anyo`,c1_1.`autor`,c1_1.`categoria`,c1_1.`comentario`,c1_1.`descripcion`,c1_1.`duracion`,c1_1.`genero`,c1_1.`puntuacion`,c1_1.`titulo`,c1_1.`url` from `contiene` c1_0 join `contenido` c1_1 on c1_1.`id`=c1_0.`contenido_id` where c1_0.`user_id`=?
2024-05-05 20:47:23.060 [http-nio-8080-exec-7] DEBUG org.hibernate.SQL.logStatement - select c1_0.`user_id`,c1_1.`id`,c1_1.`anyo`,c1_1.`autor`,c1_1.`categoria`,c1_1.`comentario`,c1_1.`descripcion`,c1_1.`duracion`,c1_1.`genero`,c1_1.`puntuacion`,c1_1.`titulo`,c1_1.`url` from `contiene` c1_0 join `contenido` c1_1 on c1_1.`id`=c1_0.`contenido_id` where c1_0.`user_id`=?
2024-05-05 20:47:23.061 [http-nio-8080-exec-7] DEBUG org.hibernate.SQL.logStatement - select c1_0.`user_id`,c1_1.`id`,c1_1.`anyo`,c1_1.`autor`,c1_1.`categoria`,c1_1.`comentario`,c1_1.`descripcion`,c1_1.`duracion`,c1_1.`genero`,c1_1.`puntuacion`,c1_1.`titulo`,c1_1.`url` from `contiene` c1_0 join `contenido` c1_1 on c1_1.`id`=c1_0.`contenido_id` where c1_0.`user_id`=?
2024-05-05 20:47:23.219 [http-nio-8080-exec-8] DEBUG org.hibernate.SQL.logStatement - select u1_0.`id`,u1_0.`password`,u1_0.`username`,c1_0.`user_id`,c1_1.`id`,c1_1.`anyo`,c1_1.`autor`,c1_1.`categoria`,c1_1.`comentario`,c1_1.`descripcion`,c1_1.`duracion`,c1_1.`genero`,c1_1.`puntuacion`,c1_1.`titulo`,c1_1.`url` from `user` u1_0 left join `contiene` c1_0 on u1_0.`id`=c1_0.`user_id` left join `contenido` c1_1 on c1_1.`id`=c1_0.`contenido_id` where u1_0.`id`=?
2024-05-05 20:47:53.145 [http-nio-8080-exec-1] DEBUG org.hibernate.SQL.logStatement - select u1_0.`id`,u1_0.`password`,u1_0.`username` from `user` u1_0
2024-05-05 20:47:53.146 [http-nio-8080-exec-1] DEBUG org.hibernate.SQL.logStatement - select c1_0.`user_id`,c1_1.`id`,c1_1.`anyo`,c1_1.`autor`,c1_1.`categoria`,c1_1.`comentario`,c1_1.`descripcion`,c1_1.`duracion`,c1_1.`genero`,c1_1.`puntuacion`,c1_1.`titulo`,c1_1.`url` from `contiene` c1_0 join `contenido` c1_1 on c1_1.`id`=c1_0.`contenido_id` where c1_0.`user_id`=?
2024-05-05 20:47:53.147 [http-nio-8080-exec-1] DEBUG org.hibernate.SQL.logStatement - select c1_0.`user_id`,c1_1.`id`,c1_1.`anyo`,c1_1.`autor`,c1_1.`categoria`,c1_1.`comentario`,c1_1.`descripcion`,c1_1.`duracion`,c1_1.`genero`,c1_1.`puntuacion`,c1_1.`titulo`,c1_1.`url` from `contiene` c1_0 join `contenido` c1_1 on c1_1.`id`=c1_0.`contenido_id` where c1_0.`user_id`=?
2024-05-05 20:47:53.147 [http-nio-8080-exec-1] DEBUG org.hibernate.SQL.logStatement - select c1_0.`user_id`,c1_1.`id`,c1_1.`anyo`,c1_1.`autor`,c1_1.`categoria`,c1_1.`comentario`,c1_1.`descripcion`,c1_1.`duracion`,c1_1.`genero`,c1_1.`puntuacion`,c1_1.`titulo`,c1_1.`url` from `contiene` c1_0 join `contenido` c1_1 on c1_1.`id`=c1_0.`contenido_id` where c1_0.`user_id`=?
2024-05-05 20:47:53.327 [http-nio-8080-exec-2] DEBUG org.hibernate.SQL.logStatement - select u1_0.`id`,u1_0.`password`,u1_0.`username`,c1_0.`user_id`,c1_1.`id`,c1_1.`anyo`,c1_1.`autor`,c1_1.`categoria`,c1_1.`comentario`,c1_1.`descripcion`,c1_1.`duracion`,c1_1.`genero`,c1_1.`puntuacion`,c1_1.`titulo`,c1_1.`url` from `user` u1_0 left join `contiene` c1_0 on u1_0.`id`=c1_0.`user_id` left join `contenido` c1_1 on c1_1.`id`=c1_0.`contenido_id` where u1_0.`id`=?
2024-05-05 20:48:22.807 [http-nio-8080-exec-5] DEBUG org.hibernate.SQL.logStatement - select u1_0.`id`,u1_0.`password`,u1_0.`username` from `user` u1_0
2024-05-05 20:48:22.809 [http-nio-8080-exec-5] DEBUG org.hibernate.SQL.logStatement - select c1_0.`user_id`,c1_1.`id`,c1_1.`anyo`,c1_1.`autor`,c1_1.`categoria`,c1_1.`comentario`,c1_1.`descripcion`,c1_1.`duracion`,c1_1.`genero`,c1_1.`puntuacion`,c1_1.`titulo`,c1_1.`url` from `contiene` c1_0 join `contenido` c1_1 on c1_1.`id`=c1_0.`contenido_id` where c1_0.`user_id`=?
2024-05-05 20:48:22.810 [http-nio-8080-exec-5] DEBUG org.hibernate.SQL.logStatement - select c1_0.`user_id`,c1_1.`id`,c1_1.`anyo`,c1_1.`autor`,c1_1.`categoria`,c1_1.`comentario`,c1_1.`descripcion`,c1_1.`duracion`,c1_1.`genero`,c1_1.`puntuacion`,c1_1.`titulo`,c1_1.`url` from `contiene` c1_0 join `contenido` c1_1 on c1_1.`id`=c1_0.`contenido_id` where c1_0.`user_id`=?
2024-05-05 20:48:22.810 [http-nio-8080-exec-5] DEBUG org.hibernate.SQL.logStatement - select c1_0.`user_id`,c1_1.`id`,c1_1.`anyo`,c1_1.`autor`,c1_1.`categoria`,c1_1.`comentario`,c1_1.`descripcion`,c1_1.`duracion`,c1_1.`genero`,c1_1.`puntuacion`,c1_1.`titulo`,c1_1.`url` from `contiene` c1_0 join `contenido` c1_1 on c1_1.`id`=c1_0.`contenido_id` where c1_0.`user_id`=?
2024-05-05 20:48:22.967 [http-nio-8080-exec-6] DEBUG org.hibernate.SQL.logStatement - select u1_0.`id`,u1_0.`password`,u1_0.`username`,c1_0.`user_id`,c1_1.`id`,c1_1.`anyo`,c1_1.`autor`,c1_1.`categoria`,c1_1.`comentario`,c1_1.`descripcion`,c1_1.`duracion`,c1_1.`genero`,c1_1.`puntuacion`,c1_1.`titulo`,c1_1.`url` from `user` u1_0 left join `contiene` c1_0 on u1_0.`id`=c1_0.`user_id` left join `contenido` c1_1 on c1_1.`id`=c1_0.`contenido_id` where u1_0.`id`=?
2024-05-05 20:48:27.220 [http-nio-8080-exec-7] DEBUG org.hibernate.SQL.logStatement - select u1_0.`id`,u1_0.`password`,u1_0.`username`,c1_0.`user_id`,c1_1.`id`,c1_1.`anyo`,c1_1.`autor`,c1_1.`categoria`,c1_1.`comentario`,c1_1.`descripcion`,c1_1.`duracion`,c1_1.`genero`,c1_1.`puntuacion`,c1_1.`titulo`,c1_1.`url` from `user` u1_0 left join `contiene` c1_0 on u1_0.`id`=c1_0.`user_id` left join `contenido` c1_1 on c1_1.`id`=c1_0.`contenido_id` where u1_0.`id`=?
2024-05-05 20:48:47.908 [http-nio-8080-exec-1] DEBUG org.hibernate.SQL.logStatement - select u1_0.`id`,u1_0.`password`,u1_0.`username` from `user` u1_0
2024-05-05 20:48:47.910 [http-nio-8080-exec-1] DEBUG org.hibernate.SQL.logStatement - select c1_0.`user_id`,c1_1.`id`,c1_1.`anyo`,c1_1.`autor`,c1_1.`categoria`,c1_1.`comentario`,c1_1.`descripcion`,c1_1.`duracion`,c1_1.`genero`,c1_1.`puntuacion`,c1_1.`titulo`,c1_1.`url` from `contiene` c1_0 join `contenido` c1_1 on c1_1.`id`=c1_0.`contenido_id` where c1_0.`user_id`=?
2024-05-05 20:48:47.911 [http-nio-8080-exec-1] DEBUG org.hibernate.SQL.logStatement - select c1_0.`user_id`,c1_1.`id`,c1_1.`anyo`,c1_1.`autor`,c1_1.`categoria`,c1_1.`comentario`,c1_1.`descripcion`,c1_1.`duracion`,c1_1.`genero`,c1_1.`puntuacion`,c1_1.`titulo`,c1_1.`url` from `contiene` c1_0 join `contenido` c1_1 on c1_1.`id`=c1_0.`contenido_id` where c1_0.`user_id`=?
2024-05-05 20:48:47.912 [http-nio-8080-exec-1] DEBUG org.hibernate.SQL.logStatement - select c1_0.`user_id`,c1_1.`id`,c1_1.`anyo`,c1_1.`autor`,c1_1.`categoria`,c1_1.`comentario`,c1_1.`descripcion`,c1_1.`duracion`,c1_1.`genero`,c1_1.`puntuacion`,c1_1.`titulo`,c1_1.`url` from `contiene` c1_0 join `contenido` c1_1 on c1_1.`id`=c1_0.`contenido_id` where c1_0.`user_id`=?
2024-05-05 20:48:48.071 [http-nio-8080-exec-2] DEBUG org.hibernate.SQL.logStatement - select u1_0.`id`,u1_0.`password`,u1_0.`username`,c1_0.`user_id`,c1_1.`id`,c1_1.`anyo`,c1_1.`autor`,c1_1.`categoria`,c1_1.`comentario`,c1_1.`descripcion`,c1_1.`duracion`,c1_1.`genero`,c1_1.`puntuacion`,c1_1.`titulo`,c1_1.`url` from `user` u1_0 left join `contiene` c1_0 on u1_0.`id`=c1_0.`user_id` left join `contenido` c1_1 on c1_1.`id`=c1_0.`contenido_id` where u1_0.`id`=?
2024-05-05 20:49:50.210 [http-nio-8080-exec-5] DEBUG org.hibernate.SQL.logStatement - select u1_0.`id`,u1_0.`password`,u1_0.`username` from `user` u1_0
2024-05-05 20:49:50.212 [http-nio-8080-exec-5] DEBUG org.hibernate.SQL.logStatement - select c1_0.`user_id`,c1_1.`id`,c1_1.`anyo`,c1_1.`autor`,c1_1.`categoria`,c1_1.`comentario`,c1_1.`descripcion`,c1_1.`duracion`,c1_1.`genero`,c1_1.`puntuacion`,c1_1.`titulo`,c1_1.`url` from `contiene` c1_0 join `contenido` c1_1 on c1_1.`id`=c1_0.`contenido_id` where c1_0.`user_id`=?
2024-05-05 20:49:50.213 [http-nio-8080-exec-5] DEBUG org.hibernate.SQL.logStatement - select c1_0.`user_id`,c1_1.`id`,c1_1.`anyo`,c1_1.`autor`,c1_1.`categoria`,c1_1.`comentario`,c1_1.`descripcion`,c1_1.`duracion`,c1_1.`genero`,c1_1.`puntuacion`,c1_1.`titulo`,c1_1.`url` from `contiene` c1_0 join `contenido` c1_1 on c1_1.`id`=c1_0.`contenido_id` where c1_0.`user_id`=?
2024-05-05 20:49:50.213 [http-nio-8080-exec-5] DEBUG org.hibernate.SQL.logStatement - select c1_0.`user_id`,c1_1.`id`,c1_1.`anyo`,c1_1.`autor`,c1_1.`categoria`,c1_1.`comentario`,c1_1.`descripcion`,c1_1.`duracion`,c1_1.`genero`,c1_1.`puntuacion`,c1_1.`titulo`,c1_1.`url` from `contiene` c1_0 join `contenido` c1_1 on c1_1.`id`=c1_0.`contenido_id` where c1_0.`user_id`=?
2024-05-05 20:49:50.423 [http-nio-8080-exec-6] DEBUG org.hibernate.SQL.logStatement - select u1_0.`id`,u1_0.`password`,u1_0.`username`,c1_0.`user_id`,c1_1.`id`,c1_1.`anyo`,c1_1.`autor`,c1_1.`categoria`,c1_1.`comentario`,c1_1.`descripcion`,c1_1.`duracion`,c1_1.`genero`,c1_1.`puntuacion`,c1_1.`titulo`,c1_1.`url` from `user` u1_0 left join `contiene` c1_0 on u1_0.`id`=c1_0.`user_id` left join `contenido` c1_1 on c1_1.`id`=c1_0.`contenido_id` where u1_0.`id`=?
2024-05-05 20:50:22.599 [http-nio-8080-exec-7] DEBUG org.hibernate.SQL.logStatement - select u1_0.`id`,u1_0.`password`,u1_0.`username`,c1_0.`user_id`,c1_1.`id`,c1_1.`anyo`,c1_1.`autor`,c1_1.`categoria`,c1_1.`comentario`,c1_1.`descripcion`,c1_1.`duracion`,c1_1.`genero`,c1_1.`puntuacion`,c1_1.`titulo`,c1_1.`url` from `user` u1_0 left join `contiene` c1_0 on u1_0.`id`=c1_0.`user_id` left join `contenido` c1_1 on c1_1.`id`=c1_0.`contenido_id` where u1_0.`id`=?
2024-05-05 20:50:55.131 [http-nio-8080-exec-3] DEBUG org.hibernate.SQL.logStatement - select u1_0.`id`,u1_0.`password`,u1_0.`username`,c1_0.`user_id`,c1_1.`id`,c1_1.`anyo`,c1_1.`autor`,c1_1.`categoria`,c1_1.`comentario`,c1_1.`descripcion`,c1_1.`duracion`,c1_1.`genero`,c1_1.`puntuacion`,c1_1.`titulo`,c1_1.`url` from `user` u1_0 left join `contiene` c1_0 on u1_0.`id`=c1_0.`user_id` left join `contenido` c1_1 on c1_1.`id`=c1_0.`contenido_id` where u1_0.`id`=?
2024-05-05 20:51:38.515 [http-nio-8080-exec-9] DEBUG org.hibernate.SQL.logStatement - select u1_0.`id`,u1_0.`password`,u1_0.`username`,c1_0.`user_id`,c1_1.`id`,c1_1.`anyo`,c1_1.`autor`,c1_1.`categoria`,c1_1.`comentario`,c1_1.`descripcion`,c1_1.`duracion`,c1_1.`genero`,c1_1.`puntuacion`,c1_1.`titulo`,c1_1.`url` from `user` u1_0 left join `contiene` c1_0 on u1_0.`id`=c1_0.`user_id` left join `contenido` c1_1 on c1_1.`id`=c1_0.`contenido_id` where u1_0.`id`=?
2024-05-05 21:22:42.640 [http-nio-8080-exec-1] DEBUG org.hibernate.SQL.logStatement - select u1_0.`id`,u1_0.`password`,u1_0.`username` from `user` u1_0
2024-05-05 21:22:42.642 [http-nio-8080-exec-1] DEBUG org.hibernate.SQL.logStatement - select c1_0.`user_id`,c1_1.`id`,c1_1.`anyo`,c1_1.`autor`,c1_1.`categoria`,c1_1.`comentario`,c1_1.`descripcion`,c1_1.`duracion`,c1_1.`genero`,c1_1.`puntuacion`,c1_1.`titulo`,c1_1.`url` from `contiene` c1_0 join `contenido` c1_1 on c1_1.`id`=c1_0.`contenido_id` where c1_0.`user_id`=?
2024-05-05 21:22:42.643 [http-nio-8080-exec-1] DEBUG org.hibernate.SQL.logStatement - select c1_0.`user_id`,c1_1.`id`,c1_1.`anyo`,c1_1.`autor`,c1_1.`categoria`,c1_1.`comentario`,c1_1.`descripcion`,c1_1.`duracion`,c1_1.`genero`,c1_1.`puntuacion`,c1_1.`titulo`,c1_1.`url` from `contiene` c1_0 join `contenido` c1_1 on c1_1.`id`=c1_0.`contenido_id` where c1_0.`user_id`=?
2024-05-05 21:22:42.644 [http-nio-8080-exec-1] DEBUG org.hibernate.SQL.logStatement - select c1_0.`user_id`,c1_1.`id`,c1_1.`anyo`,c1_1.`autor`,c1_1.`categoria`,c1_1.`comentario`,c1_1.`descripcion`,c1_1.`duracion`,c1_1.`genero`,c1_1.`puntuacion`,c1_1.`titulo`,c1_1.`url` from `contiene` c1_0 join `contenido` c1_1 on c1_1.`id`=c1_0.`contenido_id` where c1_0.`user_id`=?
2024-05-05 21:22:42.828 [http-nio-8080-exec-2] DEBUG org.hibernate.SQL.logStatement - select u1_0.`id`,u1_0.`password`,u1_0.`username`,c1_0.`user_id`,c1_1.`id`,c1_1.`anyo`,c1_1.`autor`,c1_1.`categoria`,c1_1.`comentario`,c1_1.`descripcion`,c1_1.`duracion`,c1_1.`genero`,c1_1.`puntuacion`,c1_1.`titulo`,c1_1.`url` from `user` u1_0 left join `contiene` c1_0 on u1_0.`id`=c1_0.`user_id` left join `contenido` c1_1 on c1_1.`id`=c1_0.`contenido_id` where u1_0.`id`=?
2024-05-05 22:27:51.257 [HikariPool-1 housekeeper] WARN  com.zaxxer.hikari.pool.HikariPool.run - HikariPool-1 - Thread starvation or clock leap detected (housekeeper delta=6m32s531ms211µs300ns).
